#
# There is insufficient memory for the Java Runtime Environment to continue.
# Native memory allocation (mmap) failed to map 53477376 bytes for Failed to commit area from 0x0000000713200000 to 0x0000000716500000 of length 53477376.
# Possible reasons:
#   The system is out of physical RAM or swap space
#   The process is running with CompressedOops enabled, and the Java Heap may be blocking the growth of the native heap
# Possible solutions:
#   Reduce memory load on the system
#   Increase physical memory or swap space
#   Check if swap backing store is full
#   Decrease Java heap size (-Xmx/-Xms)
#   Decrease number of Java threads
#   Decrease Java thread stack sizes (-Xss)
#   Set larger code cache with -XX:ReservedCodeCacheSize=
#   JVM is running with Zero Based Compressed Oops mode in which the Java heap is
#     placed in the first 32GB address space. The Java Heap base address is the
#     maximum limit for the native heap growth. Please use -XX:HeapBaseMinAddress
#     to set the Java Heap base and to place the Java Heap above 32GB virtual address.
# This output file may be truncated or incomplete.
#
#  Out of Memory Error (t:/workspace/open/src/hotspot/os/windows/os_windows.cpp:3269), pid=130648, tid=50436
#
# JRE version: OpenJDK Runtime Environment (11.0.2+9) (build 11.0.2+9)
# Java VM: OpenJDK 64-Bit Server VM (11.0.2+9, mixed mode, tiered, compressed oops, g1 gc, windows-amd64)
# No core dump will be written. Minidumps are not enabled by default on client versions of Windows
#

---------------  S U M M A R Y ------------

Command Line: -Djavafx.embed.singleThread=true 

Host: Intel(R) Core(TM) i7-10510U CPU @ 1.80GHz, 8 cores, 15G,  Windows 10 , 64 bit Build 18362 (10.0.18362.1316)
Time: Tue May  4 20:19:48 2021 Eastern Daylight Time elapsed time: 2 seconds (0d 0h 0m 2s)

---------------  T H R E A D  ---------------

Current thread (0x00000000270f1800):  VMThread "VM Thread" [stack: 0x0000000028100000,0x0000000028300000] [id=50436]

Stack: [0x0000000028100000,0x0000000028300000]
[error occurred during error reporting (printing stack bounds), id 0xc0000005, EXCEPTION_ACCESS_VIOLATION (0xc0000005) at pc=0x000000000b5d0bad]

Native frames: (J=compiled Java code, j=interpreted, Vv=VM code, C=native code)
V  [jvm.dll+0x63489a]
V  [jvm.dll+0x771f9f]
V  [jvm.dll+0x773648]
V  [jvm.dll+0x773c65]
V  [jvm.dll+0x773c1b]
V  [jvm.dll+0x633fa6]
V  [jvm.dll+0x634368]
C  [ntdll.dll+0xa184f]
C  [ntdll.dll+0x6a889]
C  [ntdll.dll+0xa04be]
C  0x000000000b5d0bad

VM_Operation (0x000000004193eb50): G1CollectForAllocation, mode: safepoint, requested by thread 0x0000000037a5a000


---------------  P R O C E S S  ---------------

Threads class SMR info:
_java_thread_list=0x0000000037a3dd30, length=45, elements={
0x00000000032d5000, 0x0000000027da7000, 0x0000000027db0000, 0x0000000027e10000,
0x0000000027e13000, 0x0000000027db8800, 0x0000000027dc7800, 0x00000000270f8000,
0x0000000027f81000, 0x0000000027f8b800, 0x0000000029994000, 0x0000000029a5c000,
0x0000000029b25800, 0x0000000029b26800, 0x0000000029cfd800, 0x0000000029cfe800,
0x0000000029d4d000, 0x0000000031bfd000, 0x0000000031bfa800, 0x0000000031bf9800,
0x0000000036ef3800, 0x0000000031bfb800, 0x0000000031bf9000, 0x0000000031bfc000,
0x0000000031bf8000, 0x0000000031bfe000, 0x0000000031bfe800, 0x0000000037a4c800,
0x0000000037a4d800, 0x0000000037a4f000, 0x0000000037a51000, 0x0000000037a51800,
0x0000000037a52800, 0x0000000037a53000, 0x0000000037a54000, 0x0000000037a4e800,
0x0000000037a55000, 0x0000000037a55800, 0x0000000037a50000, 0x0000000037a59000,
0x0000000037a57800, 0x0000000037a56800, 0x0000000037a5a000, 0x0000000037a58000,
0x0000000037a5a800
}

Java Threads: ( => current thread )
  0x00000000032d5000 JavaThread "main" [_thread_blocked, id=121640, stack(0x00000000004e0000,0x00000000006e0000)]
  0x0000000027da7000 JavaThread "Reference Handler" daemon [_thread_blocked, id=72072, stack(0x0000000028300000,0x0000000028500000)]
  0x0000000027db0000 JavaThread "Finalizer" daemon [_thread_blocked, id=24276, stack(0x0000000028500000,0x0000000028700000)]
  0x0000000027e10000 JavaThread "Signal Dispatcher" daemon [_thread_blocked, id=137264, stack(0x0000000028800000,0x0000000028a00000)]
  0x0000000027e13000 JavaThread "Attach Listener" daemon [_thread_blocked, id=105624, stack(0x0000000028a00000,0x0000000028c00000)]
  0x0000000027db8800 JavaThread "C2 CompilerThread0" daemon [_thread_blocked, id=87408, stack(0x0000000028c00000,0x0000000028e00000)]
  0x0000000027dc7800 JavaThread "C1 CompilerThread0" daemon [_thread_blocked, id=68440, stack(0x0000000028e00000,0x0000000029000000)]
  0x00000000270f8000 JavaThread "Sweeper thread" daemon [_thread_blocked, id=22644, stack(0x0000000029000000,0x0000000029200000)]
  0x0000000027f81000 JavaThread "Service Thread" daemon [_thread_blocked, id=10976, stack(0x0000000029200000,0x0000000029400000)]
  0x0000000027f8b800 JavaThread "Common-Cleaner" daemon [_thread_blocked, id=107812, stack(0x0000000029600000,0x0000000029800000)]
  0x0000000029994000 JavaThread "JavaFX-Launcher" [_thread_blocked, id=67424, stack(0x000000002a000000,0x000000002a200000)]
  0x0000000029a5c000 JavaThread "QuantumRenderer-0" daemon [_thread_blocked, id=10172, stack(0x000000002a2e0000,0x000000002a4e0000)]
  0x0000000029b25800 JavaThread "InvokeLaterDispatcher" daemon [_thread_blocked, id=130596, stack(0x000000002a6e0000,0x000000002a8e0000)]
  0x0000000029b26800 JavaThread "JavaFX Application Thread" [_thread_in_native, id=58248, stack(0x000000002a8e0000,0x000000002aae0000)]
  0x0000000029cfd800 JavaThread "C2 CompilerThread1" daemon [_thread_blocked, id=72628, stack(0x00000000317c0000,0x00000000319c0000)]
  0x0000000029cfe800 JavaThread "Thread-2" daemon [_thread_blocked, id=28808, stack(0x0000000031480000,0x0000000031680000)]
  0x0000000029d4d000 JavaThread "Java2D Disposer" daemon [_thread_blocked, id=76336, stack(0x0000000032b90000,0x0000000032d90000)]
  0x0000000031bfd000 JavaThread "AWT-Shutdown" [_thread_blocked, id=70604, stack(0x0000000032d90000,0x0000000032f90000)]
  0x0000000031bfa800 JavaThread "AWT-Windows" daemon [_thread_in_native, id=113404, stack(0x0000000032f90000,0x0000000033190000)]
  0x0000000031bf9800 JavaThread "Thread-3" [_thread_blocked, id=74220, stack(0x00000000331a0000,0x00000000333a0000)]
  0x0000000036ef3800 JavaThread "C2 CompilerThread2" daemon [_thread_in_native, id=980, stack(0x00000000384e0000,0x00000000386e0000)]
  0x0000000031bfb800 JavaThread "AWT-EventQueue-0" [_thread_blocked, id=107300, stack(0x00000000386e0000,0x00000000388e0000)]
  0x0000000031bf9000 JavaThread "TimerQueue" daemon [_thread_blocked, id=60124, stack(0x000000003ac70000,0x000000003ae70000)]
  0x0000000031bfc000 JavaThread "Image Fetcher 0" daemon [_thread_blocked, id=120912, stack(0x000000003ae70000,0x000000003b070000)]
  0x0000000031bf8000 JavaThread "Keep-Alive-Timer" daemon [_thread_blocked, id=124272, stack(0x0000000035c40000,0x0000000035e40000)]
  0x0000000031bfe000 JavaThread "Prism Font Disposer" daemon [_thread_blocked, id=111752, stack(0x00000000388e0000,0x0000000038ae0000)]
  0x0000000031bfe800 JavaThread "Thread-6" [_thread_blocked, id=80740, stack(0x000000003e240000,0x000000003e440000)]
  0x0000000037a4c800 JavaThread "Thread-7" [_thread_blocked, id=118484, stack(0x000000003e440000,0x000000003e640000)]
  0x0000000037a4d800 JavaThread "Thread-8" [_thread_blocked, id=29992, stack(0x000000003f960000,0x000000003fb60000)]
  0x0000000037a4f000 JavaThread "Timer-0" [_thread_blocked, id=119732, stack(0x000000003fb60000,0x000000003fd60000)]
  0x0000000037a51000 JavaThread "JDI Internal Event Handler" daemon [_thread_blocked, id=133980, stack(0x0000000040740000,0x0000000040940000)]
  0x0000000037a51800 JavaThread "JDI Target VM Interface" daemon [_thread_blocked, id=10868, stack(0x0000000040940000,0x0000000040b40000)]
  0x0000000037a52800 JavaThread "BlueJ I/O Handler" [_thread_in_native, id=56304, stack(0x0000000040d40000,0x0000000040f40000)]
  0x0000000037a53000 JavaThread "BlueJ I/O Handler" [_thread_in_native, id=13920, stack(0x0000000040f40000,0x0000000041140000)]
  0x0000000037a54000 JavaThread "BlueJ I/O Handler" [_thread_blocked, id=108272, stack(0x0000000041140000,0x0000000041340000)]
  0x0000000037a4e800 JavaThread "Thread-10" [_thread_blocked, id=73920, stack(0x0000000041340000,0x0000000041540000)]
  0x0000000037a55000 JavaThread "vm-event-handler" [_thread_blocked, id=81416, stack(0x0000000041540000,0x0000000041740000)]
  0x0000000037a55800 JavaThread "ClassGraph-worker-0" daemon [_thread_blocked, id=99116, stack(0x0000000038ee0000,0x00000000390e0000)]
  0x0000000037a50000 JavaThread "Cleaner-0" daemon [_thread_blocked, id=6316, stack(0x00000000390e0000,0x00000000392e0000)]
  0x0000000037a59000 JavaThread "ClassGraph-worker-1" daemon [_thread_blocked, id=46848, stack(0x00000000392e0000,0x00000000394e0000)]
  0x0000000037a57800 JavaThread "ClassGraph-worker-2" daemon [_thread_blocked, id=126112, stack(0x000000003ff60000,0x0000000040160000)]
  0x0000000037a56800 JavaThread "ClassGraph-worker-3" daemon [_thread_blocked, id=108252, stack(0x0000000040510000,0x0000000040710000)]
  0x0000000037a5a000 JavaThread "ClassGraph-worker-4" daemon [_thread_blocked, id=81200, stack(0x0000000041740000,0x0000000041940000)]
  0x0000000037a58000 JavaThread "ClassGraph-worker-5" daemon [_thread_blocked, id=94148, stack(0x0000000041940000,0x0000000041b40000)]
  0x0000000037a5a800 JavaThread "ClassGraph-worker-6" daemon [_thread_blocked, id=92156, stack(0x0000000041b40000,0x0000000041d40000)]

Other Threads:
=>0x00000000270f1800 VMThread "VM Thread" [stack: 0x0000000028100000,0x0000000028300000] [id=50436]
  0x0000000027fb6800 WatcherThread [stack: 0x0000000029400000,0x0000000029600000] [id=136488]
  0x00000000032ec000 GCTaskThread "GC Thread#0" [stack: 0x0000000002c70000,0x0000000002e70000] [id=109340]
  0x0000000031a83800 GCTaskThread "GC Thread#1" [stack: 0x00000000335a0000,0x00000000337a0000] [id=138840]
  0x0000000031e56000 GCTaskThread "GC Thread#2" [stack: 0x00000000337a0000,0x00000000339a0000] [id=85100]
  0x0000000031db3800 GCTaskThread "GC Thread#3" [stack: 0x00000000339a0000,0x0000000033ba0000] [id=69972]
  0x0000000031c58000 GCTaskThread "GC Thread#4" [stack: 0x0000000033ba0000,0x0000000033da0000] [id=128020]
  0x0000000031e5f000 GCTaskThread "GC Thread#5" [stack: 0x0000000033da0000,0x0000000033fa0000] [id=68800]
  0x0000000031e60000 GCTaskThread "GC Thread#6" [stack: 0x0000000033fa0000,0x00000000341a0000] [id=55884]
  0x00000000299b3000 GCTaskThread "GC Thread#7" [stack: 0x00000000341a0000,0x00000000343a0000] [id=14784]
  0x0000000003347000 ConcurrentGCThread "G1 Main Marker" [stack: 0x0000000024260000,0x0000000024460000] [id=56580]
  0x0000000003348800 ConcurrentGCThread "G1 Conc#0" [stack: 0x0000000024460000,0x0000000024660000] [id=17784]
  0x00000000367f0000 ConcurrentGCThread "G1 Conc#1" [stack: 0x0000000038ae0000,0x0000000038ce0000] [id=85424]
  0x0000000026fdc800 ConcurrentGCThread "G1 Refine#0" [stack: 0x0000000027100000,0x0000000027300000] [id=95240]
  0x000000002998a000 ConcurrentGCThread "G1 Refine#1" [stack: 0x00000000343a0000,0x00000000345a0000] [id=82256]
  0x0000000029a52000 ConcurrentGCThread "G1 Refine#2" [stack: 0x0000000041f40000,0x0000000042140000] [id=73108]
  0x0000000026fde800 ConcurrentGCThread "G1 Young RemSet Sampling" [stack: 0x0000000027300000,0x0000000027500000] [id=60860]

Threads with active compile tasks:
C2 CompilerThread03688       4       java.util.concurrent.ConcurrentLinkedQueue::offer (120 bytes)
C2 CompilerThread13559 %     4       io.github.classgraph.ClassfileBinaryParser::readClassInfoFromClassfileHeader @ 121 (2310 bytes)
C2 CompilerThread23634   !   4       java.util.zip.InflaterInputStream::read (138 bytes)

VM state:at safepoint (normal execution)

VM Mutex/Monitor currently owned by a thread:  ([mutex/lock_event])
[0x00000000032d0e40] Threads_lock - owner thread: 0x00000000270f1800
[0x00000000032d0c90] Heap_lock - owner thread: 0x0000000037a5a000

Heap address: 0x0000000703400000, size: 4044 MB, Compressed Oops mode: Zero based, Oop shift amount: 3
Narrow klass base: 0x0000000800000000, Narrow klass shift: 0
Compressed class space size: 1073741824 Address: 0x0000000800000000

Heap:
 garbage-first heap   total 312320K, used 24649K [0x0000000703400000, 0x0000000800000000)
  region size 1024K, 10 young (10240K), 10 survivors (10240K)
 Metaspace       used 46363K, capacity 48625K, committed 48892K, reserved 1091584K
  class space    used 6404K, capacity 7365K, committed 7424K, reserved 1048576K
Heap Regions: E=young(eden), S=young(survivor), O=old, HS=humongous(starts), HC=humongous(continues), CS=collection set, F=free, A=archive, TAMS=top-at-mark-start (previous, next)
|   0|0x0000000703400000, 0x0000000703500000, 0x0000000703500000|100%|HS|  |TAMS 0x0000000703500000, 0x0000000703400000| Complete 
|   1|0x0000000703500000, 0x0000000703600000, 0x0000000703600000|100%| O|  |TAMS 0x0000000703600000, 0x0000000703500000| Untracked 
|   2|0x0000000703600000, 0x0000000703700000, 0x0000000703700000|100%| O|  |TAMS 0x0000000703700000, 0x0000000703600000| Untracked 
|   3|0x0000000703700000, 0x0000000703800000, 0x0000000703800000|100%| O|  |TAMS 0x0000000703800000, 0x0000000703700000| Untracked 
|   4|0x0000000703800000, 0x0000000703900000, 0x0000000703900000|100%| O|  |TAMS 0x0000000703900000, 0x0000000703800000| Untracked 
|   5|0x0000000703900000, 0x0000000703a00000, 0x0000000703a00000|100%| O|  |TAMS 0x0000000703991200, 0x0000000703900000| Untracked 
|   6|0x0000000703a00000, 0x0000000703b00000, 0x0000000703b00000|100%|HS|  |TAMS 0x0000000703a00000, 0x0000000703a00000| Complete 
|   7|0x0000000703b00000, 0x0000000703c00000, 0x0000000703c00000|100%|HC|  |TAMS 0x0000000703b00000, 0x0000000703b00000| Complete 
|   8|0x0000000703c00000, 0x0000000703d00000, 0x0000000703d00000|100%| O|  |TAMS 0x0000000703c00000, 0x0000000703c00000| Untracked 
|   9|0x0000000703d00000, 0x0000000703e00000, 0x0000000703e00000|100%| O|  |TAMS 0x0000000703d00000, 0x0000000703d00000| Untracked 
|  10|0x0000000703e00000, 0x0000000703f00000, 0x0000000703f00000|100%| O|  |TAMS 0x0000000703e00000, 0x0000000703e00000| Untracked 
|  11|0x0000000703f00000, 0x0000000704000000, 0x0000000704000000|100%| O|  |TAMS 0x0000000703f00000, 0x0000000703f00000| Untracked 
|  12|0x0000000704000000, 0x0000000704100000, 0x0000000704100000|100%| O|  |TAMS 0x0000000704000000, 0x0000000704000000| Untracked 
|  13|0x0000000704100000, 0x0000000704200000, 0x0000000704200000|100%| O|  |TAMS 0x0000000704100000, 0x0000000704100000| Untracked 
|  14|0x0000000704200000, 0x000000070421c600, 0x0000000704300000| 11%| O|  |TAMS 0x0000000704200000, 0x0000000704200000| Untracked 
|  15|0x0000000704300000, 0x0000000704300000, 0x0000000704400000|  0%| F|  |TAMS 0x0000000704300000, 0x0000000704300000| Untracked 
|  16|0x0000000704400000, 0x0000000704400000, 0x0000000704500000|  0%| F|  |TAMS 0x0000000704400000, 0x0000000704400000| Untracked 
|  17|0x0000000704500000, 0x0000000704500000, 0x0000000704600000|  0%| F|  |TAMS 0x0000000704500000, 0x0000000704500000| Untracked 
|  18|0x0000000704600000, 0x0000000704600000, 0x0000000704700000|  0%| F|  |TAMS 0x0000000704600000, 0x0000000704600000| Untracked 
|  19|0x0000000704700000, 0x0000000704700000, 0x0000000704800000|  0%| F|  |TAMS 0x0000000704700000, 0x0000000704700000| Untracked 
|  20|0x0000000704800000, 0x0000000704800000, 0x0000000704900000|  0%| F|  |TAMS 0x0000000704800000, 0x0000000704800000| Untracked 
|  21|0x0000000704900000, 0x0000000704900000, 0x0000000704a00000|  0%| F|  |TAMS 0x0000000704900000, 0x0000000704900000| Untracked 
|  22|0x0000000704a00000, 0x0000000704a00000, 0x0000000704b00000|  0%| F|  |TAMS 0x0000000704a00000, 0x0000000704a00000| Untracked 
|  23|0x0000000704b00000, 0x0000000704b00000, 0x0000000704c00000|  0%| F|  |TAMS 0x0000000704b00000, 0x0000000704b00000| Untracked 
|  24|0x0000000704c00000, 0x0000000704c00000, 0x0000000704d00000|  0%| F|  |TAMS 0x0000000704c00000, 0x0000000704c00000| Untracked 
|  25|0x0000000704d00000, 0x0000000704d00000, 0x0000000704e00000|  0%| F|  |TAMS 0x0000000704d00000, 0x0000000704d00000| Untracked 
|  26|0x0000000704e00000, 0x0000000704e00000, 0x0000000704f00000|  0%| F|  |TAMS 0x0000000704e00000, 0x0000000704e00000| Untracked 
|  27|0x0000000704f00000, 0x0000000704f00000, 0x0000000705000000|  0%| F|  |TAMS 0x0000000704f00000, 0x0000000704f00000| Untracked 
|  28|0x0000000705000000, 0x0000000705000000, 0x0000000705100000|  0%| F|  |TAMS 0x0000000705000000, 0x0000000705000000| Untracked 
|  29|0x0000000705100000, 0x0000000705100000, 0x0000000705200000|  0%| F|  |TAMS 0x0000000705100000, 0x0000000705100000| Untracked 
|  30|0x0000000705200000, 0x0000000705200000, 0x0000000705300000|  0%| F|  |TAMS 0x0000000705200000, 0x0000000705200000| Untracked 
|  31|0x0000000705300000, 0x0000000705300000, 0x0000000705400000|  0%| F|  |TAMS 0x0000000705300000, 0x0000000705300000| Untracked 
|  32|0x0000000705400000, 0x0000000705400000, 0x0000000705500000|  0%| F|  |TAMS 0x0000000705400000, 0x0000000705400000| Untracked 
|  33|0x0000000705500000, 0x0000000705500000, 0x0000000705600000|  0%| F|  |TAMS 0x0000000705500000, 0x0000000705500000| Untracked 
|  34|0x0000000705600000, 0x0000000705600000, 0x0000000705700000|  0%| F|  |TAMS 0x0000000705600000, 0x0000000705600000| Untracked 
|  35|0x0000000705700000, 0x0000000705700000, 0x0000000705800000|  0%| F|  |TAMS 0x0000000705700000, 0x0000000705700000| Untracked 
|  36|0x0000000705800000, 0x0000000705800000, 0x0000000705900000|  0%| F|  |TAMS 0x0000000705800000, 0x0000000705800000| Untracked 
|  37|0x0000000705900000, 0x0000000705900000, 0x0000000705a00000|  0%| F|  |TAMS 0x0000000705900000, 0x0000000705900000| Untracked 
|  38|0x0000000705a00000, 0x0000000705a00000, 0x0000000705b00000|  0%| F|  |TAMS 0x0000000705a00000, 0x0000000705a00000| Untracked 
|  39|0x0000000705b00000, 0x0000000705b00000, 0x0000000705c00000|  0%| F|  |TAMS 0x0000000705b00000, 0x0000000705b00000| Untracked 
|  40|0x0000000705c00000, 0x0000000705c00000, 0x0000000705d00000|  0%| F|  |TAMS 0x0000000705c00000, 0x0000000705c00000| Untracked 
|  41|0x0000000705d00000, 0x0000000705d00000, 0x0000000705e00000|  0%| F|  |TAMS 0x0000000705d00000, 0x0000000705d00000| Untracked 
|  42|0x0000000705e00000, 0x0000000705e00000, 0x0000000705f00000|  0%| F|  |TAMS 0x0000000705e00000, 0x0000000705e00000| Untracked 
|  43|0x0000000705f00000, 0x0000000705f00000, 0x0000000706000000|  0%| F|  |TAMS 0x0000000705f00000, 0x0000000705f00000| Untracked 
|  44|0x0000000706000000, 0x0000000706000000, 0x0000000706100000|  0%| F|  |TAMS 0x0000000706000000, 0x0000000706000000| Untracked 
|  45|0x0000000706100000, 0x0000000706100000, 0x0000000706200000|  0%| F|  |TAMS 0x0000000706100000, 0x0000000706100000| Untracked 
|  46|0x0000000706200000, 0x0000000706200000, 0x0000000706300000|  0%| F|  |TAMS 0x0000000706200000, 0x0000000706200000| Untracked 
|  47|0x0000000706300000, 0x0000000706300000, 0x0000000706400000|  0%| F|  |TAMS 0x0000000706300000, 0x0000000706300000| Untracked 
|  48|0x0000000706400000, 0x0000000706400000, 0x0000000706500000|  0%| F|  |TAMS 0x0000000706400000, 0x0000000706400000| Untracked 
|  49|0x0000000706500000, 0x0000000706500000, 0x0000000706600000|  0%| F|  |TAMS 0x0000000706500000, 0x0000000706500000| Untracked 
|  50|0x0000000706600000, 0x0000000706600000, 0x0000000706700000|  0%| F|  |TAMS 0x0000000706600000, 0x0000000706600000| Untracked 
|  51|0x0000000706700000, 0x0000000706700000, 0x0000000706800000|  0%| F|  |TAMS 0x0000000706700000, 0x0000000706700000| Untracked 
|  52|0x0000000706800000, 0x0000000706800000, 0x0000000706900000|  0%| F|  |TAMS 0x0000000706800000, 0x0000000706800000| Untracked 
|  53|0x0000000706900000, 0x0000000706900000, 0x0000000706a00000|  0%| F|  |TAMS 0x0000000706900000, 0x0000000706900000| Untracked 
|  54|0x0000000706a00000, 0x0000000706a00000, 0x0000000706b00000|  0%| F|  |TAMS 0x0000000706a00000, 0x0000000706a00000| Untracked 
|  55|0x0000000706b00000, 0x0000000706b00000, 0x0000000706c00000|  0%| F|  |TAMS 0x0000000706b00000, 0x0000000706b00000| Untracked 
|  56|0x0000000706c00000, 0x0000000706c00000, 0x0000000706d00000|  0%| F|  |TAMS 0x0000000706c00000, 0x0000000706c00000| Untracked 
|  57|0x0000000706d00000, 0x0000000706d00000, 0x0000000706e00000|  0%| F|  |TAMS 0x0000000706d00000, 0x0000000706d00000| Untracked 
|  58|0x0000000706e00000, 0x0000000706e00000, 0x0000000706f00000|  0%| F|  |TAMS 0x0000000706e00000, 0x0000000706e00000| Untracked 
|  59|0x0000000706f00000, 0x0000000706f00000, 0x0000000707000000|  0%| F|  |TAMS 0x0000000706f00000, 0x0000000706f00000| Untracked 
|  60|0x0000000707000000, 0x0000000707000000, 0x0000000707100000|  0%| F|  |TAMS 0x0000000707000000, 0x0000000707000000| Untracked 
|  61|0x0000000707100000, 0x0000000707100000, 0x0000000707200000|  0%| F|  |TAMS 0x0000000707100000, 0x0000000707100000| Untracked 
|  62|0x0000000707200000, 0x0000000707200000, 0x0000000707300000|  0%| F|  |TAMS 0x0000000707200000, 0x0000000707200000| Untracked 
|  63|0x0000000707300000, 0x0000000707300000, 0x0000000707400000|  0%| F|  |TAMS 0x0000000707300000, 0x0000000707300000| Untracked 
|  64|0x0000000707400000, 0x0000000707400000, 0x0000000707500000|  0%| F|  |TAMS 0x0000000707400000, 0x0000000707400000| Untracked 
|  65|0x0000000707500000, 0x0000000707500000, 0x0000000707600000|  0%| F|  |TAMS 0x0000000707500000, 0x0000000707500000| Untracked 
|  66|0x0000000707600000, 0x0000000707600000, 0x0000000707700000|  0%| F|  |TAMS 0x0000000707600000, 0x0000000707600000| Untracked 
|  67|0x0000000707700000, 0x0000000707700000, 0x0000000707800000|  0%| F|  |TAMS 0x0000000707700000, 0x0000000707700000| Untracked 
|  68|0x0000000707800000, 0x0000000707800000, 0x0000000707900000|  0%| F|  |TAMS 0x0000000707800000, 0x0000000707800000| Untracked 
|  69|0x0000000707900000, 0x0000000707900000, 0x0000000707a00000|  0%| F|  |TAMS 0x0000000707900000, 0x0000000707900000| Untracked 
|  70|0x0000000707a00000, 0x0000000707a00000, 0x0000000707b00000|  0%| F|  |TAMS 0x0000000707a00000, 0x0000000707a00000| Untracked 
|  71|0x0000000707b00000, 0x0000000707b00000, 0x0000000707c00000|  0%| F|  |TAMS 0x0000000707b00000, 0x0000000707b00000| Untracked 
|  72|0x0000000707c00000, 0x0000000707c00000, 0x0000000707d00000|  0%| F|  |TAMS 0x0000000707c00000, 0x0000000707c00000| Untracked 
|  73|0x0000000707d00000, 0x0000000707d00000, 0x0000000707e00000|  0%| F|  |TAMS 0x0000000707d00000, 0x0000000707d00000| Untracked 
|  74|0x0000000707e00000, 0x0000000707e00000, 0x0000000707f00000|  0%| F|  |TAMS 0x0000000707e00000, 0x0000000707e00000| Untracked 
|  75|0x0000000707f00000, 0x0000000707f00000, 0x0000000708000000|  0%| F|  |TAMS 0x0000000707f00000, 0x0000000707f00000| Untracked 
|  76|0x0000000708000000, 0x0000000708000000, 0x0000000708100000|  0%| F|  |TAMS 0x0000000708000000, 0x0000000708000000| Untracked 
|  77|0x0000000708100000, 0x0000000708100000, 0x0000000708200000|  0%| F|  |TAMS 0x0000000708100000, 0x0000000708100000| Untracked 
|  78|0x0000000708200000, 0x0000000708200000, 0x0000000708300000|  0%| F|  |TAMS 0x0000000708200000, 0x0000000708200000| Untracked 
|  79|0x0000000708300000, 0x0000000708300000, 0x0000000708400000|  0%| F|  |TAMS 0x0000000708300000, 0x0000000708300000| Untracked 
|  80|0x0000000708400000, 0x0000000708400000, 0x0000000708500000|  0%| F|  |TAMS 0x0000000708400000, 0x0000000708400000| Untracked 
|  81|0x0000000708500000, 0x0000000708500000, 0x0000000708600000|  0%| F|  |TAMS 0x0000000708500000, 0x0000000708500000| Untracked 
|  82|0x0000000708600000, 0x0000000708600000, 0x0000000708700000|  0%| F|  |TAMS 0x0000000708600000, 0x0000000708600000| Untracked 
|  83|0x0000000708700000, 0x0000000708700000, 0x0000000708800000|  0%| F|  |TAMS 0x0000000708700000, 0x0000000708700000| Untracked 
|  84|0x0000000708800000, 0x0000000708800000, 0x0000000708900000|  0%| F|  |TAMS 0x0000000708800000, 0x0000000708800000| Untracked 
|  85|0x0000000708900000, 0x0000000708900000, 0x0000000708a00000|  0%| F|  |TAMS 0x0000000708900000, 0x0000000708900000| Untracked 
|  86|0x0000000708a00000, 0x0000000708a00000, 0x0000000708b00000|  0%| F|  |TAMS 0x0000000708a00000, 0x0000000708a00000| Untracked 
|  87|0x0000000708b00000, 0x0000000708b00000, 0x0000000708c00000|  0%| F|  |TAMS 0x0000000708b00000, 0x0000000708b00000| Untracked 
|  88|0x0000000708c00000, 0x0000000708c00000, 0x0000000708d00000|  0%| F|  |TAMS 0x0000000708c00000, 0x0000000708c00000| Untracked 
|  89|0x0000000708d00000, 0x0000000708d00000, 0x0000000708e00000|  0%| F|  |TAMS 0x0000000708d00000, 0x0000000708d00000| Untracked 
|  90|0x0000000708e00000, 0x0000000708e00000, 0x0000000708f00000|  0%| F|  |TAMS 0x0000000708e00000, 0x0000000708e00000| Untracked 
|  91|0x0000000708f00000, 0x0000000708ff6150, 0x0000000709000000| 96%| S|CS|TAMS 0x0000000708f00000, 0x0000000708f00000| Complete 
|  92|0x0000000709000000, 0x0000000709100000, 0x0000000709100000|100%| S|CS|TAMS 0x0000000709000000, 0x0000000709000000| Complete 
|  93|0x0000000709100000, 0x0000000709200000, 0x0000000709200000|100%| S|CS|TAMS 0x0000000709100000, 0x0000000709100000| Complete 
|  94|0x0000000709200000, 0x0000000709300000, 0x0000000709300000|100%| S|CS|TAMS 0x0000000709200000, 0x0000000709200000| Complete 
|  95|0x0000000709300000, 0x0000000709400000, 0x0000000709400000|100%| S|CS|TAMS 0x0000000709300000, 0x0000000709300000| Complete 
|  96|0x0000000709400000, 0x0000000709500000, 0x0000000709500000|100%| S|CS|TAMS 0x0000000709400000, 0x0000000709400000| Complete 
|  97|0x0000000709500000, 0x0000000709600000, 0x0000000709600000|100%| S|CS|TAMS 0x0000000709500000, 0x0000000709500000| Complete 
|  98|0x0000000709600000, 0x0000000709700000, 0x0000000709700000|100%| S|CS|TAMS 0x0000000709600000, 0x0000000709600000| Complete 
|  99|0x0000000709700000, 0x0000000709800000, 0x0000000709800000|100%| S|CS|TAMS 0x0000000709700000, 0x0000000709700000| Complete 
| 100|0x0000000709800000, 0x0000000709900000, 0x0000000709900000|100%| S|CS|TAMS 0x0000000709800000, 0x0000000709800000| Complete 
| 101|0x0000000709900000, 0x0000000709900000, 0x0000000709a00000|  0%| F|  |TAMS 0x0000000709900000, 0x0000000709900000| Untracked 
| 102|0x0000000709a00000, 0x0000000709a00000, 0x0000000709b00000|  0%| F|  |TAMS 0x0000000709a00000, 0x0000000709a00000| Untracked 
| 103|0x0000000709b00000, 0x0000000709b00000, 0x0000000709c00000|  0%| F|  |TAMS 0x0000000709b00000, 0x0000000709b00000| Untracked 
| 104|0x0000000709c00000, 0x0000000709c00000, 0x0000000709d00000|  0%| F|  |TAMS 0x0000000709c00000, 0x0000000709c00000| Untracked 
| 105|0x0000000709d00000, 0x0000000709d00000, 0x0000000709e00000|  0%| F|  |TAMS 0x0000000709d00000, 0x0000000709d00000| Untracked 
| 106|0x0000000709e00000, 0x0000000709e00000, 0x0000000709f00000|  0%| F|  |TAMS 0x0000000709e00000, 0x0000000709e00000| Untracked 
| 107|0x0000000709f00000, 0x0000000709f00000, 0x000000070a000000|  0%| F|  |TAMS 0x0000000709f00000, 0x0000000709f00000| Untracked 
| 108|0x000000070a000000, 0x000000070a000000, 0x000000070a100000|  0%| F|  |TAMS 0x000000070a000000, 0x000000070a000000| Untracked 
| 109|0x000000070a100000, 0x000000070a100000, 0x000000070a200000|  0%| F|  |TAMS 0x000000070a100000, 0x000000070a100000| Untracked 
| 110|0x000000070a200000, 0x000000070a200000, 0x000000070a300000|  0%| F|  |TAMS 0x000000070a200000, 0x000000070a200000| Untracked 
| 111|0x000000070a300000, 0x000000070a300000, 0x000000070a400000|  0%| F|  |TAMS 0x000000070a300000, 0x000000070a300000| Untracked 
| 112|0x000000070a400000, 0x000000070a400000, 0x000000070a500000|  0%| F|  |TAMS 0x000000070a400000, 0x000000070a400000| Untracked 
| 113|0x000000070a500000, 0x000000070a500000, 0x000000070a600000|  0%| F|  |TAMS 0x000000070a500000, 0x000000070a500000| Untracked 
| 114|0x000000070a600000, 0x000000070a600000, 0x000000070a700000|  0%| F|  |TAMS 0x000000070a600000, 0x000000070a600000| Untracked 
| 115|0x000000070a700000, 0x000000070a700000, 0x000000070a800000|  0%| F|  |TAMS 0x000000070a700000, 0x000000070a700000| Untracked 
| 116|0x000000070a800000, 0x000000070a800000, 0x000000070a900000|  0%| F|  |TAMS 0x000000070a800000, 0x000000070a800000| Untracked 
| 117|0x000000070a900000, 0x000000070a900000, 0x000000070aa00000|  0%| F|  |TAMS 0x000000070a900000, 0x000000070a900000| Untracked 
| 118|0x000000070aa00000, 0x000000070aa00000, 0x000000070ab00000|  0%| F|  |TAMS 0x000000070aa00000, 0x000000070aa00000| Untracked 
| 119|0x000000070ab00000, 0x000000070ab00000, 0x000000070ac00000|  0%| F|  |TAMS 0x000000070ab00000, 0x000000070ab00000| Untracked 
| 120|0x000000070ac00000, 0x000000070ac00000, 0x000000070ad00000|  0%| F|  |TAMS 0x000000070ac00000, 0x000000070ac00000| Untracked 
| 121|0x000000070ad00000, 0x000000070ad00000, 0x000000070ae00000|  0%| F|  |TAMS 0x000000070ad00000, 0x000000070ad00000| Untracked 
| 122|0x000000070ae00000, 0x000000070ae00000, 0x000000070af00000|  0%| F|  |TAMS 0x000000070ae00000, 0x000000070ae00000| Untracked 
| 123|0x000000070af00000, 0x000000070af00000, 0x000000070b000000|  0%| F|  |TAMS 0x000000070af00000, 0x000000070af00000| Untracked 
| 124|0x000000070b000000, 0x000000070b000000, 0x000000070b100000|  0%| F|  |TAMS 0x000000070b000000, 0x000000070b000000| Untracked 
| 125|0x000000070b100000, 0x000000070b100000, 0x000000070b200000|  0%| F|  |TAMS 0x000000070b100000, 0x000000070b100000| Untracked 
| 126|0x000000070b200000, 0x000000070b200000, 0x000000070b300000|  0%| F|  |TAMS 0x000000070b200000, 0x000000070b200000| Untracked 
| 127|0x000000070b300000, 0x000000070b300000, 0x000000070b400000|  0%| F|  |TAMS 0x000000070b300000, 0x000000070b300000| Untracked 
| 128|0x000000070b400000, 0x000000070b400000, 0x000000070b500000|  0%| F|  |TAMS 0x000000070b400000, 0x000000070b400000| Untracked 
| 129|0x000000070b500000, 0x000000070b500000, 0x000000070b600000|  0%| F|  |TAMS 0x000000070b500000, 0x000000070b500000| Untracked 
| 130|0x000000070b600000, 0x000000070b600000, 0x000000070b700000|  0%| F|  |TAMS 0x000000070b600000, 0x000000070b600000| Untracked 
| 131|0x000000070b700000, 0x000000070b700000, 0x000000070b800000|  0%| F|  |TAMS 0x000000070b700000, 0x000000070b700000| Untracked 
| 132|0x000000070b800000, 0x000000070b800000, 0x000000070b900000|  0%| F|  |TAMS 0x000000070b800000, 0x000000070b800000| Untracked 
| 133|0x000000070b900000, 0x000000070b900000, 0x000000070ba00000|  0%| F|  |TAMS 0x000000070b900000, 0x000000070b900000| Untracked 
| 134|0x000000070ba00000, 0x000000070ba00000, 0x000000070bb00000|  0%| F|  |TAMS 0x000000070ba00000, 0x000000070ba00000| Untracked 
| 135|0x000000070bb00000, 0x000000070bb00000, 0x000000070bc00000|  0%| F|  |TAMS 0x000000070bb00000, 0x000000070bb00000| Untracked 
| 136|0x000000070bc00000, 0x000000070bc00000, 0x000000070bd00000|  0%| F|  |TAMS 0x000000070bc00000, 0x000000070bc00000| Untracked 
| 137|0x000000070bd00000, 0x000000070bd00000, 0x000000070be00000|  0%| F|  |TAMS 0x000000070bd00000, 0x000000070bd00000| Untracked 
| 138|0x000000070be00000, 0x000000070be00000, 0x000000070bf00000|  0%| F|  |TAMS 0x000000070be00000, 0x000000070be00000| Untracked 
| 139|0x000000070bf00000, 0x000000070bf00000, 0x000000070c000000|  0%| F|  |TAMS 0x000000070bf00000, 0x000000070bf00000| Untracked 
| 140|0x000000070c000000, 0x000000070c000000, 0x000000070c100000|  0%| F|  |TAMS 0x000000070c000000, 0x000000070c000000| Untracked 
| 141|0x000000070c100000, 0x000000070c100000, 0x000000070c200000|  0%| F|  |TAMS 0x000000070c100000, 0x000000070c100000| Untracked 
| 142|0x000000070c200000, 0x000000070c200000, 0x000000070c300000|  0%| F|  |TAMS 0x000000070c200000, 0x000000070c200000| Untracked 
| 143|0x000000070c300000, 0x000000070c300000, 0x000000070c400000|  0%| F|  |TAMS 0x000000070c300000, 0x000000070c300000| Untracked 
| 144|0x000000070c400000, 0x000000070c400000, 0x000000070c500000|  0%| F|  |TAMS 0x000000070c400000, 0x000000070c400000| Untracked 
| 145|0x000000070c500000, 0x000000070c500000, 0x000000070c600000|  0%| F|  |TAMS 0x000000070c500000, 0x000000070c500000| Untracked 
| 146|0x000000070c600000, 0x000000070c600000, 0x000000070c700000|  0%| F|  |TAMS 0x000000070c600000, 0x000000070c600000| Untracked 
| 147|0x000000070c700000, 0x000000070c700000, 0x000000070c800000|  0%| F|  |TAMS 0x000000070c700000, 0x000000070c700000| Untracked 
| 148|0x000000070c800000, 0x000000070c800000, 0x000000070c900000|  0%| F|  |TAMS 0x000000070c800000, 0x000000070c800000| Untracked 
| 149|0x000000070c900000, 0x000000070c900000, 0x000000070ca00000|  0%| F|  |TAMS 0x000000070c900000, 0x000000070c900000| Untracked 
| 150|0x000000070ca00000, 0x000000070ca00000, 0x000000070cb00000|  0%| F|  |TAMS 0x000000070ca00000, 0x000000070ca00000| Untracked 
| 151|0x000000070cb00000, 0x000000070cb00000, 0x000000070cc00000|  0%| F|  |TAMS 0x000000070cb00000, 0x000000070cb00000| Untracked 
| 152|0x000000070cc00000, 0x000000070cc00000, 0x000000070cd00000|  0%| F|  |TAMS 0x000000070cc00000, 0x000000070cc00000| Untracked 
| 153|0x000000070cd00000, 0x000000070cd00000, 0x000000070ce00000|  0%| F|  |TAMS 0x000000070cd00000, 0x000000070cd00000| Untracked 
| 154|0x000000070ce00000, 0x000000070ce00000, 0x000000070cf00000|  0%| F|  |TAMS 0x000000070ce00000, 0x000000070ce00000| Untracked 
| 155|0x000000070cf00000, 0x000000070cf00000, 0x000000070d000000|  0%| F|  |TAMS 0x000000070cf00000, 0x000000070cf00000| Untracked 
| 156|0x000000070d000000, 0x000000070d000000, 0x000000070d100000|  0%| F|  |TAMS 0x000000070d000000, 0x000000070d000000| Untracked 
| 157|0x000000070d100000, 0x000000070d100000, 0x000000070d200000|  0%| F|  |TAMS 0x000000070d100000, 0x000000070d100000| Untracked 
| 158|0x000000070d200000, 0x000000070d200000, 0x000000070d300000|  0%| F|  |TAMS 0x000000070d200000, 0x000000070d200000| Untracked 
| 159|0x000000070d300000, 0x000000070d300000, 0x000000070d400000|  0%| F|  |TAMS 0x000000070d300000, 0x000000070d300000| Untracked 
| 160|0x000000070d400000, 0x000000070d400000, 0x000000070d500000|  0%| F|  |TAMS 0x000000070d400000, 0x000000070d400000| Untracked 
| 161|0x000000070d500000, 0x000000070d500000, 0x000000070d600000|  0%| F|  |TAMS 0x000000070d500000, 0x000000070d500000| Untracked 
| 162|0x000000070d600000, 0x000000070d600000, 0x000000070d700000|  0%| F|  |TAMS 0x000000070d600000, 0x000000070d600000| Untracked 
| 163|0x000000070d700000, 0x000000070d700000, 0x000000070d800000|  0%| F|  |TAMS 0x000000070d700000, 0x000000070d700000| Untracked 
| 164|0x000000070d800000, 0x000000070d800000, 0x000000070d900000|  0%| F|  |TAMS 0x000000070d800000, 0x000000070d800000| Untracked 
| 165|0x000000070d900000, 0x000000070d900000, 0x000000070da00000|  0%| F|  |TAMS 0x000000070d900000, 0x000000070d900000| Untracked 
| 166|0x000000070da00000, 0x000000070da00000, 0x000000070db00000|  0%| F|  |TAMS 0x000000070da00000, 0x000000070da00000| Untracked 
| 167|0x000000070db00000, 0x000000070db00000, 0x000000070dc00000|  0%| F|  |TAMS 0x000000070db00000, 0x000000070db00000| Untracked 
| 168|0x000000070dc00000, 0x000000070dc00000, 0x000000070dd00000|  0%| F|  |TAMS 0x000000070dc00000, 0x000000070dc00000| Untracked 
| 169|0x000000070dd00000, 0x000000070dd00000, 0x000000070de00000|  0%| F|  |TAMS 0x000000070dd00000, 0x000000070dd00000| Untracked 
| 170|0x000000070de00000, 0x000000070de00000, 0x000000070df00000|  0%| F|  |TAMS 0x000000070de00000, 0x000000070de00000| Untracked 
| 171|0x000000070df00000, 0x000000070df00000, 0x000000070e000000|  0%| F|  |TAMS 0x000000070df00000, 0x000000070df00000| Untracked 
| 172|0x000000070e000000, 0x000000070e000000, 0x000000070e100000|  0%| F|  |TAMS 0x000000070e000000, 0x000000070e000000| Untracked 
| 173|0x000000070e100000, 0x000000070e100000, 0x000000070e200000|  0%| F|  |TAMS 0x000000070e100000, 0x000000070e100000| Untracked 
| 174|0x000000070e200000, 0x000000070e200000, 0x000000070e300000|  0%| F|  |TAMS 0x000000070e200000, 0x000000070e200000| Untracked 
| 175|0x000000070e300000, 0x000000070e300000, 0x000000070e400000|  0%| F|  |TAMS 0x000000070e300000, 0x000000070e300000| Untracked 
| 176|0x000000070e400000, 0x000000070e400000, 0x000000070e500000|  0%| F|  |TAMS 0x000000070e400000, 0x000000070e400000| Untracked 
| 177|0x000000070e500000, 0x000000070e500000, 0x000000070e600000|  0%| F|  |TAMS 0x000000070e500000, 0x000000070e500000| Untracked 
| 178|0x000000070e600000, 0x000000070e600000, 0x000000070e700000|  0%| F|  |TAMS 0x000000070e600000, 0x000000070e600000| Untracked 
| 179|0x000000070e700000, 0x000000070e700000, 0x000000070e800000|  0%| F|  |TAMS 0x000000070e700000, 0x000000070e700000| Untracked 
| 180|0x000000070e800000, 0x000000070e800000, 0x000000070e900000|  0%| F|  |TAMS 0x000000070e800000, 0x000000070e800000| Untracked 
| 181|0x000000070e900000, 0x000000070e900000, 0x000000070ea00000|  0%| F|  |TAMS 0x000000070e900000, 0x000000070e900000| Untracked 
| 182|0x000000070ea00000, 0x000000070ea00000, 0x000000070eb00000|  0%| F|  |TAMS 0x000000070ea00000, 0x000000070ea00000| Untracked 
| 183|0x000000070eb00000, 0x000000070eb00000, 0x000000070ec00000|  0%| F|  |TAMS 0x000000070eb00000, 0x000000070eb00000| Untracked 
| 184|0x000000070ec00000, 0x000000070ec00000, 0x000000070ed00000|  0%| F|  |TAMS 0x000000070ec00000, 0x000000070ec00000| Untracked 
| 185|0x000000070ed00000, 0x000000070ed00000, 0x000000070ee00000|  0%| F|  |TAMS 0x000000070ed00000, 0x000000070ed00000| Untracked 
| 186|0x000000070ee00000, 0x000000070ee00000, 0x000000070ef00000|  0%| F|  |TAMS 0x000000070ee00000, 0x000000070ee00000| Untracked 
| 187|0x000000070ef00000, 0x000000070ef00000, 0x000000070f000000|  0%| F|  |TAMS 0x000000070ef00000, 0x000000070ef00000| Untracked 
| 188|0x000000070f000000, 0x000000070f000000, 0x000000070f100000|  0%| F|  |TAMS 0x000000070f000000, 0x000000070f000000| Untracked 
| 189|0x000000070f100000, 0x000000070f100000, 0x000000070f200000|  0%| F|  |TAMS 0x000000070f100000, 0x000000070f100000| Untracked 
| 190|0x000000070f200000, 0x000000070f200000, 0x000000070f300000|  0%| F|  |TAMS 0x000000070f200000, 0x000000070f200000| Untracked 
| 191|0x000000070f300000, 0x000000070f300000, 0x000000070f400000|  0%| F|  |TAMS 0x000000070f300000, 0x000000070f300000| Untracked 
| 192|0x000000070f400000, 0x000000070f400000, 0x000000070f500000|  0%| F|  |TAMS 0x000000070f400000, 0x000000070f400000| Untracked 
| 193|0x000000070f500000, 0x000000070f500000, 0x000000070f600000|  0%| F|  |TAMS 0x000000070f500000, 0x000000070f500000| Untracked 
| 194|0x000000070f600000, 0x000000070f600000, 0x000000070f700000|  0%| F|  |TAMS 0x000000070f600000, 0x000000070f600000| Untracked 
| 195|0x000000070f700000, 0x000000070f700000, 0x000000070f800000|  0%| F|  |TAMS 0x000000070f700000, 0x000000070f700000| Untracked 
| 196|0x000000070f800000, 0x000000070f800000, 0x000000070f900000|  0%| F|  |TAMS 0x000000070f800000, 0x000000070f800000| Untracked 
| 197|0x000000070f900000, 0x000000070f900000, 0x000000070fa00000|  0%| F|  |TAMS 0x000000070f900000, 0x000000070f900000| Untracked 
| 198|0x000000070fa00000, 0x000000070fa00000, 0x000000070fb00000|  0%| F|  |TAMS 0x000000070fa00000, 0x000000070fa00000| Untracked 
| 199|0x000000070fb00000, 0x000000070fb00000, 0x000000070fc00000|  0%| F|  |TAMS 0x000000070fb00000, 0x000000070fb00000| Untracked 
| 200|0x000000070fc00000, 0x000000070fc00000, 0x000000070fd00000|  0%| F|  |TAMS 0x000000070fc00000, 0x000000070fc00000| Untracked 
| 201|0x000000070fd00000, 0x000000070fd00000, 0x000000070fe00000|  0%| F|  |TAMS 0x000000070fd00000, 0x000000070fd00000| Untracked 
| 202|0x000000070fe00000, 0x000000070fe00000, 0x000000070ff00000|  0%| F|  |TAMS 0x000000070fe00000, 0x000000070fe00000| Untracked 
| 203|0x000000070ff00000, 0x000000070ff00000, 0x0000000710000000|  0%| F|  |TAMS 0x000000070ff00000, 0x000000070ff00000| Untracked 
| 204|0x0000000710000000, 0x0000000710000000, 0x0000000710100000|  0%| F|  |TAMS 0x0000000710000000, 0x0000000710000000| Untracked 
| 205|0x0000000710100000, 0x0000000710100000, 0x0000000710200000|  0%| F|  |TAMS 0x0000000710100000, 0x0000000710100000| Untracked 
| 206|0x0000000710200000, 0x0000000710200000, 0x0000000710300000|  0%| F|  |TAMS 0x0000000710200000, 0x0000000710200000| Untracked 
| 207|0x0000000710300000, 0x0000000710300000, 0x0000000710400000|  0%| F|  |TAMS 0x0000000710300000, 0x0000000710300000| Untracked 
| 208|0x0000000710400000, 0x0000000710400000, 0x0000000710500000|  0%| F|  |TAMS 0x0000000710400000, 0x0000000710400000| Untracked 
| 209|0x0000000710500000, 0x0000000710500000, 0x0000000710600000|  0%| F|  |TAMS 0x0000000710500000, 0x0000000710500000| Untracked 
| 210|0x0000000710600000, 0x0000000710600000, 0x0000000710700000|  0%| F|  |TAMS 0x0000000710600000, 0x0000000710600000| Untracked 
| 211|0x0000000710700000, 0x0000000710700000, 0x0000000710800000|  0%| F|  |TAMS 0x0000000710700000, 0x0000000710700000| Untracked 
| 212|0x0000000710800000, 0x0000000710800000, 0x0000000710900000|  0%| F|  |TAMS 0x0000000710800000, 0x0000000710800000| Untracked 
| 213|0x0000000710900000, 0x0000000710900000, 0x0000000710a00000|  0%| F|  |TAMS 0x0000000710900000, 0x0000000710900000| Untracked 
| 214|0x0000000710a00000, 0x0000000710a00000, 0x0000000710b00000|  0%| F|  |TAMS 0x0000000710a00000, 0x0000000710a00000| Untracked 
| 215|0x0000000710b00000, 0x0000000710b00000, 0x0000000710c00000|  0%| F|  |TAMS 0x0000000710b00000, 0x0000000710b00000| Untracked 
| 216|0x0000000710c00000, 0x0000000710c00000, 0x0000000710d00000|  0%| F|  |TAMS 0x0000000710c00000, 0x0000000710c00000| Untracked 
| 217|0x0000000710d00000, 0x0000000710d00000, 0x0000000710e00000|  0%| F|  |TAMS 0x0000000710d00000, 0x0000000710d00000| Untracked 
| 218|0x0000000710e00000, 0x0000000710e00000, 0x0000000710f00000|  0%| F|  |TAMS 0x0000000710e00000, 0x0000000710e00000| Untracked 
| 219|0x0000000710f00000, 0x0000000710f00000, 0x0000000711000000|  0%| F|  |TAMS 0x0000000710f00000, 0x0000000710f00000| Untracked 
| 220|0x0000000711000000, 0x0000000711000000, 0x0000000711100000|  0%| F|  |TAMS 0x0000000711000000, 0x0000000711000000| Untracked 
| 221|0x0000000711100000, 0x0000000711100000, 0x0000000711200000|  0%| F|  |TAMS 0x0000000711100000, 0x0000000711100000| Untracked 
| 222|0x0000000711200000, 0x0000000711200000, 0x0000000711300000|  0%| F|  |TAMS 0x0000000711200000, 0x0000000711200000| Untracked 
| 223|0x0000000711300000, 0x0000000711300000, 0x0000000711400000|  0%| F|  |TAMS 0x0000000711300000, 0x0000000711300000| Untracked 
| 224|0x0000000711400000, 0x0000000711400000, 0x0000000711500000|  0%| F|  |TAMS 0x0000000711400000, 0x0000000711400000| Untracked 
| 225|0x0000000711500000, 0x0000000711500000, 0x0000000711600000|  0%| F|  |TAMS 0x0000000711500000, 0x0000000711500000| Untracked 
| 226|0x0000000711600000, 0x0000000711600000, 0x0000000711700000|  0%| F|  |TAMS 0x0000000711600000, 0x0000000711600000| Untracked 
| 227|0x0000000711700000, 0x0000000711700000, 0x0000000711800000|  0%| F|  |TAMS 0x0000000711700000, 0x0000000711700000| Untracked 
| 228|0x0000000711800000, 0x0000000711800000, 0x0000000711900000|  0%| F|  |TAMS 0x0000000711800000, 0x0000000711800000| Untracked 
| 229|0x0000000711900000, 0x0000000711900000, 0x0000000711a00000|  0%| F|  |TAMS 0x0000000711900000, 0x0000000711900000| Untracked 
| 230|0x0000000711a00000, 0x0000000711a00000, 0x0000000711b00000|  0%| F|  |TAMS 0x0000000711a00000, 0x0000000711a00000| Untracked 
| 231|0x0000000711b00000, 0x0000000711b00000, 0x0000000711c00000|  0%| F|  |TAMS 0x0000000711b00000, 0x0000000711b00000| Untracked 
| 232|0x0000000711c00000, 0x0000000711c00000, 0x0000000711d00000|  0%| F|  |TAMS 0x0000000711c00000, 0x0000000711c00000| Untracked 
| 233|0x0000000711d00000, 0x0000000711d00000, 0x0000000711e00000|  0%| F|  |TAMS 0x0000000711d00000, 0x0000000711d00000| Untracked 
| 234|0x0000000711e00000, 0x0000000711e00000, 0x0000000711f00000|  0%| F|  |TAMS 0x0000000711e00000, 0x0000000711e00000| Untracked 
| 235|0x0000000711f00000, 0x0000000711f00000, 0x0000000712000000|  0%| F|  |TAMS 0x0000000711f00000, 0x0000000711f00000| Untracked 
| 236|0x0000000712000000, 0x0000000712000000, 0x0000000712100000|  0%| F|  |TAMS 0x0000000712000000, 0x0000000712000000| Untracked 
| 237|0x0000000712100000, 0x0000000712100000, 0x0000000712200000|  0%| F|  |TAMS 0x0000000712100000, 0x0000000712100000| Untracked 
| 238|0x0000000712200000, 0x0000000712200000, 0x0000000712300000|  0%| F|  |TAMS 0x0000000712200000, 0x0000000712200000| Untracked 
| 239|0x0000000712300000, 0x0000000712300000, 0x0000000712400000|  0%| F|  |TAMS 0x0000000712300000, 0x0000000712300000| Untracked 
| 240|0x0000000712400000, 0x0000000712400000, 0x0000000712500000|  0%| F|  |TAMS 0x0000000712400000, 0x0000000712400000| Untracked 
| 241|0x0000000712500000, 0x0000000712500000, 0x0000000712600000|  0%| F|  |TAMS 0x0000000712500000, 0x0000000712500000| Untracked 
| 242|0x0000000712600000, 0x0000000712600000, 0x0000000712700000|  0%| F|  |TAMS 0x0000000712600000, 0x0000000712600000| Untracked 
| 243|0x0000000712700000, 0x0000000712700000, 0x0000000712800000|  0%| F|  |TAMS 0x0000000712700000, 0x0000000712700000| Untracked 
| 244|0x0000000712800000, 0x0000000712800000, 0x0000000712900000|  0%| F|  |TAMS 0x0000000712800000, 0x0000000712800000| Untracked 
| 245|0x0000000712900000, 0x0000000712900000, 0x0000000712a00000|  0%| F|  |TAMS 0x0000000712900000, 0x0000000712900000| Untracked 
| 246|0x0000000712a00000, 0x0000000712a00000, 0x0000000712b00000|  0%| F|  |TAMS 0x0000000712a00000, 0x0000000712a00000| Untracked 
| 247|0x0000000712b00000, 0x0000000712b00000, 0x0000000712c00000|  0%| F|  |TAMS 0x0000000712b00000, 0x0000000712b00000| Untracked 
| 248|0x0000000712c00000, 0x0000000712c00000, 0x0000000712d00000|  0%| F|  |TAMS 0x0000000712c00000, 0x0000000712c00000| Untracked 
| 249|0x0000000712d00000, 0x0000000712d00000, 0x0000000712e00000|  0%| F|  |TAMS 0x0000000712d00000, 0x0000000712d00000| Untracked 
| 250|0x0000000712e00000, 0x0000000712e00000, 0x0000000712f00000|  0%| F|  |TAMS 0x0000000712e00000, 0x0000000712e00000| Untracked 
| 251|0x0000000712f00000, 0x0000000712f00000, 0x0000000713000000|  0%| F|  |TAMS 0x0000000712f00000, 0x0000000712f00000| Untracked 
| 252|0x0000000713000000, 0x0000000713000000, 0x0000000713100000|  0%| F|  |TAMS 0x0000000713000000, 0x0000000713000000| Untracked 
| 253|0x0000000713100000, 0x0000000713100000, 0x0000000713200000|  0%| F|  |TAMS 0x0000000713100000, 0x0000000713100000| Untracked 

Card table byte_map: [0x000000001b310000,0x000000001bb00000] _byte_map_base: 0x0000000017af6000

Marking Bits (Prev, Next): (CMBitMap*) 0x0000000003336658, (CMBitMap*) 0x0000000003336690
 Prev Bits: [0x000000001c2f0000, 0x0000000020220000)
 Next Bits: [0x0000000020220000, 0x0000000024150000)

Polling page: 0x00000000001e0000

Metaspace:

Usage:
  Non-class:     40.29 MB capacity,    39.02 MB ( 97%) used,     1.03 MB (  3%) free+waste,   247.75 KB ( <1%) overhead. 
      Class:      7.19 MB capacity,     6.25 MB ( 87%) used,   831.98 KB ( 11%) free+waste,   128.94 KB (  2%) overhead. 
       Both:     47.49 MB capacity,    45.28 MB ( 95%) used,     1.84 MB (  4%) free+waste,   376.69 KB ( <1%) overhead. 

Virtual space:
  Non-class space:       42.00 MB reserved,      40.50 MB ( 96%) committed 
      Class space:        1.00 GB reserved,       7.25 MB ( <1%) committed 
             Both:        1.04 GB reserved,      47.75 MB (  4%) committed 

Chunk freelists:
   Non-Class:  2.00 KB
       Class:  0 bytes
        Both:  2.00 KB

CodeHeap 'non-profiled nmethods': size=120000Kb used=1818Kb max_used=1862Kb free=118181Kb
 bounds [0x00000000130a0000, 0x0000000013310000, 0x000000001a5d0000]
CodeHeap 'profiled nmethods': size=120000Kb used=6752Kb max_used=7300Kb free=113247Kb
 bounds [0x000000000bb70000, 0x000000000c2a0000, 0x00000000130a0000]
CodeHeap 'non-nmethods': size=5760Kb used=1511Kb max_used=1551Kb free=4248Kb
 bounds [0x000000000b5d0000, 0x000000000b840000, 0x000000000bb70000]
 total_blobs=5499 nmethods=3480 adapters=921
 compilation: enabled
              stopped_count=0, restarted_count=0
 full_count=0

Compilation events (10 events):
Event: 2.481 Thread 0x0000000027dc7800 3692       3       io.github.classgraph.utils.InputStreamOrByteBufferAdapter::readMore (157 bytes)
Event: 2.481 Thread 0x0000000027db8800 nmethod 3622 0x00000000130e2e10 code [0x00000000130e2fe0, 0x00000000130e3af8]
Event: 2.481 Thread 0x0000000027db8800 3688       4       java.util.concurrent.ConcurrentLinkedQueue::offer (120 bytes)
Event: 2.481 Thread 0x0000000027dc7800 nmethod 3692 0x000000000bb74510 code [0x000000000bb74740, 0x000000000bb75100]
Event: 2.483 Thread 0x0000000027dc7800 3693       3       java.lang.Math::min (12 bytes)
Event: 2.483 Thread 0x0000000027dc7800 nmethod 3693 0x000000000bb72790 code [0x000000000bb72940, 0x000000000bb72ad8]
Event: 2.483 Thread 0x0000000027dc7800 3694       3       jdk.internal.misc.Unsafe::copySwapMemoryChecks (68 bytes)
Event: 2.485 Thread 0x0000000027dc7800 nmethod 3694 0x000000000bb7ce10 code [0x000000000bb7d140, 0x000000000bb7e2d0]
Event: 2.485 Thread 0x0000000027dc7800 3696       3       jdk.internal.misc.Unsafe::copySwapMemory (37 bytes)
Event: 2.485 Thread 0x0000000027dc7800 nmethod 3696 0x000000000bb7ad90 code [0x000000000bb7af60, 0x000000000bb7b200]

GC Heap History (10 events):
Event: 0.530 GC heap after
{Heap after GC invocations=1 (full 0):
 garbage-first heap   total 260096K, used 5559K [0x0000000703400000, 0x0000000800000000)
  region size 1024K, 3 young (3072K), 3 survivors (3072K)
 Metaspace       used 15789K, capacity 16171K, committed 16384K, reserved 1062912K
  class space    used 1782K, capacity 1936K, committed 2048K, reserved 1048576K
}
Event: 0.755 GC heap before
{Heap before GC invocations=1 (full 0):
 garbage-first heap   total 260096K, used 17847K [0x0000000703400000, 0x0000000800000000)
  region size 1024K, 15 young (15360K), 3 survivors (3072K)
 Metaspace       used 20222K, capacity 20866K, committed 20992K, reserved 1067008K
  class space    used 2492K, capacity 2770K, committed 2816K, reserved 1048576K
}
Event: 0.759 GC heap after
{Heap after GC invocations=2 (full 0):
 garbage-first heap   total 260096K, used 7362K [0x0000000703400000, 0x0000000800000000)
  region size 1024K, 2 young (2048K), 2 survivors (2048K)
 Metaspace       used 20222K, capacity 20866K, committed 20992K, reserved 1067008K
  class space    used 2492K, capacity 2770K, committed 2816K, reserved 1048576K
}
Event: 0.766 GC heap before
{Heap before GC invocations=2 (full 0):
 garbage-first heap   total 260096K, used 8386K [0x0000000703400000, 0x0000000800000000)
  region size 1024K, 4 young (4096K), 2 survivors (2048K)
 Metaspace       used 20505K, capacity 21144K, committed 21248K, reserved 1067008K
  class space    used 2532K, capacity 2800K, committed 2816K, reserved 1048576K
}
Event: 0.768 GC heap after
{Heap after GC invocations=3 (full 0):
 garbage-first heap   total 260096K, used 7588K [0x0000000703400000, 0x0000000800000000)
  region size 1024K, 2 young (2048K), 2 survivors (2048K)
 Metaspace       used 20505K, capacity 21144K, committed 21248K, reserved 1067008K
  class space    used 2532K, capacity 2800K, committed 2816K, reserved 1048576K
}
Event: 1.504 GC heap before
{Heap before GC invocations=4 (full 0):
 garbage-first heap   total 260096K, used 34212K [0x0000000703400000, 0x0000000800000000)
  region size 1024K, 29 young (29696K), 2 survivors (2048K)
 Metaspace       used 34795K, capacity 35905K, committed 35964K, reserved 1081344K
  class space    used 4467K, capacity 4965K, committed 4992K, reserved 1048576K
}
Event: 1.508 GC heap after
{Heap after GC invocations=5 (full 0):
 garbage-first heap   total 260096K, used 10993K [0x0000000703400000, 0x0000000800000000)
  region size 1024K, 6 young (6144K), 6 survivors (6144K)
 Metaspace       used 34795K, capacity 35905K, committed 35964K, reserved 1081344K
  class space    used 4467K, capacity 4965K, committed 4992K, reserved 1048576K
}
Event: 2.342 GC heap before
{Heap before GC invocations=6 (full 0):
 garbage-first heap   total 260096K, used 70385K [0x0000000703400000, 0x0000000800000000)
  region size 1024K, 63 young (64512K), 6 survivors (6144K)
 Metaspace       used 46236K, capacity 48485K, committed 48636K, reserved 1091584K
  class space    used 6391K, capacity 7361K, committed 7424K, reserved 1048576K
}
Event: 2.354 GC heap after
{Heap after GC invocations=7 (full 0):
 garbage-first heap   total 260096K, used 22641K [0x0000000703400000, 0x0000000800000000)
  region size 1024K, 8 young (8192K), 8 survivors (8192K)
 Metaspace       used 46236K, capacity 48485K, committed 48636K, reserved 1091584K
  class space    used 6391K, capacity 7361K, committed 7424K, reserved 1048576K
}
Event: 2.486 GC heap before
{Heap before GC invocations=7 (full 0):
 garbage-first heap   total 260096K, used 169073K [0x0000000703400000, 0x0000000800000000)
  region size 1024K, 153 young (156672K), 8 survivors (8192K)
 Metaspace       used 46363K, capacity 48625K, committed 48892K, reserved 1091584K
  class space    used 6404K, capacity 7365K, committed 7424K, reserved 1048576K
}

Deoptimization events (10 events):
Event: 2.255 Thread 0x0000000037a57800 Uncommon trap: reason=class_check action=maybe_recompile pc=0x00000000131a0064 method=java.util.concurrent.ConcurrentHashMap.putVal(Ljava/lang/Object;Ljava/lang/Object;Z)Ljava/lang/Object; @ 242 c2
Event: 2.255 Thread 0x0000000037a58000 Uncommon trap: reason=class_check action=maybe_recompile pc=0x00000000131a0064 method=java.util.concurrent.ConcurrentHashMap.putVal(Ljava/lang/Object;Ljava/lang/Object;Z)Ljava/lang/Object; @ 242 c2
Event: 2.255 Thread 0x0000000037a59000 Uncommon trap: reason=class_check action=maybe_recompile pc=0x00000000131a0064 method=java.util.concurrent.ConcurrentHashMap.putVal(Ljava/lang/Object;Ljava/lang/Object;Z)Ljava/lang/Object; @ 242 c2
Event: 2.256 Thread 0x0000000037a55800 Uncommon trap: reason=unstable_if action=reinterpret pc=0x00000000131c7888 method=java.util.zip.InflaterInputStream.read([BII)I @ 41 c2
Event: 2.306 Thread 0x0000000029a5c000 Uncommon trap: reason=bimorphic_or_optimized_type_check action=maybe_recompile pc=0x0000000013201b30 method=java.util.WeakHashMap.eq(Ljava/lang/Object;Ljava/lang/Object;)Z @ 7 c2
Event: 2.307 Thread 0x0000000029a5c000 Uncommon trap: reason=bimorphic_or_optimized_type_check action=maybe_recompile pc=0x0000000013201b30 method=java.util.WeakHashMap.eq(Ljava/lang/Object;Ljava/lang/Object;)Z @ 7 c2
Event: 2.314 Thread 0x0000000029a5c000 Uncommon trap: reason=bimorphic_or_optimized_type_check action=maybe_recompile pc=0x0000000013201b30 method=java.util.WeakHashMap.eq(Ljava/lang/Object;Ljava/lang/Object;)Z @ 7 c2
Event: 2.314 Thread 0x0000000029a5c000 Uncommon trap: reason=bimorphic_or_optimized_type_check action=maybe_recompile pc=0x0000000013201b30 method=java.util.WeakHashMap.eq(Ljava/lang/Object;Ljava/lang/Object;)Z @ 7 c2
Event: 2.325 Thread 0x0000000037a5a000 Uncommon trap: reason=unstable_if action=reinterpret pc=0x0000000013251d74 method=io.github.classgraph.utils.InputStreamOrByteBufferAdapter.readUnsignedShort()I @ 10 c2
Event: 2.400 Thread 0x0000000037a59000 Uncommon trap: reason=unstable_if action=reinterpret pc=0x00000000132550b4 method=io.github.classgraph.utils.InputStreamOrByteBufferAdapter.readUnsignedByte()I @ 10 c2

Classes redefined (0 events):
No events

Internal exceptions (10 events):
Event: 1.709 Thread 0x0000000031bfe800 Exception <a 'java/lang/NoSuchMethodError'{0x000000071231df60}: java.lang.invoke.DirectMethodHandle$Holder.invokeStatic(Ljava/lang/Object;Ljava/lang/Object;JLjava/lang/Object;)Ljava/lang/Object;> (0x000000071231df60) thrown at [t:/workspace/open/src/hotsp
Event: 1.709 Thread 0x0000000031bfe800 Exception <a 'java/lang/NoSuchMethodError'{0x0000000712320d98}: java.lang.invoke.DirectMethodHandle$Holder.invokeStaticInit(Ljava/lang/Object;Ljava/lang/Object;JLjava/lang/Object;)Ljava/lang/Object;> (0x0000000712320d98) thrown at [t:/workspace/open/src/h
Event: 1.891 Thread 0x0000000029b26800 Exception <a 'java/io/FileNotFoundException'{0x0000000711a35610}> (0x0000000711a35610) thrown at [t:/workspace/open/src/hotspot/share/prims/jni.cpp, line 615]
Event: 1.909 Thread 0x0000000029b26800 Exception <a 'java/io/FileNotFoundException'{0x0000000711abdfe8}> (0x0000000711abdfe8) thrown at [t:/workspace/open/src/hotspot/share/prims/jni.cpp, line 615]
Event: 1.930 Thread 0x0000000029b26800 Exception <a 'java/io/FileNotFoundException'{0x000000071182afb0}> (0x000000071182afb0) thrown at [t:/workspace/open/src/hotspot/share/prims/jni.cpp, line 615]
Event: 2.112 Thread 0x0000000029b26800 Exception <a 'java/lang/NoSuchMethodError'{0x0000000710985698}: java.lang.invoke.DirectMethodHandle$Holder.invokeStatic(Ljava/lang/Object;Ljava/lang/Object;)D> (0x0000000710985698) thrown at [t:/workspace/open/src/hotspot/share/interpreter/linkResolver.cp
Event: 2.118 Thread 0x0000000029b26800 Exception <a 'java/lang/NoSuchMethodError'{0x00000007109a4220}: java.lang.invoke.DirectMethodHandle$Holder.invokeStatic(Ljava/lang/Object;Ljava/lang/Object;D)V> (0x00000007109a4220) thrown at [t:/workspace/open/src/hotspot/share/interpreter/linkResolver.c
Event: 2.197 Thread 0x0000000029b26800 Exception <a 'java/lang/NoSuchMethodError'{0x00000007106660f0}: java.lang.invoke.DirectMethodHandle$Holder.invokeStatic(Ljava/lang/Object;Ljava/lang/Object;I)V> (0x00000007106660f0) thrown at [t:/workspace/open/src/hotspot/share/interpreter/linkResolver.c
Event: 2.213 Thread 0x0000000037a4c800 Exception <a 'java/lang/NoSuchMethodError'{0x00000007105338f0}: java.lang.invoke.DirectMethodHandle$Holder.invokeSpecialIFC(Ljava/lang/Object;Ljava/lang/Object;I)I> (0x00000007105338f0) thrown at [t:/workspace/open/src/hotspot/share/interpreter/linkResolv
Event: 2.327 Thread 0x0000000029a5c000 Exception <a 'java/lang/NoSuchMethodError'{0x000000070fc97bd8}: java.lang.invoke.DirectMethodHandle$Holder.invokeStaticInit(Ljava/lang/Object;I)Ljava/lang/Object;> (0x000000070fc97bd8) thrown at [t:/workspace/open/src/hotspot/share/interpreter/linkResolve

Events (10 events):
Event: 2.465 Thread 0x00000000270f8000 flushing nmethod 0x000000000be2d190
Event: 2.465 Thread 0x00000000270f8000 flushing nmethod 0x000000000be49c10
Event: 2.465 Thread 0x00000000270f8000 flushing nmethod 0x000000000be57e90
Event: 2.465 Thread 0x00000000270f8000 flushing nmethod 0x000000000be77a10
Event: 2.465 Thread 0x00000000270f8000 flushing nmethod 0x000000000bea2410
Event: 2.473 Executing VM operation: RevokeBias
Event: 2.474 Executing VM operation: RevokeBias done
Event: 2.486 Executing VM operation: G1CollectForAllocation
Event: 2.486 Executing VM operation: G1CollectForAllocation done
Event: 2.486 Executing VM operation: G1CollectForAllocation


Dynamic libraries:
0x0000000000400000 - 0x00000000004d5000 	C:\Program Files\Greenfoot\Greenfoot.exe
0x00007ffeecea0000 - 0x00007ffeed090000 	C:\Windows\SYSTEM32\ntdll.dll
0x00007ffeec520000 - 0x00007ffeec5d2000 	C:\Windows\System32\KERNEL32.DLL
0x00007ffeea600000 - 0x00007ffeea8a5000 	C:\Windows\System32\KERNELBASE.dll
0x00007ffeecdc0000 - 0x00007ffeece5e000 	C:\Windows\System32\msvcrt.dll
0x00007ffeebd00000 - 0x00007ffeec3e8000 	C:\Windows\System32\SHELL32.dll
0x00007ffeeae50000 - 0x00007ffeeaf4a000 	C:\Windows\System32\ucrtbase.dll
0x00007ffeea8b0000 - 0x00007ffeea8fa000 	C:\Windows\System32\cfgmgr32.dll
0x00007ffeeb5f0000 - 0x00007ffeeb697000 	C:\Windows\System32\shcore.dll
0x00007ffeebbe0000 - 0x00007ffeebcff000 	C:\Windows\System32\RPCRT4.dll
0x00007ffeec650000 - 0x00007ffeec987000 	C:\Windows\System32\combase.dll
0x00007ffeeadc0000 - 0x00007ffeeae41000 	C:\Windows\System32\bcryptPrimitives.dll
0x00007ffee9e80000 - 0x00007ffeea5fb000 	C:\Windows\System32\windows.storage.dll
0x00007ffeeabf0000 - 0x00007ffeeac8e000 	C:\Windows\System32\msvcp_win.dll
0x00007ffeeb6a0000 - 0x00007ffeeb737000 	C:\Windows\System32\sechost.dll
0x00007ffeeb180000 - 0x00007ffeeb223000 	C:\Windows\System32\advapi32.dll
0x00007ffee9dd0000 - 0x00007ffee9df3000 	C:\Windows\System32\profapi.dll
0x00007ffee9d80000 - 0x00007ffee9dca000 	C:\Windows\System32\powrprof.dll
0x00007ffee9d50000 - 0x00007ffee9d60000 	C:\Windows\System32\UMPDC.dll
0x00007ffeecb20000 - 0x00007ffeecb72000 	C:\Windows\System32\shlwapi.dll
0x00007ffeebbb0000 - 0x00007ffeebbd6000 	C:\Windows\System32\GDI32.dll
0x00007ffeeac90000 - 0x00007ffeeacb1000 	C:\Windows\System32\win32u.dll
0x00007ffeea900000 - 0x00007ffeeaa98000 	C:\Windows\System32\gdi32full.dll
0x00007ffeecba0000 - 0x00007ffeecd34000 	C:\Windows\System32\USER32.dll
0x00007ffee9e00000 - 0x00007ffee9e11000 	C:\Windows\System32\kernel.appcore.dll
0x00007ffeeada0000 - 0x00007ffeeadb7000 	C:\Windows\System32\cryptsp.dll
0x00007ffee0520000 - 0x00007ffee052a000 	C:\Windows\SYSTEM32\VERSION.dll
0x00007ffeec990000 - 0x00007ffeec9be000 	C:\Windows\System32\IMM32.DLL
0x00007ffe88200000 - 0x00007ffe88d23000 	C:\Program Files\Greenfoot\jdk\bin\server\jvm.dll
0x00007ffeec3f0000 - 0x00007ffeec3f8000 	C:\Windows\System32\PSAPI.DLL
0x00007ffedd750000 - 0x00007ffedd774000 	C:\Windows\SYSTEM32\WINMM.dll
0x00007ffed4cc0000 - 0x00007ffed4cc9000 	C:\Windows\SYSTEM32\WSOCK32.dll
0x00007ffeda980000 - 0x00007ffeda996000 	C:\Program Files\Greenfoot\jdk\bin\VCRUNTIME140.dll
0x00007ffeec400000 - 0x00007ffeec46f000 	C:\Windows\System32\WS2_32.dll
0x00007ffedd720000 - 0x00007ffedd74d000 	C:\Windows\SYSTEM32\winmmbase.dll
0x00007ffeda960000 - 0x00007ffeda971000 	C:\Program Files\Greenfoot\jdk\bin\verify.dll
0x00007ffee85d0000 - 0x00007ffee87c4000 	C:\Windows\SYSTEM32\DBGHELP.DLL
0x00007ffedf800000 - 0x00007ffedf82a000 	C:\Windows\SYSTEM32\dbgcore.DLL
0x00007ffeda930000 - 0x00007ffeda958000 	C:\Program Files\Greenfoot\jdk\bin\java.dll
0x00007ffeda910000 - 0x00007ffeda926000 	C:\Program Files\Greenfoot\jdk\bin\zip.dll
0x00007ffee6150000 - 0x00007ffee615a000 	C:\Program Files\Greenfoot\jdk\bin\jimage.dll
0x00007ffeda8f0000 - 0x00007ffeda909000 	C:\Program Files\Greenfoot\jdk\bin\net.dll
0x00007ffee24f0000 - 0x00007ffee25e0000 	C:\Windows\SYSTEM32\WINHTTP.dll
0x00007ffedda30000 - 0x00007ffeddc06000 	C:\Windows\SYSTEM32\urlmon.dll
0x00007ffedd470000 - 0x00007ffedd717000 	C:\Windows\SYSTEM32\iertutil.dll
0x00007ffee9760000 - 0x00007ffee976c000 	C:\Windows\SYSTEM32\CRYPTBASE.DLL
0x00007ffee9590000 - 0x00007ffee95f7000 	C:\Windows\system32\mswsock.dll
0x00007ffeda8d0000 - 0x00007ffeda8e3000 	C:\Program Files\Greenfoot\jdk\bin\nio.dll
0x0000000180000000 - 0x0000000180003000 	C:\Program Files\Greenfoot\lib\javafx\bin\api-ms-win-core-console-l1-1-0.dll
0x0000000000700000 - 0x0000000000703000 	C:\Program Files\Greenfoot\lib\javafx\bin\api-ms-win-core-datetime-l1-1-0.dll
0x0000000000710000 - 0x0000000000713000 	C:\Program Files\Greenfoot\lib\javafx\bin\api-ms-win-core-debug-l1-1-0.dll
0x0000000000720000 - 0x0000000000723000 	C:\Program Files\Greenfoot\lib\javafx\bin\api-ms-win-core-errorhandling-l1-1-0.dll
0x0000000000730000 - 0x0000000000734000 	C:\Program Files\Greenfoot\lib\javafx\bin\api-ms-win-core-file-l1-1-0.dll
0x0000000000740000 - 0x0000000000743000 	C:\Program Files\Greenfoot\lib\javafx\bin\api-ms-win-core-file-l1-2-0.dll
0x0000000000760000 - 0x0000000000763000 	C:\Program Files\Greenfoot\lib\javafx\bin\api-ms-win-core-file-l2-1-0.dll
0x0000000000770000 - 0x0000000000773000 	C:\Program Files\Greenfoot\lib\javafx\bin\api-ms-win-core-handle-l1-1-0.dll
0x0000000000780000 - 0x0000000000783000 	C:\Program Files\Greenfoot\lib\javafx\bin\api-ms-win-core-heap-l1-1-0.dll
0x0000000000790000 - 0x0000000000793000 	C:\Program Files\Greenfoot\lib\javafx\bin\api-ms-win-core-interlocked-l1-1-0.dll
0x00000000007a0000 - 0x00000000007a3000 	C:\Program Files\Greenfoot\lib\javafx\bin\api-ms-win-core-libraryloader-l1-1-0.dll
0x00000000031a0000 - 0x00000000031a3000 	C:\Program Files\Greenfoot\lib\javafx\bin\api-ms-win-core-localization-l1-2-0.dll
0x00000000031b0000 - 0x00000000031b3000 	C:\Program Files\Greenfoot\lib\javafx\bin\api-ms-win-core-memory-l1-1-0.dll
0x00000000031c0000 - 0x00000000031c3000 	C:\Program Files\Greenfoot\lib\javafx\bin\api-ms-win-core-namedpipe-l1-1-0.dll
0x00000000031d0000 - 0x00000000031d3000 	C:\Program Files\Greenfoot\lib\javafx\bin\api-ms-win-core-processenvironment-l1-1-0.dll
0x00000000031e0000 - 0x00000000031e3000 	C:\Program Files\Greenfoot\lib\javafx\bin\api-ms-win-core-processthreads-l1-1-0.dll
0x00000000031f0000 - 0x00000000031f3000 	C:\Program Files\Greenfoot\lib\javafx\bin\api-ms-win-core-processthreads-l1-1-1.dll
0x0000000003200000 - 0x0000000003203000 	C:\Program Files\Greenfoot\lib\javafx\bin\api-ms-win-core-profile-l1-1-0.dll
0x0000000003210000 - 0x0000000003213000 	C:\Program Files\Greenfoot\lib\javafx\bin\api-ms-win-core-rtlsupport-l1-1-0.dll
0x0000000003220000 - 0x0000000003223000 	C:\Program Files\Greenfoot\lib\javafx\bin\api-ms-win-core-string-l1-1-0.dll
0x0000000003230000 - 0x0000000003233000 	C:\Program Files\Greenfoot\lib\javafx\bin\api-ms-win-core-synch-l1-1-0.dll
0x0000000003240000 - 0x0000000003243000 	C:\Program Files\Greenfoot\lib\javafx\bin\api-ms-win-core-synch-l1-2-0.dll
0x0000000003250000 - 0x0000000003253000 	C:\Program Files\Greenfoot\lib\javafx\bin\api-ms-win-core-sysinfo-l1-1-0.dll
0x0000000003260000 - 0x0000000003263000 	C:\Program Files\Greenfoot\lib\javafx\bin\api-ms-win-core-timezone-l1-1-0.dll
0x0000000003270000 - 0x0000000003273000 	C:\Program Files\Greenfoot\lib\javafx\bin\api-ms-win-core-util-l1-1-0.dll
0x0000000003280000 - 0x0000000003283000 	C:\Program Files\Greenfoot\lib\javafx\bin\api-ms-win-crt-conio-l1-1-0.dll
0x000000002a200000 - 0x000000002a204000 	C:\Program Files\Greenfoot\lib\javafx\bin\api-ms-win-crt-convert-l1-1-0.dll
0x000000002a210000 - 0x000000002a213000 	C:\Program Files\Greenfoot\lib\javafx\bin\api-ms-win-crt-environment-l1-1-0.dll
0x000000002a220000 - 0x000000002a223000 	C:\Program Files\Greenfoot\lib\javafx\bin\api-ms-win-crt-filesystem-l1-1-0.dll
0x000000002a230000 - 0x000000002a233000 	C:\Program Files\Greenfoot\lib\javafx\bin\api-ms-win-crt-heap-l1-1-0.dll
0x000000002a240000 - 0x000000002a243000 	C:\Program Files\Greenfoot\lib\javafx\bin\api-ms-win-crt-locale-l1-1-0.dll
0x000000002a250000 - 0x000000002a255000 	C:\Program Files\Greenfoot\lib\javafx\bin\api-ms-win-crt-math-l1-1-0.dll
0x000000002a260000 - 0x000000002a265000 	C:\Program Files\Greenfoot\lib\javafx\bin\api-ms-win-crt-multibyte-l1-1-0.dll
0x000000002a270000 - 0x000000002a280000 	C:\Program Files\Greenfoot\lib\javafx\bin\api-ms-win-crt-private-l1-1-0.dll
0x000000002a280000 - 0x000000002a283000 	C:\Program Files\Greenfoot\lib\javafx\bin\api-ms-win-crt-process-l1-1-0.dll
0x000000002a290000 - 0x000000002a294000 	C:\Program Files\Greenfoot\lib\javafx\bin\api-ms-win-crt-runtime-l1-1-0.dll
0x000000002a2a0000 - 0x000000002a2a4000 	C:\Program Files\Greenfoot\lib\javafx\bin\api-ms-win-crt-stdio-l1-1-0.dll
0x000000002a2b0000 - 0x000000002a2b4000 	C:\Program Files\Greenfoot\lib\javafx\bin\api-ms-win-crt-string-l1-1-0.dll
0x000000002a2c0000 - 0x000000002a2c3000 	C:\Program Files\Greenfoot\lib\javafx\bin\api-ms-win-crt-time-l1-1-0.dll
0x000000002a2d0000 - 0x000000002a2d3000 	C:\Program Files\Greenfoot\lib\javafx\bin\api-ms-win-crt-utility-l1-1-0.dll
0x00007ffea7200000 - 0x00007ffea72fa000 	C:\Program Files\Greenfoot\lib\javafx\bin\ucrtbase.dll
0x00007ffeda8b0000 - 0x00007ffeda8c6000 	C:\Program Files\Greenfoot\lib\javafx\bin\vcruntime140.dll
0x00007ffeacd60000 - 0x00007ffeace06000 	C:\Program Files\Greenfoot\lib\javafx\bin\msvcp140.dll
0x00007ffeb0290000 - 0x00007ffeb02e1000 	C:\Program Files\Greenfoot\lib\javafx\bin\concrt140.dll
0x00007ffebe670000 - 0x00007ffebe693000 	C:\Program Files\Greenfoot\lib\javafx\bin\prism_d3d.dll
0x00007ffea9ad0000 - 0x00007ffea9c97000 	C:\Windows\system32\d3d9.dll
0x00007ffee8040000 - 0x00007ffee806d000 	C:\Windows\SYSTEM32\dwmapi.dll
0x00007ffee8990000 - 0x00007ffee89b0000 	C:\Windows\SYSTEM32\dxcore.dll
0x00007ffee7c20000 - 0x00007ffee7cb9000 	C:\Windows\system32\uxtheme.dll
0x00007ffea1a90000 - 0x00007ffea1bed000 	C:\Windows\System32\DriverStore\FileRepository\iigd_dch.inf_amd64_02c328a4c327460d\igdumdim64.dll
0x00007ffe5c4a0000 - 0x00007ffe5fda6000 	C:\Windows\System32\DriverStore\FileRepository\iigd_dch.inf_amd64_02c328a4c327460d\igd9dxva64.dll
0x00007ffeeb020000 - 0x00007ffeeb177000 	C:\Windows\System32\ole32.dll
0x00007ffeeb520000 - 0x00007ffeeb5e5000 	C:\Windows\System32\OLEAUT32.dll
0x00007ffeeb740000 - 0x00007ffeebbb0000 	C:\Windows\System32\SETUPAPI.dll
0x00007ffeead70000 - 0x00007ffeead96000 	C:\Windows\System32\bcrypt.dll
0x00007ffec3770000 - 0x00007ffec3914000 	C:\Windows\System32\DriverStore\FileRepository\iigd_dch.inf_amd64_02c328a4c327460d\igdgmm64.dll
0x00007ffeb03f0000 - 0x00007ffeb0435000 	C:\Program Files\Greenfoot\lib\javafx\bin\glass.dll
0x00007ffeeaf50000 - 0x00007ffeeb020000 	C:\Windows\System32\COMDLG32.dll
0x00007ffebc960000 - 0x00007ffebca09000 	C:\Windows\WinSxS\amd64_microsoft.windows.common-controls_6595b64144ccf1df_5.82.18362.1316_none_73b62828d8134176\COMCTL32.dll
0x00007ffeeb3e0000 - 0x00007ffeeb515000 	C:\Windows\System32\MSCTF.dll
0x00007ffee6b60000 - 0x00007ffee6b86000 	C:\Windows\System32\DriverStore\FileRepository\iigd_dch.inf_amd64_02c328a4c327460d\igdinfo64.dll
0x00007ffec0ca0000 - 0x00007ffec32a1000 	C:\Windows\System32\DriverStore\FileRepository\iigd_dch.inf_amd64_02c328a4c327460d\igc64.dll
0x00007ffe96510000 - 0x00007ffe966ae000 	C:\Program Files\Greenfoot\jdk\bin\awt.dll
0x00007ffee3e70000 - 0x00007ffee4430000 	C:\Windows\SYSTEM32\d2d1.dll
0x00007ffee4a10000 - 0x00007ffee4a9f000 	C:\Windows\SYSTEM32\apphelp.dll
0x00007ffed4f50000 - 0x00007ffed4f64000 	C:\Program Files\Greenfoot\lib\javafx\bin\javafx_font.dll
0x00007ffee3890000 - 0x00007ffee3b8e000 	C:\Windows\SYSTEM32\dwrite.dll
0x00007ffeec470000 - 0x00007ffeec512000 	C:\Windows\System32\clbcatq.dll
0x00007ffed1e80000 - 0x00007ffed2104000 	C:\Windows\WinSxS\amd64_microsoft.windows.common-controls_6595b64144ccf1df_6.0.18362.1316_none_9e7a364fe461dbd7\comctl32.dll
0x00007ffec6810000 - 0x00007ffec69bf000 	C:\Windows\SYSTEM32\WindowsCodecs.dll
0x00007ffee0270000 - 0x00007ffee02ab000 	C:\Windows\system32\dataexchange.dll
0x00007ffee3b90000 - 0x00007ffee3deb000 	C:\Windows\system32\d3d11.dll
0x00007ffee68d0000 - 0x00007ffee6aad000 	C:\Windows\system32\dcomp.dll
0x00007ffee8a20000 - 0x00007ffee8b0b000 	C:\Windows\system32\dxgi.dll
0x00007ffee7ce0000 - 0x00007ffee7f3a000 	C:\Windows\system32\twinapi.appcore.dll
0x00007ffee8200000 - 0x00007ffee8229000 	C:\Windows\system32\RMCLIENT.dll
0x00007ffeb55b0000 - 0x00007ffeb55e3000 	C:\Program Files\Common Files\Microsoft Shared\Ink\rtscom.dll
0x00007ffee7130000 - 0x00007ffee71cd000 	C:\Windows\System32\TextInputFramework.dll
0x00007ffec6e20000 - 0x00007ffec714a000 	C:\Windows\System32\CoreUIComponents.dll
0x00007ffee4430000 - 0x00007ffee4504000 	C:\Windows\System32\CoreMessaging.dll

dbghelp: loaded successfully - version: 4.0.5 - missing functions: none
symbol engine: initialized successfully - sym options: 0x614 - pdb path: .;C:\Program Files\Greenfoot;C:\Windows\SYSTEM32;C:\Program Files\Greenfoot\jdk\bin\server;C:\Program Files\Greenfoot\jdk\bin;C:\Program Files\Greenfoot\lib\javafx\bin;C:\Windows\System32\DriverStore\FileRepository\iigd_dch.inf_amd64_02c328a4c327460d;C:\Windows\WinSxS\amd64_microsoft.windows.common-controls_6595b64144ccf1df_5.82.18362.1316_none_73b62828d8134176;C:\Windows\WinSxS\amd64_microsoft.windows.common-controls_6595b64144ccf1df_6.0.18362.1316_none_9e7a364fe461dbd7;C:\Program Files\Common Files\Microsoft Shared\Ink

VM Arguments:
jvm_args: -Djavafx.embed.singleThread=true 
java_command: <unknown>
java_class_path (initial): C:\Program Files\Greenfoot\lib\bluej.jar;C:\Program Files\Greenfoot\lib\javafx\lib\javafx.base.jar;C:\Program Files\Greenfoot\lib\javafx\lib\javafx.controls.jar;C:\Program Files\Greenfoot\lib\javafx\lib\javafx.fxml.jar;C:\Program Files\Greenfoot\lib\javafx\lib\javafx.graphics.jar;C:\Program Files\Greenfoot\lib\javafx\lib\javafx.media.jar;C:\Program Files\Greenfoot\lib\javafx\lib\javafx.properties.jar;C:\Program Files\Greenfoot\lib\javafx\lib\javafx.swing.jar;C:\Program Files\Greenfoot\lib\javafx\lib\javafx.web.jar
Launcher Type: generic

[Global flags]
     intx CICompilerCount                          = 4                                         {product} {ergonomic}
     uint ConcGCThreads                            = 2                                         {product} {ergonomic}
     uint G1ConcRefinementThreads                  = 8                                         {product} {ergonomic}
   size_t G1HeapRegionSize                         = 1048576                                   {product} {ergonomic}
    uintx GCDrainStackTargetSize                   = 64                                        {product} {ergonomic}
   size_t InitialHeapSize                          = 266338304                                 {product} {ergonomic}
   size_t MarkStackSize                            = 4194304                                   {product} {ergonomic}
   size_t MaxHeapSize                              = 4240441344                                {product} {ergonomic}
   size_t MaxNewSize                               = 2543845376                                {product} {ergonomic}
   size_t MinHeapDeltaBytes                        = 1048576                                   {product} {ergonomic}
    uintx NonNMethodCodeHeapSize                   = 5835340                                {pd product} {ergonomic}
    uintx NonProfiledCodeHeapSize                  = 122911450                              {pd product} {ergonomic}
    uintx ProfiledCodeHeapSize                     = 122911450                              {pd product} {ergonomic}
    uintx ReservedCodeCacheSize                    = 251658240                              {pd product} {ergonomic}
     bool SegmentedCodeCache                       = true                                      {product} {ergonomic}
     bool UseCompressedClassPointers               = true                                 {lp64_product} {ergonomic}
     bool UseCompressedOops                        = true                                 {lp64_product} {ergonomic}
     bool UseG1GC                                  = true                                      {product} {ergonomic}
     bool UseLargePagesIndividualAllocation        = false                                  {pd product} {ergonomic}

Logging:
Log output configuration:
 #0: stdout all=warning uptime,level,tags
 #1: stderr all=off uptime,level,tags

Environment Variables:
PATH=C:\App\db_home\bin;C:\Program Files\Microsoft MPI\Bin\;C:\Program Files (x86)\Common Files\Oracle\Java\javapath;C:\Windows\system32;C:\Windows;C:\Windows\System32\Wbem;C:\Windows\System32\WindowsPowerShell\v1.0\;C:\Windows\System32\OpenSSH\;C:\Program Files (x86)\Microsoft SQL Server\130\Tools\Binn\;C:\Program Files\Microsoft SQL Server\130\Tools\Binn\;C:\Program Files (x86)\Microsoft SQL Server\130\DTS\Binn\;C:\Program Files\Microsoft SQL Server\130\DTS\Binn\;C:\Program Files\Microsoft SQL Server\Client SDK\ODBC\130\Tools\Binn\;C:\Program Files (x86)\Microsoft SQL Server\150\DTS\Binn\;C:\Program Files\Azure Data Studio\bin;C:\Users\saraj\AppData\Local\Programs\Python\Python39\Scripts\;C:\Users\saraj\AppData\Local\Programs\Python\Python39\;C:\Users\saraj\AppData\Local\Microsoft\WindowsApps;;C:\Program Files\Azure Data Studio\bin;C:\Users\saraj\AppData\Local\Programs\Microsoft VS Code\bin
USERNAME=saraj
OS=Windows_NT
PROCESSOR_IDENTIFIER=Intel64 Family 6 Model 142 Stepping 12, GenuineIntel



---------------  S Y S T E M  ---------------

OS: Windows 10 , 64 bit Build 18362 (10.0.18362.1316)

CPU:total 8 (initial active 8) (4 cores per cpu, 2 threads per core) family 6 model 142 stepping 12, cmov, cx8, fxsr, mmx, sse, sse2, sse3, ssse3, sse4.1, sse4.2, popcnt, avx, avx2, aes, clmul, erms, 3dnowpref, lzcnt, ht, tsc, tscinvbit, bmi1, bmi2, adx, fma

Memory: 4k page, system-wide physical 16168M (3222M free)
TotalPageFile size 43144M (AvailPageFile size 42M)
current process WorkingSet (physical memory assigned to process): 402M, peak: 402M
current process commit charge ("private bytes"): 517M, peak: 568M

vm_info: OpenJDK 64-Bit Server VM (11.0.2+9) for windows-amd64 JRE (11.0.2+9), built on Jan 18 2019 05:23:22 by "mach5one" with MS VC++ 15.5 (VS2017)

END.
