#
# There is insufficient memory for the Java Runtime Environment to continue.
# Native memory allocation (malloc) failed to allocate 798976 bytes for Chunk::new
# Possible reasons:
#   The system is out of physical RAM or swap space
#   The process is running with CompressedOops enabled, and the Java Heap may be blocking the growth of the native heap
# Possible solutions:
#   Reduce memory load on the system
#   Increase physical memory or swap space
#   Check if swap backing store is full
#   Decrease Java heap size (-Xmx/-Xms)
#   Decrease number of Java threads
#   Decrease Java thread stack sizes (-Xss)
#   Set larger code cache with -XX:ReservedCodeCacheSize=
#   JVM is running with Zero Based Compressed Oops mode in which the Java heap is
#     placed in the first 32GB address space. The Java Heap base address is the
#     maximum limit for the native heap growth. Please use -XX:HeapBaseMinAddress
#     to set the Java Heap base and to place the Java Heap above 32GB virtual address.
# This output file may be truncated or incomplete.
#
#  Out of Memory Error (t:/workspace/open/src/hotspot/share/memory/arena.cpp:197), pid=125456, tid=12412
#
# JRE version: OpenJDK Runtime Environment (11.0.2+9) (build 11.0.2+9)
# Java VM: OpenJDK 64-Bit Server VM (11.0.2+9, mixed mode, tiered, compressed oops, g1 gc, windows-amd64)
# No core dump will be written. Minidumps are not enabled by default on client versions of Windows
#

---------------  S U M M A R Y ------------

Command Line: -Djavafx.embed.singleThread=true 

Host: Intel(R) Core(TM) i7-10510U CPU @ 1.80GHz, 8 cores, 15G,  Windows 10 , 64 bit Build 18362 (10.0.18362.1316)
Time: Tue May  4 20:19:53 2021 Eastern Daylight Time elapsed time: 2 seconds (0d 0h 0m 2s)

---------------  T H R E A D  ---------------

Current thread (0x00000000364c4800):  JavaThread "C2 CompilerThread2" daemon [_thread_in_native, id=12412, stack(0x000000003ef60000,0x000000003f160000)]


Current CompileTask:
C2:   2477 3548 %     4       io.github.classgraph.ClassfileBinaryParser::readClassInfoFromClassfileHeader @ 121 (2310 bytes)

Stack: [0x000000003ef60000,0x000000003f160000]
Native frames: (J=compiled Java code, j=interpreted, Vv=VM code, C=native code)
V  [jvm.dll+0x63489a]
V  [jvm.dll+0x771f9f]
V  [jvm.dll+0x773648]
V  [jvm.dll+0x773d03]
V  [jvm.dll+0x25eba8]
V  [jvm.dll+0xc2191]
V  [jvm.dll+0xc271c]
V  [jvm.dll+0x2cf964]
V  [jvm.dll+0x55129f]
V  [jvm.dll+0x21a5c9]
V  [jvm.dll+0x217a46]
V  [jvm.dll+0x194370]
V  [jvm.dll+0x226b3f]
V  [jvm.dll+0x225148]
V  [jvm.dll+0x73774d]
V  [jvm.dll+0x633942]
C  [ucrtbase.dll+0x210b2]
C  [KERNEL32.DLL+0x17c24]
C  [ntdll.dll+0x6d4d1]


---------------  P R O C E S S  ---------------

Threads class SMR info:
_java_thread_list=0x000000003a53cee0, length=45, elements={
0x0000000003293000, 0x0000000027d45000, 0x0000000027d4e000, 0x0000000027d60000,
0x0000000027d63000, 0x0000000027d66000, 0x0000000027db7800, 0x0000000027dbc000,
0x0000000027f20000, 0x0000000027f2b000, 0x0000000029916000, 0x00000000299c3800,
0x0000000029b13000, 0x0000000029b14000, 0x0000000029b4f800, 0x0000000030e0c800,
0x0000000030e0d000, 0x0000000029a7c000, 0x000000002999f000, 0x00000000368c5000,
0x0000000036891800, 0x0000000036894000, 0x0000000036896800, 0x0000000036893800,
0x0000000036891000, 0x0000000036896000, 0x0000000036895000, 0x0000000036897800,
0x0000000036892800, 0x00000000364c4800, 0x00000000364c8000, 0x00000000364ca800,
0x00000000364c9800, 0x00000000364cb000, 0x00000000364c7000, 0x00000000364c9000,
0x00000000364c5800, 0x00000000364c6800, 0x00000000364ce800, 0x00000000364d2000,
0x00000000364cd000, 0x00000000364cf800, 0x00000000364d0000, 0x00000000364d1000,
0x00000000364cd800
}

Java Threads: ( => current thread )
  0x0000000003293000 JavaThread "main" [_thread_blocked, id=134792, stack(0x00000000004e0000,0x00000000006e0000)]
  0x0000000027d45000 JavaThread "Reference Handler" daemon [_thread_blocked, id=109576, stack(0x00000000282a0000,0x00000000284a0000)]
  0x0000000027d4e000 JavaThread "Finalizer" daemon [_thread_blocked, id=54448, stack(0x00000000284a0000,0x00000000286a0000)]
  0x0000000027d60000 JavaThread "Signal Dispatcher" daemon [_thread_blocked, id=33412, stack(0x00000000287a0000,0x00000000289a0000)]
  0x0000000027d63000 JavaThread "Attach Listener" daemon [_thread_blocked, id=23372, stack(0x00000000289a0000,0x0000000028ba0000)]
  0x0000000027d66000 JavaThread "C2 CompilerThread0" daemon [_thread_in_native, id=133352, stack(0x0000000028ba0000,0x0000000028da0000)]
  0x0000000027db7800 JavaThread "C1 CompilerThread0" daemon [_thread_in_native, id=4148, stack(0x0000000028da0000,0x0000000028fa0000)]
  0x0000000027dbc000 JavaThread "Sweeper thread" daemon [_thread_blocked, id=107076, stack(0x0000000028fa0000,0x00000000291a0000)]
  0x0000000027f20000 JavaThread "Service Thread" daemon [_thread_blocked, id=117336, stack(0x00000000291a0000,0x00000000293a0000)]
  0x0000000027f2b000 JavaThread "Common-Cleaner" daemon [_thread_blocked, id=59072, stack(0x00000000295a0000,0x00000000297a0000)]
  0x0000000029916000 JavaThread "JavaFX-Launcher" [_thread_blocked, id=116160, stack(0x0000000029fa0000,0x000000002a1a0000)]
  0x00000000299c3800 JavaThread "QuantumRenderer-0" daemon [_thread_in_native, id=129224, stack(0x000000002a2c0000,0x000000002a4c0000)]
  0x0000000029b13000 JavaThread "InvokeLaterDispatcher" daemon [_thread_blocked, id=74100, stack(0x000000002a730000,0x000000002a930000)]
  0x0000000029b14000 JavaThread "JavaFX Application Thread" [_thread_blocked, id=121704, stack(0x000000002a930000,0x000000002ab30000)]
  0x0000000029b4f800 JavaThread "Thread-2" daemon [_thread_in_native, id=132468, stack(0x0000000032290000,0x0000000032490000)]
  0x0000000030e0c800 JavaThread "Java2D Disposer" daemon [_thread_blocked, id=77488, stack(0x0000000032c10000,0x0000000032e10000)]
  0x0000000030e0d000 JavaThread "AWT-Shutdown" [_thread_blocked, id=114100, stack(0x0000000032e10000,0x0000000033010000)]
  0x0000000029a7c000 JavaThread "AWT-Windows" daemon [_thread_in_native, id=58916, stack(0x0000000033010000,0x0000000033210000)]
  0x000000002999f000 JavaThread "Thread-3" [_thread_blocked, id=131992, stack(0x0000000033210000,0x0000000033410000)]
  0x00000000368c5000 JavaThread "AWT-EventQueue-0" [_thread_blocked, id=79236, stack(0x0000000038800000,0x0000000038a00000)]
  0x0000000036891800 JavaThread "TimerQueue" daemon [_thread_blocked, id=121400, stack(0x0000000038c00000,0x0000000038e00000)]
  0x0000000036894000 JavaThread "Image Fetcher 0" daemon [_thread_blocked, id=55980, stack(0x000000003aa40000,0x000000003ac40000)]
  0x0000000036896800 JavaThread "Keep-Alive-Timer" daemon [_thread_blocked, id=116960, stack(0x000000003ae40000,0x000000003b040000)]
  0x0000000036893800 JavaThread "Prism Font Disposer" daemon [_thread_blocked, id=138380, stack(0x000000003c440000,0x000000003c640000)]
  0x0000000036891000 JavaThread "Thread-6" [_thread_blocked, id=51892, stack(0x000000003d040000,0x000000003d240000)]
  0x0000000036896000 JavaThread "Thread-7" [_thread_blocked, id=75252, stack(0x000000003d240000,0x000000003d440000)]
  0x0000000036895000 JavaThread "C2 CompilerThread1" daemon [_thread_in_native, id=14060, stack(0x000000003d440000,0x000000003d640000)]
  0x0000000036897800 JavaThread "Thread-8" [_thread_blocked, id=48544, stack(0x000000003e960000,0x000000003eb60000)]
  0x0000000036892800 JavaThread "Timer-0" [_thread_blocked, id=10020, stack(0x000000003eb60000,0x000000003ed60000)]
=>0x00000000364c4800 JavaThread "C2 CompilerThread2" daemon [_thread_in_native, id=12412, stack(0x000000003ef60000,0x000000003f160000)]
  0x00000000364c8000 JavaThread "JDI Internal Event Handler" daemon [_thread_blocked, id=134056, stack(0x0000000040530000,0x0000000040730000)]
  0x00000000364ca800 JavaThread "JDI Target VM Interface" daemon [_thread_in_native, id=138044, stack(0x0000000040730000,0x0000000040930000)]
  0x00000000364c9800 JavaThread "BlueJ I/O Handler" [_thread_in_native, id=122764, stack(0x0000000040930000,0x0000000040b30000)]
  0x00000000364cb000 JavaThread "BlueJ I/O Handler" [_thread_in_native, id=35520, stack(0x0000000040b30000,0x0000000040d30000)]
  0x00000000364c7000 JavaThread "BlueJ I/O Handler" [_thread_blocked, id=74612, stack(0x0000000040d30000,0x0000000040f30000)]
  0x00000000364c9000 JavaThread "Thread-10" [_thread_blocked, id=128292, stack(0x0000000040f30000,0x0000000041130000)]
  0x00000000364c5800 JavaThread "vm-event-handler" [_thread_blocked, id=37024, stack(0x0000000041130000,0x0000000041330000)]
  0x00000000364c6800 JavaThread "ClassGraph-worker-0" daemon [_thread_in_Java, id=52516, stack(0x0000000039000000,0x0000000039200000)]
  0x00000000364ce800 JavaThread "Cleaner-0" daemon [_thread_blocked, id=7576, stack(0x0000000039200000,0x0000000039400000)]
  0x00000000364d2000 JavaThread "ClassGraph-worker-1" daemon [_thread_blocked, id=115392, stack(0x0000000039400000,0x0000000039600000)]
  0x00000000364cd000 JavaThread "ClassGraph-worker-2" daemon [_thread_in_vm, id=120936, stack(0x0000000039600000,0x0000000039800000)]
  0x00000000364cf800 JavaThread "ClassGraph-worker-3" daemon [_thread_in_vm, id=132200, stack(0x0000000041330000,0x0000000041530000)]
  0x00000000364d0000 JavaThread "ClassGraph-worker-4" daemon [_thread_blocked, id=11416, stack(0x0000000041530000,0x0000000041730000)]
  0x00000000364d1000 JavaThread "ClassGraph-worker-5" daemon [_thread_in_vm, id=84136, stack(0x0000000041730000,0x0000000041930000)]
  0x00000000364cd800 JavaThread "ClassGraph-worker-6" daemon [_thread_blocked, id=137516, stack(0x0000000041930000,0x0000000041b30000)]

Other Threads:
  0x0000000027090800 VMThread "VM Thread" [stack: 0x00000000280a0000,0x00000000282a0000] [id=50180]
  0x0000000027f35000 WatcherThread [stack: 0x00000000293a0000,0x00000000295a0000] [id=82660]
  0x00000000032a9000 GCTaskThread "GC Thread#0" [stack: 0x0000000002c30000,0x0000000002e30000] [id=77492]
  0x0000000029f07000 GCTaskThread "GC Thread#1" [stack: 0x0000000033610000,0x0000000033810000] [id=67148]
  0x0000000029c29000 GCTaskThread "GC Thread#2" [stack: 0x0000000033810000,0x0000000033a10000] [id=127848]
  0x0000000029c2a000 GCTaskThread "GC Thread#3" [stack: 0x0000000033a10000,0x0000000033c10000] [id=71356]
  0x0000000029c43800 GCTaskThread "GC Thread#4" [stack: 0x0000000033c10000,0x0000000033e10000] [id=38848]
  0x0000000030e49000 GCTaskThread "GC Thread#5" [stack: 0x0000000033e10000,0x0000000034010000] [id=125576]
  0x0000000030e49800 GCTaskThread "GC Thread#6" [stack: 0x0000000034010000,0x0000000034210000] [id=110360]
  0x0000000029ee2000 GCTaskThread "GC Thread#7" [stack: 0x0000000034210000,0x0000000034410000] [id=126816]
  0x0000000003308000 ConcurrentGCThread "G1 Main Marker" [stack: 0x0000000024220000,0x0000000024420000] [id=56816]
  0x0000000003309800 ConcurrentGCThread "G1 Conc#0" [stack: 0x0000000024420000,0x0000000024620000] [id=41596]
  0x0000000035b53800 ConcurrentGCThread "G1 Conc#1" [stack: 0x00000000380c0000,0x00000000382c0000] [id=134820]
  0x000000000334e800 ConcurrentGCThread "G1 Refine#0" [stack: 0x00000000270a0000,0x00000000272a0000] [id=67704]
  0x0000000029907800 ConcurrentGCThread "G1 Refine#1" [stack: 0x0000000034410000,0x0000000034610000] [id=126568]
  0x0000000029986800 ConcurrentGCThread "G1 Refine#2" [stack: 0x0000000034610000,0x0000000034810000] [id=61544]
  0x0000000026f7f800 ConcurrentGCThread "G1 Young RemSet Sampling" [stack: 0x00000000272a0000,0x00000000274a0000] [id=111204]

Threads with active compile tasks:
C2 CompilerThread03606       4       io.github.classgraph.utils.InputStreamOrByteBufferAdapter$1::read (11 bytes)
C2 CompilerThread13612   !   4       java.util.zip.InflaterInputStream::read (138 bytes)
C2 CompilerThread23548 %     4       io.github.classgraph.ClassfileBinaryParser::readClassInfoFromClassfileHeader @ 121 (2310 bytes)

VM state:not at safepoint (normal execution)

VM Mutex/Monitor currently owned by a thread: None

Heap address: 0x0000000703400000, size: 4044 MB, Compressed Oops mode: Zero based, Oop shift amount: 3
Narrow klass base: 0x0000000800000000, Narrow klass shift: 0
Compressed class space size: 1073741824 Address: 0x0000000800000000

Heap:
 garbage-first heap   total 312320K, used 198609K [0x0000000703400000, 0x0000000800000000)
  region size 1024K, 181 young (185344K), 8 survivors (8192K)
 Metaspace       used 46412K, capacity 48612K, committed 48848K, reserved 1091584K
  class space    used 6403K, capacity 7362K, committed 7380K, reserved 1048576K
Heap Regions: E=young(eden), S=young(survivor), O=old, HS=humongous(starts), HC=humongous(continues), CS=collection set, F=free, A=archive, TAMS=top-at-mark-start (previous, next)
|   0|0x0000000703400000, 0x0000000703500000, 0x0000000703500000|100%|HS|  |TAMS 0x0000000703500000, 0x0000000703400000| Complete 
|   1|0x0000000703500000, 0x0000000703600000, 0x0000000703600000|100%| O|  |TAMS 0x0000000703600000, 0x0000000703500000| Untracked 
|   2|0x0000000703600000, 0x0000000703700000, 0x0000000703700000|100%| O|  |TAMS 0x0000000703700000, 0x0000000703600000| Untracked 
|   3|0x0000000703700000, 0x0000000703800000, 0x0000000703800000|100%| O|  |TAMS 0x0000000703800000, 0x0000000703700000| Untracked 
|   4|0x0000000703800000, 0x0000000703900000, 0x0000000703900000|100%| O|  |TAMS 0x0000000703900000, 0x0000000703800000| Untracked 
|   5|0x0000000703900000, 0x0000000703a00000, 0x0000000703a00000|100%| O|  |TAMS 0x000000070396c200, 0x0000000703900000| Untracked 
|   6|0x0000000703a00000, 0x0000000703b00000, 0x0000000703b00000|100%|HS|  |TAMS 0x0000000703a00000, 0x0000000703a00000| Complete 
|   7|0x0000000703b00000, 0x0000000703c00000, 0x0000000703c00000|100%|HC|  |TAMS 0x0000000703b00000, 0x0000000703b00000| Complete 
|   8|0x0000000703c00000, 0x0000000703d00000, 0x0000000703d00000|100%| O|  |TAMS 0x0000000703c00000, 0x0000000703c00000| Untracked 
|   9|0x0000000703d00000, 0x0000000703e00000, 0x0000000703e00000|100%| O|  |TAMS 0x0000000703d00000, 0x0000000703d00000| Untracked 
|  10|0x0000000703e00000, 0x0000000703f00000, 0x0000000703f00000|100%| O|  |TAMS 0x0000000703e00000, 0x0000000703e00000| Untracked 
|  11|0x0000000703f00000, 0x0000000704000000, 0x0000000704000000|100%| O|  |TAMS 0x0000000703f00000, 0x0000000703f00000| Untracked 
|  12|0x0000000704000000, 0x0000000704100000, 0x0000000704100000|100%| O|  |TAMS 0x0000000704000000, 0x0000000704000000| Untracked 
|  13|0x0000000704100000, 0x00000007041f4400, 0x0000000704200000| 95%| O|  |TAMS 0x0000000704100000, 0x0000000704100000| Untracked 
|  14|0x0000000704200000, 0x0000000704200000, 0x0000000704300000|  0%| F|  |TAMS 0x0000000704200000, 0x0000000704200000| Untracked 
|  15|0x0000000704300000, 0x0000000704300000, 0x0000000704400000|  0%| F|  |TAMS 0x0000000704300000, 0x0000000704300000| Untracked 
|  16|0x0000000704400000, 0x0000000704400000, 0x0000000704500000|  0%| F|  |TAMS 0x0000000704400000, 0x0000000704400000| Untracked 
|  17|0x0000000704500000, 0x0000000704500000, 0x0000000704600000|  0%| F|  |TAMS 0x0000000704500000, 0x0000000704500000| Untracked 
|  18|0x0000000704600000, 0x0000000704600000, 0x0000000704700000|  0%| F|  |TAMS 0x0000000704600000, 0x0000000704600000| Untracked 
|  19|0x0000000704700000, 0x0000000704700000, 0x0000000704800000|  0%| F|  |TAMS 0x0000000704700000, 0x0000000704700000| Untracked 
|  20|0x0000000704800000, 0x0000000704800000, 0x0000000704900000|  0%| F|  |TAMS 0x0000000704800000, 0x0000000704800000| Untracked 
|  21|0x0000000704900000, 0x0000000704900000, 0x0000000704a00000|  0%| F|  |TAMS 0x0000000704900000, 0x0000000704900000| Untracked 
|  22|0x0000000704a00000, 0x0000000704a00000, 0x0000000704b00000|  0%| F|  |TAMS 0x0000000704a00000, 0x0000000704a00000| Untracked 
|  23|0x0000000704b00000, 0x0000000704b00000, 0x0000000704c00000|  0%| F|  |TAMS 0x0000000704b00000, 0x0000000704b00000| Untracked 
|  24|0x0000000704c00000, 0x0000000704c00000, 0x0000000704d00000|  0%| F|  |TAMS 0x0000000704c00000, 0x0000000704c00000| Untracked 
|  25|0x0000000704d00000, 0x0000000704d00000, 0x0000000704e00000|  0%| F|  |TAMS 0x0000000704d00000, 0x0000000704d00000| Untracked 
|  26|0x0000000704e00000, 0x0000000704e00000, 0x0000000704f00000|  0%| F|  |TAMS 0x0000000704e00000, 0x0000000704e00000| Untracked 
|  27|0x0000000704f00000, 0x0000000704f00000, 0x0000000705000000|  0%| F|  |TAMS 0x0000000704f00000, 0x0000000704f00000| Untracked 
|  28|0x0000000705000000, 0x0000000705000000, 0x0000000705100000|  0%| F|  |TAMS 0x0000000705000000, 0x0000000705000000| Untracked 
|  29|0x0000000705100000, 0x0000000705100000, 0x0000000705200000|  0%| F|  |TAMS 0x0000000705100000, 0x0000000705100000| Untracked 
|  30|0x0000000705200000, 0x0000000705200000, 0x0000000705300000|  0%| F|  |TAMS 0x0000000705200000, 0x0000000705200000| Untracked 
|  31|0x0000000705300000, 0x0000000705300000, 0x0000000705400000|  0%| F|  |TAMS 0x0000000705300000, 0x0000000705300000| Untracked 
|  32|0x0000000705400000, 0x0000000705400000, 0x0000000705500000|  0%| F|  |TAMS 0x0000000705400000, 0x0000000705400000| Untracked 
|  33|0x0000000705500000, 0x0000000705500000, 0x0000000705600000|  0%| F|  |TAMS 0x0000000705500000, 0x0000000705500000| Untracked 
|  34|0x0000000705600000, 0x0000000705600000, 0x0000000705700000|  0%| F|  |TAMS 0x0000000705600000, 0x0000000705600000| Untracked 
|  35|0x0000000705700000, 0x0000000705700000, 0x0000000705800000|  0%| F|  |TAMS 0x0000000705700000, 0x0000000705700000| Untracked 
|  36|0x0000000705800000, 0x0000000705800000, 0x0000000705900000|  0%| F|  |TAMS 0x0000000705800000, 0x0000000705800000| Untracked 
|  37|0x0000000705900000, 0x0000000705900000, 0x0000000705a00000|  0%| F|  |TAMS 0x0000000705900000, 0x0000000705900000| Untracked 
|  38|0x0000000705a00000, 0x0000000705a00000, 0x0000000705b00000|  0%| F|  |TAMS 0x0000000705a00000, 0x0000000705a00000| Untracked 
|  39|0x0000000705b00000, 0x0000000705b00000, 0x0000000705c00000|  0%| F|  |TAMS 0x0000000705b00000, 0x0000000705b00000| Untracked 
|  40|0x0000000705c00000, 0x0000000705c00000, 0x0000000705d00000|  0%| F|  |TAMS 0x0000000705c00000, 0x0000000705c00000| Untracked 
|  41|0x0000000705d00000, 0x0000000705d00000, 0x0000000705e00000|  0%| F|  |TAMS 0x0000000705d00000, 0x0000000705d00000| Untracked 
|  42|0x0000000705e00000, 0x0000000705e00000, 0x0000000705f00000|  0%| F|  |TAMS 0x0000000705e00000, 0x0000000705e00000| Untracked 
|  43|0x0000000705f00000, 0x0000000705f00000, 0x0000000706000000|  0%| F|  |TAMS 0x0000000705f00000, 0x0000000705f00000| Untracked 
|  44|0x0000000706000000, 0x0000000706000000, 0x0000000706100000|  0%| F|  |TAMS 0x0000000706000000, 0x0000000706000000| Untracked 
|  45|0x0000000706100000, 0x0000000706100000, 0x0000000706200000|  0%| F|  |TAMS 0x0000000706100000, 0x0000000706100000| Untracked 
|  46|0x0000000706200000, 0x0000000706200000, 0x0000000706300000|  0%| F|  |TAMS 0x0000000706200000, 0x0000000706200000| Untracked 
|  47|0x0000000706300000, 0x0000000706300000, 0x0000000706400000|  0%| F|  |TAMS 0x0000000706300000, 0x0000000706300000| Untracked 
|  48|0x0000000706400000, 0x0000000706400000, 0x0000000706500000|  0%| F|  |TAMS 0x0000000706400000, 0x0000000706400000| Untracked 
|  49|0x0000000706500000, 0x0000000706500000, 0x0000000706600000|  0%| F|  |TAMS 0x0000000706500000, 0x0000000706500000| Untracked 
|  50|0x0000000706600000, 0x0000000706600000, 0x0000000706700000|  0%| F|  |TAMS 0x0000000706600000, 0x0000000706600000| Untracked 
|  51|0x0000000706700000, 0x0000000706700000, 0x0000000706800000|  0%| F|  |TAMS 0x0000000706700000, 0x0000000706700000| Untracked 
|  52|0x0000000706800000, 0x0000000706800000, 0x0000000706900000|  0%| F|  |TAMS 0x0000000706800000, 0x0000000706800000| Untracked 
|  53|0x0000000706900000, 0x0000000706900000, 0x0000000706a00000|  0%| F|  |TAMS 0x0000000706900000, 0x0000000706900000| Untracked 
|  54|0x0000000706a00000, 0x0000000706a00000, 0x0000000706b00000|  0%| F|  |TAMS 0x0000000706a00000, 0x0000000706a00000| Untracked 
|  55|0x0000000706b00000, 0x0000000706b00000, 0x0000000706c00000|  0%| F|  |TAMS 0x0000000706b00000, 0x0000000706b00000| Untracked 
|  56|0x0000000706c00000, 0x0000000706c00000, 0x0000000706d00000|  0%| F|  |TAMS 0x0000000706c00000, 0x0000000706c00000| Untracked 
|  57|0x0000000706d00000, 0x0000000706d00000, 0x0000000706e00000|  0%| F|  |TAMS 0x0000000706d00000, 0x0000000706d00000| Untracked 
|  58|0x0000000706e00000, 0x0000000706e00000, 0x0000000706f00000|  0%| F|  |TAMS 0x0000000706e00000, 0x0000000706e00000| Untracked 
|  59|0x0000000706f00000, 0x0000000706f00000, 0x0000000707000000|  0%| F|  |TAMS 0x0000000706f00000, 0x0000000706f00000| Untracked 
|  60|0x0000000707000000, 0x0000000707000000, 0x0000000707100000|  0%| F|  |TAMS 0x0000000707000000, 0x0000000707000000| Untracked 
|  61|0x0000000707100000, 0x0000000707100000, 0x0000000707200000|  0%| F|  |TAMS 0x0000000707100000, 0x0000000707100000| Untracked 
|  62|0x0000000707200000, 0x0000000707200000, 0x0000000707300000|  0%| F|  |TAMS 0x0000000707200000, 0x0000000707200000| Untracked 
|  63|0x0000000707300000, 0x0000000707300000, 0x0000000707400000|  0%| F|  |TAMS 0x0000000707300000, 0x0000000707300000| Untracked 
|  64|0x0000000707400000, 0x0000000707400000, 0x0000000707500000|  0%| F|  |TAMS 0x0000000707400000, 0x0000000707400000| Untracked 
|  65|0x0000000707500000, 0x0000000707500000, 0x0000000707600000|  0%| F|  |TAMS 0x0000000707500000, 0x0000000707500000| Untracked 
|  66|0x0000000707600000, 0x0000000707600000, 0x0000000707700000|  0%| F|  |TAMS 0x0000000707600000, 0x0000000707600000| Untracked 
|  67|0x0000000707700000, 0x0000000707700000, 0x0000000707800000|  0%| F|  |TAMS 0x0000000707700000, 0x0000000707700000| Untracked 
|  68|0x0000000707800000, 0x0000000707800000, 0x0000000707900000|  0%| F|  |TAMS 0x0000000707800000, 0x0000000707800000| Untracked 
|  69|0x0000000707900000, 0x0000000707900000, 0x0000000707a00000|  0%| F|  |TAMS 0x0000000707900000, 0x0000000707900000| Untracked 
|  70|0x0000000707a00000, 0x0000000707a00000, 0x0000000707b00000|  0%| F|  |TAMS 0x0000000707a00000, 0x0000000707a00000| Untracked 
|  71|0x0000000707b00000, 0x0000000707b00000, 0x0000000707c00000|  0%| F|  |TAMS 0x0000000707b00000, 0x0000000707b00000| Untracked 
|  72|0x0000000707c00000, 0x0000000707c00000, 0x0000000707d00000|  0%| F|  |TAMS 0x0000000707c00000, 0x0000000707c00000| Untracked 
|  73|0x0000000707d00000, 0x0000000707d00000, 0x0000000707e00000|  0%| F|  |TAMS 0x0000000707d00000, 0x0000000707d00000| Untracked 
|  74|0x0000000707e00000, 0x0000000707e00000, 0x0000000707f00000|  0%| F|  |TAMS 0x0000000707e00000, 0x0000000707e00000| Untracked 
|  75|0x0000000707f00000, 0x0000000707f00000, 0x0000000708000000|  0%| F|  |TAMS 0x0000000707f00000, 0x0000000707f00000| Untracked 
|  76|0x0000000708000000, 0x0000000708000000, 0x0000000708100000|  0%| F|  |TAMS 0x0000000708000000, 0x0000000708000000| Untracked 
|  77|0x0000000708100000, 0x0000000708100000, 0x0000000708200000|  0%| F|  |TAMS 0x0000000708100000, 0x0000000708100000| Untracked 
|  78|0x0000000708200000, 0x0000000708200000, 0x0000000708300000|  0%| F|  |TAMS 0x0000000708200000, 0x0000000708200000| Untracked 
|  79|0x0000000708300000, 0x0000000708300000, 0x0000000708400000|  0%| F|  |TAMS 0x0000000708300000, 0x0000000708300000| Untracked 
|  80|0x0000000708400000, 0x0000000708400000, 0x0000000708500000|  0%| F|  |TAMS 0x0000000708400000, 0x0000000708400000| Untracked 
|  81|0x0000000708500000, 0x0000000708500000, 0x0000000708600000|  0%| F|  |TAMS 0x0000000708500000, 0x0000000708500000| Untracked 
|  82|0x0000000708600000, 0x0000000708600000, 0x0000000708700000|  0%| F|  |TAMS 0x0000000708600000, 0x0000000708600000| Untracked 
|  83|0x0000000708700000, 0x0000000708700000, 0x0000000708800000|  0%| F|  |TAMS 0x0000000708700000, 0x0000000708700000| Untracked 
|  84|0x0000000708800000, 0x0000000708800000, 0x0000000708900000|  0%| F|  |TAMS 0x0000000708800000, 0x0000000708800000| Untracked 
|  85|0x0000000708900000, 0x0000000708900000, 0x0000000708a00000|  0%| F|  |TAMS 0x0000000708900000, 0x0000000708900000| Untracked 
|  86|0x0000000708a00000, 0x0000000708a00000, 0x0000000708b00000|  0%| F|  |TAMS 0x0000000708a00000, 0x0000000708a00000| Untracked 
|  87|0x0000000708b00000, 0x0000000708b00000, 0x0000000708c00000|  0%| F|  |TAMS 0x0000000708b00000, 0x0000000708b00000| Untracked 
|  88|0x0000000708c00000, 0x0000000708c00000, 0x0000000708d00000|  0%| F|  |TAMS 0x0000000708c00000, 0x0000000708c00000| Untracked 
|  89|0x0000000708d00000, 0x0000000708d00000, 0x0000000708e00000|  0%| F|  |TAMS 0x0000000708d00000, 0x0000000708d00000| Untracked 
|  90|0x0000000708e00000, 0x0000000708e00000, 0x0000000708f00000|  0%| F|  |TAMS 0x0000000708e00000, 0x0000000708e00000| Untracked 
|  91|0x0000000708f00000, 0x0000000708f00000, 0x0000000709000000|  0%| F|  |TAMS 0x0000000708f00000, 0x0000000708f00000| Untracked 
|  92|0x0000000709000000, 0x0000000709000000, 0x0000000709100000|  0%| F|  |TAMS 0x0000000709000000, 0x0000000709000000| Untracked 
|  93|0x0000000709100000, 0x0000000709100000, 0x0000000709200000|  0%| F|  |TAMS 0x0000000709100000, 0x0000000709100000| Untracked 
|  94|0x0000000709200000, 0x0000000709200000, 0x0000000709300000|  0%| F|  |TAMS 0x0000000709200000, 0x0000000709200000| Untracked 
|  95|0x0000000709300000, 0x0000000709300000, 0x0000000709400000|  0%| F|  |TAMS 0x0000000709300000, 0x0000000709300000| Untracked 
|  96|0x0000000709400000, 0x0000000709400000, 0x0000000709500000|  0%| F|  |TAMS 0x0000000709400000, 0x0000000709400000| Untracked 
|  97|0x0000000709500000, 0x0000000709500000, 0x0000000709600000|  0%| F|  |TAMS 0x0000000709500000, 0x0000000709500000| Untracked 
|  98|0x0000000709600000, 0x0000000709600000, 0x0000000709700000|  0%| F|  |TAMS 0x0000000709600000, 0x0000000709600000| Untracked 
|  99|0x0000000709700000, 0x0000000709700000, 0x0000000709800000|  0%| F|  |TAMS 0x0000000709700000, 0x0000000709700000| Untracked 
| 100|0x0000000709800000, 0x0000000709800000, 0x0000000709900000|  0%| F|  |TAMS 0x0000000709800000, 0x0000000709800000| Untracked 
| 101|0x0000000709900000, 0x0000000709900000, 0x0000000709a00000|  0%| F|  |TAMS 0x0000000709900000, 0x0000000709900000| Untracked 
| 102|0x0000000709a00000, 0x0000000709a00000, 0x0000000709b00000|  0%| F|  |TAMS 0x0000000709a00000, 0x0000000709a00000| Untracked 
| 103|0x0000000709b00000, 0x0000000709b00000, 0x0000000709c00000|  0%| F|  |TAMS 0x0000000709b00000, 0x0000000709b00000| Untracked 
| 104|0x0000000709c00000, 0x0000000709c00000, 0x0000000709d00000|  0%| F|  |TAMS 0x0000000709c00000, 0x0000000709c00000| Untracked 
| 105|0x0000000709d00000, 0x0000000709d00000, 0x0000000709e00000|  0%| F|  |TAMS 0x0000000709d00000, 0x0000000709d00000| Untracked 
| 106|0x0000000709e00000, 0x0000000709e00000, 0x0000000709f00000|  0%| F|  |TAMS 0x0000000709e00000, 0x0000000709e00000| Untracked 
| 107|0x0000000709f00000, 0x0000000709f00000, 0x000000070a000000|  0%| F|  |TAMS 0x0000000709f00000, 0x0000000709f00000| Untracked 
| 108|0x000000070a000000, 0x000000070a000000, 0x000000070a100000|  0%| F|  |TAMS 0x000000070a000000, 0x000000070a000000| Untracked 
| 109|0x000000070a100000, 0x000000070a100000, 0x000000070a200000|  0%| F|  |TAMS 0x000000070a100000, 0x000000070a100000| Untracked 
| 110|0x000000070a200000, 0x000000070a200000, 0x000000070a300000|  0%| F|  |TAMS 0x000000070a200000, 0x000000070a200000| Untracked 
| 111|0x000000070a300000, 0x000000070a300000, 0x000000070a400000|  0%| F|  |TAMS 0x000000070a300000, 0x000000070a300000| Untracked 
| 112|0x000000070a400000, 0x000000070a400000, 0x000000070a500000|  0%| F|  |TAMS 0x000000070a400000, 0x000000070a400000| Untracked 
| 113|0x000000070a500000, 0x000000070a500000, 0x000000070a600000|  0%| F|  |TAMS 0x000000070a500000, 0x000000070a500000| Untracked 
| 114|0x000000070a600000, 0x000000070a600000, 0x000000070a700000|  0%| F|  |TAMS 0x000000070a600000, 0x000000070a600000| Untracked 
| 115|0x000000070a700000, 0x000000070a700000, 0x000000070a800000|  0%| F|  |TAMS 0x000000070a700000, 0x000000070a700000| Untracked 
| 116|0x000000070a800000, 0x000000070a800000, 0x000000070a900000|  0%| F|  |TAMS 0x000000070a800000, 0x000000070a800000| Untracked 
| 117|0x000000070a900000, 0x000000070a900000, 0x000000070aa00000|  0%| F|  |TAMS 0x000000070a900000, 0x000000070a900000| Untracked 
| 118|0x000000070aa00000, 0x000000070aa00000, 0x000000070ab00000|  0%| F|  |TAMS 0x000000070aa00000, 0x000000070aa00000| Untracked 
| 119|0x000000070ab00000, 0x000000070ab00000, 0x000000070ac00000|  0%| F|  |TAMS 0x000000070ab00000, 0x000000070ab00000| Untracked 
| 120|0x000000070ac00000, 0x000000070ac00000, 0x000000070ad00000|  0%| F|  |TAMS 0x000000070ac00000, 0x000000070ac00000| Untracked 
| 121|0x000000070ad00000, 0x000000070adb7a50, 0x000000070ae00000| 71%| E|  |TAMS 0x000000070ad00000, 0x000000070ad00000| Complete 
| 122|0x000000070ae00000, 0x000000070af00000, 0x000000070af00000|100%| E|CS|TAMS 0x000000070ae00000, 0x000000070ae00000| Complete 
| 123|0x000000070af00000, 0x000000070b000000, 0x000000070b000000|100%| E|CS|TAMS 0x000000070af00000, 0x000000070af00000| Complete 
| 124|0x000000070b000000, 0x000000070b100000, 0x000000070b100000|100%| E|CS|TAMS 0x000000070b000000, 0x000000070b000000| Complete 
| 125|0x000000070b100000, 0x000000070b200000, 0x000000070b200000|100%| E|CS|TAMS 0x000000070b100000, 0x000000070b100000| Complete 
| 126|0x000000070b200000, 0x000000070b300000, 0x000000070b300000|100%| E|CS|TAMS 0x000000070b200000, 0x000000070b200000| Complete 
| 127|0x000000070b300000, 0x000000070b400000, 0x000000070b400000|100%| E|CS|TAMS 0x000000070b300000, 0x000000070b300000| Complete 
| 128|0x000000070b400000, 0x000000070b500000, 0x000000070b500000|100%| E|CS|TAMS 0x000000070b400000, 0x000000070b400000| Complete 
| 129|0x000000070b500000, 0x000000070b600000, 0x000000070b600000|100%| E|CS|TAMS 0x000000070b500000, 0x000000070b500000| Complete 
| 130|0x000000070b600000, 0x000000070b700000, 0x000000070b700000|100%| E|CS|TAMS 0x000000070b600000, 0x000000070b600000| Complete 
| 131|0x000000070b700000, 0x000000070b800000, 0x000000070b800000|100%| E|CS|TAMS 0x000000070b700000, 0x000000070b700000| Complete 
| 132|0x000000070b800000, 0x000000070b900000, 0x000000070b900000|100%| E|CS|TAMS 0x000000070b800000, 0x000000070b800000| Complete 
| 133|0x000000070b900000, 0x000000070ba00000, 0x000000070ba00000|100%| E|CS|TAMS 0x000000070b900000, 0x000000070b900000| Complete 
| 134|0x000000070ba00000, 0x000000070bb00000, 0x000000070bb00000|100%| E|CS|TAMS 0x000000070ba00000, 0x000000070ba00000| Complete 
| 135|0x000000070bb00000, 0x000000070bc00000, 0x000000070bc00000|100%| E|CS|TAMS 0x000000070bb00000, 0x000000070bb00000| Complete 
| 136|0x000000070bc00000, 0x000000070bd00000, 0x000000070bd00000|100%| E|CS|TAMS 0x000000070bc00000, 0x000000070bc00000| Complete 
| 137|0x000000070bd00000, 0x000000070be00000, 0x000000070be00000|100%| E|CS|TAMS 0x000000070bd00000, 0x000000070bd00000| Complete 
| 138|0x000000070be00000, 0x000000070bf00000, 0x000000070bf00000|100%| E|CS|TAMS 0x000000070be00000, 0x000000070be00000| Complete 
| 139|0x000000070bf00000, 0x000000070c000000, 0x000000070c000000|100%| E|CS|TAMS 0x000000070bf00000, 0x000000070bf00000| Complete 
| 140|0x000000070c000000, 0x000000070c100000, 0x000000070c100000|100%| E|CS|TAMS 0x000000070c000000, 0x000000070c000000| Complete 
| 141|0x000000070c100000, 0x000000070c200000, 0x000000070c200000|100%| E|CS|TAMS 0x000000070c100000, 0x000000070c100000| Complete 
| 142|0x000000070c200000, 0x000000070c300000, 0x000000070c300000|100%| E|CS|TAMS 0x000000070c200000, 0x000000070c200000| Complete 
| 143|0x000000070c300000, 0x000000070c400000, 0x000000070c400000|100%| E|CS|TAMS 0x000000070c300000, 0x000000070c300000| Complete 
| 144|0x000000070c400000, 0x000000070c500000, 0x000000070c500000|100%| E|CS|TAMS 0x000000070c400000, 0x000000070c400000| Complete 
| 145|0x000000070c500000, 0x000000070c600000, 0x000000070c600000|100%| E|CS|TAMS 0x000000070c500000, 0x000000070c500000| Complete 
| 146|0x000000070c600000, 0x000000070c700000, 0x000000070c700000|100%| E|CS|TAMS 0x000000070c600000, 0x000000070c600000| Complete 
| 147|0x000000070c700000, 0x000000070c800000, 0x000000070c800000|100%| E|CS|TAMS 0x000000070c700000, 0x000000070c700000| Complete 
| 148|0x000000070c800000, 0x000000070c900000, 0x000000070c900000|100%| E|CS|TAMS 0x000000070c800000, 0x000000070c800000| Complete 
| 149|0x000000070c900000, 0x000000070ca00000, 0x000000070ca00000|100%| E|CS|TAMS 0x000000070c900000, 0x000000070c900000| Complete 
| 150|0x000000070ca00000, 0x000000070cb00000, 0x000000070cb00000|100%| E|CS|TAMS 0x000000070ca00000, 0x000000070ca00000| Complete 
| 151|0x000000070cb00000, 0x000000070cc00000, 0x000000070cc00000|100%| E|CS|TAMS 0x000000070cb00000, 0x000000070cb00000| Complete 
| 152|0x000000070cc00000, 0x000000070cd00000, 0x000000070cd00000|100%| E|CS|TAMS 0x000000070cc00000, 0x000000070cc00000| Complete 
| 153|0x000000070cd00000, 0x000000070ce00000, 0x000000070ce00000|100%| E|CS|TAMS 0x000000070cd00000, 0x000000070cd00000| Complete 
| 154|0x000000070ce00000, 0x000000070cf00000, 0x000000070cf00000|100%| E|CS|TAMS 0x000000070ce00000, 0x000000070ce00000| Complete 
| 155|0x000000070cf00000, 0x000000070d000000, 0x000000070d000000|100%| E|CS|TAMS 0x000000070cf00000, 0x000000070cf00000| Complete 
| 156|0x000000070d000000, 0x000000070d100000, 0x000000070d100000|100%| E|CS|TAMS 0x000000070d000000, 0x000000070d000000| Complete 
| 157|0x000000070d100000, 0x000000070d200000, 0x000000070d200000|100%| E|CS|TAMS 0x000000070d100000, 0x000000070d100000| Complete 
| 158|0x000000070d200000, 0x000000070d300000, 0x000000070d300000|100%| E|CS|TAMS 0x000000070d200000, 0x000000070d200000| Complete 
| 159|0x000000070d300000, 0x000000070d400000, 0x000000070d400000|100%| E|CS|TAMS 0x000000070d300000, 0x000000070d300000| Complete 
| 160|0x000000070d400000, 0x000000070d500000, 0x000000070d500000|100%| E|CS|TAMS 0x000000070d400000, 0x000000070d400000| Complete 
| 161|0x000000070d500000, 0x000000070d600000, 0x000000070d600000|100%| E|CS|TAMS 0x000000070d500000, 0x000000070d500000| Complete 
| 162|0x000000070d600000, 0x000000070d700000, 0x000000070d700000|100%| E|CS|TAMS 0x000000070d600000, 0x000000070d600000| Complete 
| 163|0x000000070d700000, 0x000000070d800000, 0x000000070d800000|100%| E|CS|TAMS 0x000000070d700000, 0x000000070d700000| Complete 
| 164|0x000000070d800000, 0x000000070d900000, 0x000000070d900000|100%| E|CS|TAMS 0x000000070d800000, 0x000000070d800000| Complete 
| 165|0x000000070d900000, 0x000000070da00000, 0x000000070da00000|100%| E|CS|TAMS 0x000000070d900000, 0x000000070d900000| Complete 
| 166|0x000000070da00000, 0x000000070db00000, 0x000000070db00000|100%| E|CS|TAMS 0x000000070da00000, 0x000000070da00000| Complete 
| 167|0x000000070db00000, 0x000000070dc00000, 0x000000070dc00000|100%| E|CS|TAMS 0x000000070db00000, 0x000000070db00000| Complete 
| 168|0x000000070dc00000, 0x000000070dd00000, 0x000000070dd00000|100%| E|CS|TAMS 0x000000070dc00000, 0x000000070dc00000| Complete 
| 169|0x000000070dd00000, 0x000000070de00000, 0x000000070de00000|100%| E|CS|TAMS 0x000000070dd00000, 0x000000070dd00000| Complete 
| 170|0x000000070de00000, 0x000000070df00000, 0x000000070df00000|100%| E|CS|TAMS 0x000000070de00000, 0x000000070de00000| Complete 
| 171|0x000000070df00000, 0x000000070e000000, 0x000000070e000000|100%| E|CS|TAMS 0x000000070df00000, 0x000000070df00000| Complete 
| 172|0x000000070e000000, 0x000000070e100000, 0x000000070e100000|100%| E|CS|TAMS 0x000000070e000000, 0x000000070e000000| Complete 
| 173|0x000000070e100000, 0x000000070e200000, 0x000000070e200000|100%| E|CS|TAMS 0x000000070e100000, 0x000000070e100000| Complete 
| 174|0x000000070e200000, 0x000000070e300000, 0x000000070e300000|100%| E|CS|TAMS 0x000000070e200000, 0x000000070e200000| Complete 
| 175|0x000000070e300000, 0x000000070e400000, 0x000000070e400000|100%| E|CS|TAMS 0x000000070e300000, 0x000000070e300000| Complete 
| 176|0x000000070e400000, 0x000000070e500000, 0x000000070e500000|100%| E|CS|TAMS 0x000000070e400000, 0x000000070e400000| Complete 
| 177|0x000000070e500000, 0x000000070e600000, 0x000000070e600000|100%| E|CS|TAMS 0x000000070e500000, 0x000000070e500000| Complete 
| 178|0x000000070e600000, 0x000000070e700000, 0x000000070e700000|100%| E|CS|TAMS 0x000000070e600000, 0x000000070e600000| Complete 
| 179|0x000000070e700000, 0x000000070e800000, 0x000000070e800000|100%| E|CS|TAMS 0x000000070e700000, 0x000000070e700000| Complete 
| 180|0x000000070e800000, 0x000000070e900000, 0x000000070e900000|100%| E|CS|TAMS 0x000000070e800000, 0x000000070e800000| Complete 
| 181|0x000000070e900000, 0x000000070ea00000, 0x000000070ea00000|100%| E|CS|TAMS 0x000000070e900000, 0x000000070e900000| Complete 
| 182|0x000000070ea00000, 0x000000070eb00000, 0x000000070eb00000|100%| E|CS|TAMS 0x000000070ea00000, 0x000000070ea00000| Complete 
| 183|0x000000070eb00000, 0x000000070ec00000, 0x000000070ec00000|100%| E|CS|TAMS 0x000000070eb00000, 0x000000070eb00000| Complete 
| 184|0x000000070ec00000, 0x000000070ed00000, 0x000000070ed00000|100%| E|CS|TAMS 0x000000070ec00000, 0x000000070ec00000| Complete 
| 185|0x000000070ed00000, 0x000000070ee00000, 0x000000070ee00000|100%| E|CS|TAMS 0x000000070ed00000, 0x000000070ed00000| Complete 
| 186|0x000000070ee00000, 0x000000070ef00000, 0x000000070ef00000|100%| E|CS|TAMS 0x000000070ee00000, 0x000000070ee00000| Complete 
| 187|0x000000070ef00000, 0x000000070f000000, 0x000000070f000000|100%| E|CS|TAMS 0x000000070ef00000, 0x000000070ef00000| Complete 
| 188|0x000000070f000000, 0x000000070f100000, 0x000000070f100000|100%| E|CS|TAMS 0x000000070f000000, 0x000000070f000000| Complete 
| 189|0x000000070f100000, 0x000000070f200000, 0x000000070f200000|100%| E|CS|TAMS 0x000000070f100000, 0x000000070f100000| Complete 
| 190|0x000000070f200000, 0x000000070f300000, 0x000000070f300000|100%| E|CS|TAMS 0x000000070f200000, 0x000000070f200000| Complete 
| 191|0x000000070f300000, 0x000000070f400000, 0x000000070f400000|100%| E|CS|TAMS 0x000000070f300000, 0x000000070f300000| Complete 
| 192|0x000000070f400000, 0x000000070f500000, 0x000000070f500000|100%| E|CS|TAMS 0x000000070f400000, 0x000000070f400000| Complete 
| 193|0x000000070f500000, 0x000000070f600000, 0x000000070f600000|100%| E|CS|TAMS 0x000000070f500000, 0x000000070f500000| Complete 
| 194|0x000000070f600000, 0x000000070f700000, 0x000000070f700000|100%| E|CS|TAMS 0x000000070f600000, 0x000000070f600000| Complete 
| 195|0x000000070f700000, 0x000000070f800000, 0x000000070f800000|100%| E|CS|TAMS 0x000000070f700000, 0x000000070f700000| Complete 
| 196|0x000000070f800000, 0x000000070f900000, 0x000000070f900000|100%| E|CS|TAMS 0x000000070f800000, 0x000000070f800000| Complete 
| 197|0x000000070f900000, 0x000000070fa00000, 0x000000070fa00000|100%| E|CS|TAMS 0x000000070f900000, 0x000000070f900000| Complete 
| 198|0x000000070fa00000, 0x000000070fb00000, 0x000000070fb00000|100%| E|CS|TAMS 0x000000070fa00000, 0x000000070fa00000| Complete 
| 199|0x000000070fb00000, 0x000000070fc00000, 0x000000070fc00000|100%| E|CS|TAMS 0x000000070fb00000, 0x000000070fb00000| Complete 
| 200|0x000000070fc00000, 0x000000070fd00000, 0x000000070fd00000|100%| E|CS|TAMS 0x000000070fc00000, 0x000000070fc00000| Complete 
| 201|0x000000070fd00000, 0x000000070fe00000, 0x000000070fe00000|100%| E|CS|TAMS 0x000000070fd00000, 0x000000070fd00000| Complete 
| 202|0x000000070fe00000, 0x000000070ff00000, 0x000000070ff00000|100%| E|CS|TAMS 0x000000070fe00000, 0x000000070fe00000| Complete 
| 203|0x000000070ff00000, 0x0000000710000000, 0x0000000710000000|100%| E|CS|TAMS 0x000000070ff00000, 0x000000070ff00000| Complete 
| 204|0x0000000710000000, 0x0000000710100000, 0x0000000710100000|100%| E|CS|TAMS 0x0000000710000000, 0x0000000710000000| Complete 
| 205|0x0000000710100000, 0x0000000710200000, 0x0000000710200000|100%| E|CS|TAMS 0x0000000710100000, 0x0000000710100000| Complete 
| 206|0x0000000710200000, 0x0000000710300000, 0x0000000710300000|100%| E|CS|TAMS 0x0000000710200000, 0x0000000710200000| Complete 
| 207|0x0000000710300000, 0x0000000710400000, 0x0000000710400000|100%| E|CS|TAMS 0x0000000710300000, 0x0000000710300000| Complete 
| 208|0x0000000710400000, 0x0000000710500000, 0x0000000710500000|100%| E|CS|TAMS 0x0000000710400000, 0x0000000710400000| Complete 
| 209|0x0000000710500000, 0x0000000710600000, 0x0000000710600000|100%| E|CS|TAMS 0x0000000710500000, 0x0000000710500000| Complete 
| 210|0x0000000710600000, 0x0000000710700000, 0x0000000710700000|100%| E|CS|TAMS 0x0000000710600000, 0x0000000710600000| Complete 
| 211|0x0000000710700000, 0x0000000710800000, 0x0000000710800000|100%| E|CS|TAMS 0x0000000710700000, 0x0000000710700000| Complete 
| 212|0x0000000710800000, 0x0000000710900000, 0x0000000710900000|100%| E|CS|TAMS 0x0000000710800000, 0x0000000710800000| Complete 
| 213|0x0000000710900000, 0x0000000710a00000, 0x0000000710a00000|100%| E|CS|TAMS 0x0000000710900000, 0x0000000710900000| Complete 
| 214|0x0000000710a00000, 0x0000000710b00000, 0x0000000710b00000|100%| E|CS|TAMS 0x0000000710a00000, 0x0000000710a00000| Complete 
| 215|0x0000000710b00000, 0x0000000710c00000, 0x0000000710c00000|100%| E|CS|TAMS 0x0000000710b00000, 0x0000000710b00000| Complete 
| 216|0x0000000710c00000, 0x0000000710d00000, 0x0000000710d00000|100%| E|CS|TAMS 0x0000000710c00000, 0x0000000710c00000| Complete 
| 217|0x0000000710d00000, 0x0000000710e00000, 0x0000000710e00000|100%| E|CS|TAMS 0x0000000710d00000, 0x0000000710d00000| Untracked 
| 218|0x0000000710e00000, 0x0000000710e00000, 0x0000000710f00000|  0%| F|  |TAMS 0x0000000710e00000, 0x0000000710e00000| Untracked 
| 219|0x0000000710f00000, 0x0000000710f00000, 0x0000000711000000|  0%| F|  |TAMS 0x0000000710f00000, 0x0000000710f00000| Untracked 
| 220|0x0000000711000000, 0x0000000711000000, 0x0000000711100000|  0%| F|  |TAMS 0x0000000711000000, 0x0000000711000000| Untracked 
| 221|0x0000000711100000, 0x0000000711100000, 0x0000000711200000|  0%| F|  |TAMS 0x0000000711100000, 0x0000000711100000| Untracked 
| 222|0x0000000711200000, 0x0000000711200000, 0x0000000711300000|  0%| F|  |TAMS 0x0000000711200000, 0x0000000711200000| Untracked 
| 223|0x0000000711300000, 0x0000000711300000, 0x0000000711400000|  0%| F|  |TAMS 0x0000000711300000, 0x0000000711300000| Untracked 
| 224|0x0000000711400000, 0x0000000711400000, 0x0000000711500000|  0%| F|  |TAMS 0x0000000711400000, 0x0000000711400000| Untracked 
| 225|0x0000000711500000, 0x0000000711500000, 0x0000000711600000|  0%| F|  |TAMS 0x0000000711500000, 0x0000000711500000| Untracked 
| 226|0x0000000711600000, 0x0000000711600000, 0x0000000711700000|  0%| F|  |TAMS 0x0000000711600000, 0x0000000711600000| Untracked 
| 227|0x0000000711700000, 0x0000000711700000, 0x0000000711800000|  0%| F|  |TAMS 0x0000000711700000, 0x0000000711700000| Untracked 
| 228|0x0000000711800000, 0x0000000711800000, 0x0000000711900000|  0%| F|  |TAMS 0x0000000711800000, 0x0000000711800000| Untracked 
| 229|0x0000000711900000, 0x0000000711900000, 0x0000000711a00000|  0%| F|  |TAMS 0x0000000711900000, 0x0000000711900000| Untracked 
| 230|0x0000000711a00000, 0x0000000711a00000, 0x0000000711b00000|  0%| F|  |TAMS 0x0000000711a00000, 0x0000000711a00000| Untracked 
| 231|0x0000000711b00000, 0x0000000711b00000, 0x0000000711c00000|  0%| F|  |TAMS 0x0000000711b00000, 0x0000000711b00000| Untracked 
| 232|0x0000000711c00000, 0x0000000711c00000, 0x0000000711d00000|  0%| F|  |TAMS 0x0000000711c00000, 0x0000000711c00000| Untracked 
| 233|0x0000000711d00000, 0x0000000711d00000, 0x0000000711e00000|  0%| F|  |TAMS 0x0000000711d00000, 0x0000000711d00000| Untracked 
| 234|0x0000000711e00000, 0x0000000711e00000, 0x0000000711f00000|  0%| F|  |TAMS 0x0000000711e00000, 0x0000000711e00000| Untracked 
| 235|0x0000000711f00000, 0x0000000711f00000, 0x0000000712000000|  0%| F|  |TAMS 0x0000000711f00000, 0x0000000711f00000| Untracked 
| 236|0x0000000712000000, 0x0000000712000000, 0x0000000712100000|  0%| F|  |TAMS 0x0000000712000000, 0x0000000712000000| Untracked 
| 237|0x0000000712100000, 0x0000000712100000, 0x0000000712200000|  0%| F|  |TAMS 0x0000000712100000, 0x0000000712100000| Untracked 
| 238|0x0000000712200000, 0x0000000712200000, 0x0000000712300000|  0%| F|  |TAMS 0x0000000712200000, 0x0000000712200000| Untracked 
| 239|0x0000000712300000, 0x0000000712300000, 0x0000000712400000|  0%| F|  |TAMS 0x0000000712300000, 0x0000000712300000| Untracked 
| 240|0x0000000712400000, 0x0000000712400000, 0x0000000712500000|  0%| F|  |TAMS 0x0000000712400000, 0x0000000712400000| Untracked 
| 241|0x0000000712500000, 0x0000000712500000, 0x0000000712600000|  0%| F|  |TAMS 0x0000000712500000, 0x0000000712500000| Untracked 
| 242|0x0000000712600000, 0x0000000712600000, 0x0000000712700000|  0%| F|  |TAMS 0x0000000712600000, 0x0000000712600000| Untracked 
| 243|0x0000000712700000, 0x0000000712700000, 0x0000000712800000|  0%| F|  |TAMS 0x0000000712700000, 0x0000000712700000| Untracked 
| 244|0x0000000712800000, 0x0000000712800000, 0x0000000712900000|  0%| F|  |TAMS 0x0000000712800000, 0x0000000712800000| Untracked 
| 245|0x0000000712900000, 0x0000000712900000, 0x0000000712a00000|  0%| F|  |TAMS 0x0000000712900000, 0x0000000712900000| Untracked 
| 246|0x0000000712a00000, 0x0000000712a00000, 0x0000000712b00000|  0%| F|  |TAMS 0x0000000712a00000, 0x0000000712a00000| Untracked 
| 247|0x0000000712b00000, 0x0000000712b00000, 0x0000000712c00000|  0%| F|  |TAMS 0x0000000712b00000, 0x0000000712b00000| Untracked 
| 248|0x0000000712c00000, 0x0000000712c00000, 0x0000000712d00000|  0%| F|  |TAMS 0x0000000712c00000, 0x0000000712c00000| Untracked 
| 249|0x0000000712d00000, 0x0000000712d00000, 0x0000000712e00000|  0%| F|  |TAMS 0x0000000712d00000, 0x0000000712d00000| Untracked 
| 250|0x0000000712e00000, 0x0000000712e00000, 0x0000000712f00000|  0%| F|  |TAMS 0x0000000712e00000, 0x0000000712e00000| Untracked 
| 251|0x0000000712f00000, 0x0000000712f00000, 0x0000000713000000|  0%| F|  |TAMS 0x0000000712f00000, 0x0000000712f00000| Untracked 
| 252|0x0000000713000000, 0x0000000713000000, 0x0000000713100000|  0%| F|  |TAMS 0x0000000713000000, 0x0000000713000000| Untracked 
| 253|0x0000000713100000, 0x0000000713100000, 0x0000000713200000|  0%| F|  |TAMS 0x0000000713100000, 0x0000000713100000| Untracked 
| 254|0x0000000713200000, 0x0000000713200000, 0x0000000713300000|  0%| F|  |TAMS 0x0000000713200000, 0x0000000713200000| Untracked 
| 255|0x0000000713300000, 0x0000000713300000, 0x0000000713400000|  0%| F|  |TAMS 0x0000000713300000, 0x0000000713300000| Untracked 
| 256|0x0000000713400000, 0x0000000713400000, 0x0000000713500000|  0%| F|  |TAMS 0x0000000713400000, 0x0000000713400000| Untracked 
| 257|0x0000000713500000, 0x0000000713500000, 0x0000000713600000|  0%| F|  |TAMS 0x0000000713500000, 0x0000000713500000| Untracked 
| 258|0x0000000713600000, 0x0000000713600000, 0x0000000713700000|  0%| F|  |TAMS 0x0000000713600000, 0x0000000713600000| Untracked 
| 259|0x0000000713700000, 0x0000000713700000, 0x0000000713800000|  0%| F|  |TAMS 0x0000000713700000, 0x0000000713700000| Untracked 
| 260|0x0000000713800000, 0x0000000713800000, 0x0000000713900000|  0%| F|  |TAMS 0x0000000713800000, 0x0000000713800000| Untracked 
| 261|0x0000000713900000, 0x0000000713900000, 0x0000000713a00000|  0%| F|  |TAMS 0x0000000713900000, 0x0000000713900000| Untracked 
| 262|0x0000000713a00000, 0x0000000713a00000, 0x0000000713b00000|  0%| F|  |TAMS 0x0000000713a00000, 0x0000000713a00000| Untracked 
| 263|0x0000000713b00000, 0x0000000713b00000, 0x0000000713c00000|  0%| F|  |TAMS 0x0000000713b00000, 0x0000000713b00000| Untracked 
| 264|0x0000000713c00000, 0x0000000713c00000, 0x0000000713d00000|  0%| F|  |TAMS 0x0000000713c00000, 0x0000000713c00000| Untracked 
| 265|0x0000000713d00000, 0x0000000713d00000, 0x0000000713e00000|  0%| F|  |TAMS 0x0000000713d00000, 0x0000000713d00000| Untracked 
| 266|0x0000000713e00000, 0x0000000713e00000, 0x0000000713f00000|  0%| F|  |TAMS 0x0000000713e00000, 0x0000000713e00000| Untracked 
| 267|0x0000000713f00000, 0x0000000713f00000, 0x0000000714000000|  0%| F|  |TAMS 0x0000000713f00000, 0x0000000713f00000| Untracked 
| 268|0x0000000714000000, 0x0000000714000000, 0x0000000714100000|  0%| F|  |TAMS 0x0000000714000000, 0x0000000714000000| Untracked 
| 269|0x0000000714100000, 0x0000000714100000, 0x0000000714200000|  0%| F|  |TAMS 0x0000000714100000, 0x0000000714100000| Untracked 
| 270|0x0000000714200000, 0x0000000714200000, 0x0000000714300000|  0%| F|  |TAMS 0x0000000714200000, 0x0000000714200000| Untracked 
| 271|0x0000000714300000, 0x0000000714300000, 0x0000000714400000|  0%| F|  |TAMS 0x0000000714300000, 0x0000000714300000| Untracked 
| 272|0x0000000714400000, 0x0000000714400000, 0x0000000714500000|  0%| F|  |TAMS 0x0000000714400000, 0x0000000714400000| Untracked 
| 273|0x0000000714500000, 0x0000000714500000, 0x0000000714600000|  0%| F|  |TAMS 0x0000000714500000, 0x0000000714500000| Untracked 
| 274|0x0000000714600000, 0x0000000714600000, 0x0000000714700000|  0%| F|  |TAMS 0x0000000714600000, 0x0000000714600000| Untracked 
| 275|0x0000000714700000, 0x0000000714700000, 0x0000000714800000|  0%| F|  |TAMS 0x0000000714700000, 0x0000000714700000| Untracked 
| 276|0x0000000714800000, 0x0000000714800000, 0x0000000714900000|  0%| F|  |TAMS 0x0000000714800000, 0x0000000714800000| Untracked 
| 277|0x0000000714900000, 0x0000000714900000, 0x0000000714a00000|  0%| F|  |TAMS 0x0000000714900000, 0x0000000714900000| Untracked 
| 278|0x0000000714a00000, 0x0000000714a00000, 0x0000000714b00000|  0%| F|  |TAMS 0x0000000714a00000, 0x0000000714a00000| Untracked 
| 279|0x0000000714b00000, 0x0000000714b00000, 0x0000000714c00000|  0%| F|  |TAMS 0x0000000714b00000, 0x0000000714b00000| Untracked 
| 280|0x0000000714c00000, 0x0000000714c00000, 0x0000000714d00000|  0%| F|  |TAMS 0x0000000714c00000, 0x0000000714c00000| Untracked 
| 281|0x0000000714d00000, 0x0000000714d00000, 0x0000000714e00000|  0%| F|  |TAMS 0x0000000714d00000, 0x0000000714d00000| Untracked 
| 282|0x0000000714e00000, 0x0000000714e00000, 0x0000000714f00000|  0%| F|  |TAMS 0x0000000714e00000, 0x0000000714e00000| Untracked 
| 283|0x0000000714f00000, 0x0000000714f00000, 0x0000000715000000|  0%| F|  |TAMS 0x0000000714f00000, 0x0000000714f00000| Untracked 
| 284|0x0000000715000000, 0x0000000715000000, 0x0000000715100000|  0%| F|  |TAMS 0x0000000715000000, 0x0000000715000000| Untracked 
| 285|0x0000000715100000, 0x0000000715100000, 0x0000000715200000|  0%| F|  |TAMS 0x0000000715100000, 0x0000000715100000| Untracked 
| 286|0x0000000715200000, 0x0000000715200000, 0x0000000715300000|  0%| F|  |TAMS 0x0000000715200000, 0x0000000715200000| Untracked 
| 287|0x0000000715300000, 0x0000000715300000, 0x0000000715400000|  0%| F|  |TAMS 0x0000000715300000, 0x0000000715300000| Untracked 
| 288|0x0000000715400000, 0x0000000715400000, 0x0000000715500000|  0%| F|  |TAMS 0x0000000715400000, 0x0000000715400000| Untracked 
| 289|0x0000000715500000, 0x0000000715500000, 0x0000000715600000|  0%| F|  |TAMS 0x0000000715500000, 0x0000000715500000| Untracked 
| 290|0x0000000715600000, 0x0000000715600000, 0x0000000715700000|  0%| F|  |TAMS 0x0000000715600000, 0x0000000715600000| Untracked 
| 291|0x0000000715700000, 0x0000000715700000, 0x0000000715800000|  0%| F|  |TAMS 0x0000000715700000, 0x0000000715700000| Untracked 
| 292|0x0000000715800000, 0x0000000715800000, 0x0000000715900000|  0%| F|  |TAMS 0x0000000715800000, 0x0000000715800000| Untracked 
| 293|0x0000000715900000, 0x0000000715900000, 0x0000000715a00000|  0%| F|  |TAMS 0x0000000715900000, 0x0000000715900000| Untracked 
| 294|0x0000000715a00000, 0x0000000715a00000, 0x0000000715b00000|  0%| F|  |TAMS 0x0000000715a00000, 0x0000000715a00000| Untracked 
| 295|0x0000000715b00000, 0x0000000715b00000, 0x0000000715c00000|  0%| F|  |TAMS 0x0000000715b00000, 0x0000000715b00000| Untracked 
| 296|0x0000000715c00000, 0x0000000715c00000, 0x0000000715d00000|  0%| F|  |TAMS 0x0000000715c00000, 0x0000000715c00000| Untracked 
| 297|0x0000000715d00000, 0x0000000715d00000, 0x0000000715e00000|  0%| F|  |TAMS 0x0000000715d00000, 0x0000000715d00000| Untracked 
| 298|0x0000000715e00000, 0x0000000715e00000, 0x0000000715f00000|  0%| F|  |TAMS 0x0000000715e00000, 0x0000000715e00000| Untracked 
| 299|0x0000000715f00000, 0x0000000715f00000, 0x0000000716000000|  0%| F|  |TAMS 0x0000000715f00000, 0x0000000715f00000| Untracked 
| 300|0x0000000716000000, 0x00000007160c41d0, 0x0000000716100000| 76%| E|  |TAMS 0x0000000716000000, 0x0000000716000000| Complete 
| 301|0x0000000716100000, 0x0000000716200000, 0x0000000716200000|100%| E|CS|TAMS 0x0000000716100000, 0x0000000716100000| Complete 
| 302|0x0000000716200000, 0x0000000716300000, 0x0000000716300000|100%| E|CS|TAMS 0x0000000716200000, 0x0000000716200000| Complete 
| 303|0x0000000716300000, 0x0000000716400000, 0x0000000716400000|100%| E|CS|TAMS 0x0000000716300000, 0x0000000716300000| Complete 
| 304|0x0000000716400000, 0x0000000716500000, 0x0000000716500000|100%| E|CS|TAMS 0x0000000716400000, 0x0000000716400000| Complete 

Card table byte_map: [0x000000001b2d0000,0x000000001bac0000] _byte_map_base: 0x0000000017ab6000

Marking Bits (Prev, Next): (CMBitMap*) 0x00000000032f7a28, (CMBitMap*) 0x00000000032f7a60
 Prev Bits: [0x000000001c2b0000, 0x00000000201e0000)
 Next Bits: [0x00000000201e0000, 0x0000000024110000)

Polling page: 0x00000000001f0000

Metaspace:

Usage:
  Non-class:     40.35 MB capacity,    39.08 MB ( 97%) used,     1.02 MB (  3%) free+waste,   247.38 KB ( <1%) overhead. 
      Class:      7.19 MB capacity,     6.25 MB ( 87%) used,   829.69 KB ( 11%) free+waste,   128.75 KB (  2%) overhead. 
       Both:     47.54 MB capacity,    45.34 MB ( 95%) used,     1.83 MB (  4%) free+waste,   376.13 KB ( <1%) overhead. 

Virtual space:
  Non-class space:       42.00 MB reserved,      40.50 MB ( 96%) committed 
      Class space:        1.00 GB reserved,       7.21 MB ( <1%) committed 
             Both:        1.04 GB reserved,      47.70 MB (  4%) committed 

Chunk freelists:
   Non-Class:  3.25 KB
       Class:  0 bytes
        Both:  3.25 KB

CodeHeap 'non-profiled nmethods': size=120000Kb used=1746Kb max_used=1784Kb free=118253Kb
 bounds [0x0000000013060000, 0x00000000132d0000, 0x000000001a590000]
CodeHeap 'profiled nmethods': size=120000Kb used=7071Kb max_used=7375Kb free=112929Kb
 bounds [0x000000000bb30000, 0x000000000c270000, 0x0000000013060000]
CodeHeap 'non-nmethods': size=5760Kb used=1508Kb max_used=1535Kb free=4252Kb
 bounds [0x000000000b590000, 0x000000000b800000, 0x000000000bb30000]
 total_blobs=5488 nmethods=3503 adapters=921
 compilation: enabled
              stopped_count=0, restarted_count=0
 full_count=0

Compilation events (10 events):
Event: 2.462 Thread 0x0000000027db7800 3615       1       io.github.classgraph.Scanner$ClassfileParserChunk::access$000 (5 bytes)
Event: 2.462 Thread 0x0000000027db7800 nmethod 3615 0x000000001321cc90 code [0x000000001321ce40, 0x000000001321cf38]
Event: 2.462 Thread 0x0000000027db7800 3616       1       io.github.classgraph.Scanner$ClassfileParserChunk::access$100 (5 bytes)
Event: 2.462 Thread 0x0000000027db7800 nmethod 3616 0x000000001321d010 code [0x000000001321d1c0, 0x000000001321d2b8]
Event: 2.464 Thread 0x0000000027db7800 3618       3       sun.nio.fs.NativeBuffers::releaseNativeBuffer (97 bytes)
Event: 2.465 Thread 0x0000000027db7800 nmethod 3618 0x000000000c259790 code [0x000000000c259a20, 0x000000000c25a960]
Event: 2.465 Thread 0x0000000027db7800 3617       3       sun.nio.fs.NativeBuffer::release (5 bytes)
Event: 2.465 Thread 0x0000000027db7800 nmethod 3617 0x000000000c25ad90 code [0x000000000c25af40, 0x000000000c25b0d0]
Event: 2.466 Thread 0x0000000027db7800 3619       1       io.github.classgraph.Scanner::access$300 (5 bytes)
Event: 2.466 Thread 0x0000000027db7800 nmethod 3619 0x000000001321d390 code [0x000000001321d540, 0x000000001321d638]

GC Heap History (10 events):
Event: 0.547 GC heap before
{Heap before GC invocations=0 (full 0):
 garbage-first heap   total 260096K, used 24576K [0x0000000703400000, 0x0000000800000000)
  region size 1024K, 24 young (24576K), 0 survivors (0K)
 Metaspace       used 15384K, capacity 15738K, committed 16000K, reserved 1062912K
  class space    used 1735K, capacity 1897K, committed 1920K, reserved 1048576K
}
Event: 0.551 GC heap after
{Heap after GC invocations=1 (full 0):
 garbage-first heap   total 260096K, used 5957K [0x0000000703400000, 0x0000000800000000)
  region size 1024K, 3 young (3072K), 3 survivors (3072K)
 Metaspace       used 15384K, capacity 15738K, committed 16000K, reserved 1062912K
  class space    used 1735K, capacity 1897K, committed 1920K, reserved 1048576K
}
Event: 0.787 GC heap before
{Heap before GC invocations=1 (full 0):
 garbage-first heap   total 260096K, used 19269K [0x0000000703400000, 0x0000000800000000)
  region size 1024K, 16 young (16384K), 3 survivors (3072K)
 Metaspace       used 20432K, capacity 21093K, committed 21248K, reserved 1067008K
  class space    used 2515K, capacity 2783K, committed 2816K, reserved 1048576K
}
Event: 0.790 GC heap after
{Heap after GC invocations=2 (full 0):
 garbage-first heap   total 260096K, used 7285K [0x0000000703400000, 0x0000000800000000)
  region size 1024K, 2 young (2048K), 2 survivors (2048K)
 Metaspace       used 20432K, capacity 21093K, committed 21248K, reserved 1067008K
  class space    used 2515K, capacity 2783K, committed 2816K, reserved 1048576K
}
Event: 0.794 GC heap before
{Heap before GC invocations=2 (full 0):
 garbage-first heap   total 260096K, used 7285K [0x0000000703400000, 0x0000000800000000)
  region size 1024K, 3 young (3072K), 2 survivors (2048K)
 Metaspace       used 20514K, capacity 21144K, committed 21248K, reserved 1067008K
  class space    used 2528K, capacity 2800K, committed 2816K, reserved 1048576K
}
Event: 0.796 GC heap after
{Heap after GC invocations=3 (full 0):
 garbage-first heap   total 260096K, used 7358K [0x0000000703400000, 0x0000000800000000)
  region size 1024K, 2 young (2048K), 2 survivors (2048K)
 Metaspace       used 20514K, capacity 21144K, committed 21248K, reserved 1067008K
  class space    used 2528K, capacity 2800K, committed 2816K, reserved 1048576K
}
Event: 1.548 GC heap before
{Heap before GC invocations=4 (full 0):
 garbage-first heap   total 260096K, used 32958K [0x0000000703400000, 0x0000000800000000)
  region size 1024K, 28 young (28672K), 2 survivors (2048K)
 Metaspace       used 34798K, capacity 35937K, committed 36048K, reserved 1081344K
  class space    used 4461K, capacity 4997K, committed 5076K, reserved 1048576K
}
Event: 1.553 GC heap after
{Heap after GC invocations=5 (full 0):
 garbage-first heap   total 260096K, used 10813K [0x0000000703400000, 0x0000000800000000)
  region size 1024K, 6 young (6144K), 6 survivors (6144K)
 Metaspace       used 34798K, capacity 35937K, committed 36048K, reserved 1081344K
  class space    used 4461K, capacity 4997K, committed 5076K, reserved 1048576K
}
Event: 2.370 GC heap before
{Heap before GC invocations=6 (full 0):
 garbage-first heap   total 260096K, used 68157K [0x0000000703400000, 0x0000000800000000)
  region size 1024K, 62 young (63488K), 6 survivors (6144K)
 Metaspace       used 46210K, capacity 48409K, committed 48592K, reserved 1091584K
  class space    used 6381K, capacity 7358K, committed 7380K, reserved 1048576K
}
Event: 2.382 GC heap after
{Heap after GC invocations=7 (full 0):
 garbage-first heap   total 312320K, used 22481K [0x0000000703400000, 0x0000000800000000)
  region size 1024K, 8 young (8192K), 8 survivors (8192K)
 Metaspace       used 46210K, capacity 48409K, committed 48592K, reserved 1091584K
  class space    used 6381K, capacity 7358K, committed 7380K, reserved 1048576K
}

Deoptimization events (10 events):
Event: 2.301 Thread 0x00000000364d1000 Uncommon trap: reason=unstable_if action=reinterpret pc=0x000000001315cadc method=java.util.concurrent.ConcurrentHashMap.putVal(Ljava/lang/Object;Ljava/lang/Object;Z)Ljava/lang/Object; @ 97 c2
Event: 2.301 Thread 0x00000000364d2000 Uncommon trap: reason=unstable_if action=reinterpret pc=0x000000001315cadc method=java.util.concurrent.ConcurrentHashMap.putVal(Ljava/lang/Object;Ljava/lang/Object;Z)Ljava/lang/Object; @ 97 c2
Event: 2.302 Thread 0x00000000364d1000 Uncommon trap: reason=unstable_if action=reinterpret pc=0x000000001317fb08 method=java.util.zip.InflaterInputStream.read([BII)I @ 41 c2
Event: 2.307 Thread 0x00000000364cd800 Uncommon trap: reason=unstable_if action=reinterpret pc=0x000000001315ec84 method=java.util.concurrent.ConcurrentHashMap.addCount(JI)V @ 269 c2
Event: 2.365 Thread 0x00000000364d1000 Uncommon trap: reason=unstable_if action=reinterpret pc=0x0000000013204874 method=io.github.classgraph.utils.InputStreamOrByteBufferAdapter.readUnsignedShort()I @ 10 c2
Event: 2.396 Thread 0x00000000299c3800 Uncommon trap: reason=bimorphic_or_optimized_type_check action=maybe_recompile pc=0x00000000131c143c method=java.util.WeakHashMap.eq(Ljava/lang/Object;Ljava/lang/Object;)Z @ 7 c2
Event: 2.397 Thread 0x00000000299c3800 Uncommon trap: reason=bimorphic_or_optimized_type_check action=maybe_recompile pc=0x00000000131c143c method=java.util.WeakHashMap.eq(Ljava/lang/Object;Ljava/lang/Object;)Z @ 7 c2
Event: 2.408 Thread 0x00000000299c3800 Uncommon trap: reason=bimorphic_or_optimized_type_check action=maybe_recompile pc=0x00000000131c143c method=java.util.WeakHashMap.eq(Ljava/lang/Object;Ljava/lang/Object;)Z @ 7 c2
Event: 2.408 Thread 0x00000000299c3800 Uncommon trap: reason=bimorphic_or_optimized_type_check action=maybe_recompile pc=0x00000000131c143c method=java.util.WeakHashMap.eq(Ljava/lang/Object;Ljava/lang/Object;)Z @ 7 c2
Event: 2.443 Thread 0x00000000364c6800 Uncommon trap: reason=unstable_if action=reinterpret pc=0x0000000013204c34 method=io.github.classgraph.utils.InputStreamOrByteBufferAdapter.readUnsignedByte()I @ 10 c2

Classes redefined (0 events):
No events

Internal exceptions (10 events):
Event: 1.763 Thread 0x0000000036891000 Exception <a 'java/lang/NoSuchMethodError'{0x0000000712344d58}: java.lang.invoke.DirectMethodHandle$Holder.invokeStatic(Ljava/lang/Object;Ljava/lang/Object;JLjava/lang/Object;)Ljava/lang/Object;> (0x0000000712344d58) thrown at [t:/workspace/open/src/hotsp
Event: 1.763 Thread 0x0000000036891000 Exception <a 'java/lang/NoSuchMethodError'{0x0000000712347b90}: java.lang.invoke.DirectMethodHandle$Holder.invokeStaticInit(Ljava/lang/Object;Ljava/lang/Object;JLjava/lang/Object;)Ljava/lang/Object;> (0x0000000712347b90) thrown at [t:/workspace/open/src/h
Event: 1.929 Thread 0x0000000029b14000 Exception <a 'java/io/FileNotFoundException'{0x0000000711a33730}> (0x0000000711a33730) thrown at [t:/workspace/open/src/hotspot/share/prims/jni.cpp, line 615]
Event: 1.944 Thread 0x0000000029b14000 Exception <a 'java/io/FileNotFoundException'{0x0000000711abbbd0}> (0x0000000711abbbd0) thrown at [t:/workspace/open/src/hotspot/share/prims/jni.cpp, line 615]
Event: 1.966 Thread 0x0000000029b14000 Exception <a 'java/io/FileNotFoundException'{0x00000007119ca488}> (0x00000007119ca488) thrown at [t:/workspace/open/src/hotspot/share/prims/jni.cpp, line 615]
Event: 2.161 Thread 0x0000000029b14000 Exception <a 'java/lang/NoSuchMethodError'{0x000000071090da40}: java.lang.invoke.DirectMethodHandle$Holder.invokeStatic(Ljava/lang/Object;Ljava/lang/Object;)D> (0x000000071090da40) thrown at [t:/workspace/open/src/hotspot/share/interpreter/linkResolver.cp
Event: 2.166 Thread 0x0000000029b14000 Exception <a 'java/lang/NoSuchMethodError'{0x000000071092cd30}: java.lang.invoke.DirectMethodHandle$Holder.invokeStatic(Ljava/lang/Object;Ljava/lang/Object;D)V> (0x000000071092cd30) thrown at [t:/workspace/open/src/hotspot/share/interpreter/linkResolver.c
Event: 2.249 Thread 0x0000000029b14000 Exception <a 'java/lang/NoSuchMethodError'{0x0000000710656668}: java.lang.invoke.DirectMethodHandle$Holder.invokeStatic(Ljava/lang/Object;Ljava/lang/Object;I)V> (0x0000000710656668) thrown at [t:/workspace/open/src/hotspot/share/interpreter/linkResolver.c
Event: 2.263 Thread 0x0000000036896000 Exception <a 'java/lang/NoSuchMethodError'{0x000000071051d1a0}: java.lang.invoke.DirectMethodHandle$Holder.invokeSpecialIFC(Ljava/lang/Object;Ljava/lang/Object;I)I> (0x000000071051d1a0) thrown at [t:/workspace/open/src/hotspot/share/interpreter/linkResolv
Event: 2.421 Thread 0x00000000299c3800 Exception <a 'java/lang/NoSuchMethodError'{0x0000000716332218}: java.lang.invoke.DirectMethodHandle$Holder.invokeStaticInit(Ljava/lang/Object;I)Ljava/lang/Object;> (0x0000000716332218) thrown at [t:/workspace/open/src/hotspot/share/interpreter/linkResolve

Events (10 events):
Event: 2.469 Executing VM operation: RevokeBias done
Event: 2.469 Thread 0x00000000364d2000 DEOPT PACKING pc=0x000000000c229b2b sp=0x00000000395fee20
Event: 2.469 Thread 0x00000000364d2000 DEOPT UNPACKING pc=0x000000000b5b8fce sp=0x00000000395fe490 mode 0
Event: 2.471 Thread 0x00000000364cd800 DEOPT PACKING pc=0x000000000c229b2b sp=0x0000000041b2eba0
Event: 2.471 Thread 0x00000000364cd800 DEOPT UNPACKING pc=0x000000000b5b8fce sp=0x0000000041b2e210 mode 0
Event: 2.472 Thread 0x00000000364d2000 DEOPT PACKING pc=0x000000000c229b2b sp=0x00000000395fee20
Event: 2.472 Thread 0x00000000364d2000 DEOPT UNPACKING pc=0x000000000b5b8fce sp=0x00000000395fe490 mode 0
Event: 2.474 Thread 0x00000000364d2000 DEOPT PACKING pc=0x000000000c229b2b sp=0x00000000395fee20
Event: 2.474 Thread 0x00000000364d2000 DEOPT UNPACKING pc=0x000000000b5b8fce sp=0x00000000395fe490 mode 0
Event: 2.475 Executing VM operation: RevokeBias


Dynamic libraries:
0x0000000000400000 - 0x00000000004d5000 	C:\Program Files\Greenfoot\Greenfoot.exe
0x00007ffeecea0000 - 0x00007ffeed090000 	C:\Windows\SYSTEM32\ntdll.dll
0x00007ffeec520000 - 0x00007ffeec5d2000 	C:\Windows\System32\KERNEL32.DLL
0x00007ffeea600000 - 0x00007ffeea8a5000 	C:\Windows\System32\KERNELBASE.dll
0x00007ffeecdc0000 - 0x00007ffeece5e000 	C:\Windows\System32\msvcrt.dll
0x00007ffeebd00000 - 0x00007ffeec3e8000 	C:\Windows\System32\SHELL32.dll
0x00007ffeeae50000 - 0x00007ffeeaf4a000 	C:\Windows\System32\ucrtbase.dll
0x00007ffeea8b0000 - 0x00007ffeea8fa000 	C:\Windows\System32\cfgmgr32.dll
0x00007ffeeb5f0000 - 0x00007ffeeb697000 	C:\Windows\System32\shcore.dll
0x00007ffeebbe0000 - 0x00007ffeebcff000 	C:\Windows\System32\RPCRT4.dll
0x00007ffeec650000 - 0x00007ffeec987000 	C:\Windows\System32\combase.dll
0x00007ffeeadc0000 - 0x00007ffeeae41000 	C:\Windows\System32\bcryptPrimitives.dll
0x00007ffee9e80000 - 0x00007ffeea5fb000 	C:\Windows\System32\windows.storage.dll
0x00007ffeeabf0000 - 0x00007ffeeac8e000 	C:\Windows\System32\msvcp_win.dll
0x00007ffeeb6a0000 - 0x00007ffeeb737000 	C:\Windows\System32\sechost.dll
0x00007ffeeb180000 - 0x00007ffeeb223000 	C:\Windows\System32\advapi32.dll
0x00007ffee9dd0000 - 0x00007ffee9df3000 	C:\Windows\System32\profapi.dll
0x00007ffee9d80000 - 0x00007ffee9dca000 	C:\Windows\System32\powrprof.dll
0x00007ffee9d50000 - 0x00007ffee9d60000 	C:\Windows\System32\UMPDC.dll
0x00007ffeecb20000 - 0x00007ffeecb72000 	C:\Windows\System32\shlwapi.dll
0x00007ffeebbb0000 - 0x00007ffeebbd6000 	C:\Windows\System32\GDI32.dll
0x00007ffeeac90000 - 0x00007ffeeacb1000 	C:\Windows\System32\win32u.dll
0x00007ffeea900000 - 0x00007ffeeaa98000 	C:\Windows\System32\gdi32full.dll
0x00007ffeecba0000 - 0x00007ffeecd34000 	C:\Windows\System32\USER32.dll
0x00007ffee9e00000 - 0x00007ffee9e11000 	C:\Windows\System32\kernel.appcore.dll
0x00007ffeeada0000 - 0x00007ffeeadb7000 	C:\Windows\System32\cryptsp.dll
0x00007ffee0520000 - 0x00007ffee052a000 	C:\Windows\SYSTEM32\VERSION.dll
0x00007ffeec990000 - 0x00007ffeec9be000 	C:\Windows\System32\IMM32.DLL
0x00007ffe88200000 - 0x00007ffe88d23000 	C:\Program Files\Greenfoot\jdk\bin\server\jvm.dll
0x00007ffeec3f0000 - 0x00007ffeec3f8000 	C:\Windows\System32\PSAPI.DLL
0x00007ffed4cc0000 - 0x00007ffed4cc9000 	C:\Windows\SYSTEM32\WSOCK32.dll
0x00007ffedd750000 - 0x00007ffedd774000 	C:\Windows\SYSTEM32\WINMM.dll
0x00007ffeda980000 - 0x00007ffeda996000 	C:\Program Files\Greenfoot\jdk\bin\VCRUNTIME140.dll
0x00007ffeec400000 - 0x00007ffeec46f000 	C:\Windows\System32\WS2_32.dll
0x00007ffedd720000 - 0x00007ffedd74d000 	C:\Windows\SYSTEM32\winmmbase.dll
0x00007ffeda960000 - 0x00007ffeda971000 	C:\Program Files\Greenfoot\jdk\bin\verify.dll
0x00007ffee85d0000 - 0x00007ffee87c4000 	C:\Windows\SYSTEM32\DBGHELP.DLL
0x00007ffedf800000 - 0x00007ffedf82a000 	C:\Windows\SYSTEM32\dbgcore.DLL
0x00007ffeda930000 - 0x00007ffeda958000 	C:\Program Files\Greenfoot\jdk\bin\java.dll
0x00007ffeda910000 - 0x00007ffeda926000 	C:\Program Files\Greenfoot\jdk\bin\zip.dll
0x00007ffee6150000 - 0x00007ffee615a000 	C:\Program Files\Greenfoot\jdk\bin\jimage.dll
0x00007ffeda8f0000 - 0x00007ffeda909000 	C:\Program Files\Greenfoot\jdk\bin\net.dll
0x00007ffee24f0000 - 0x00007ffee25e0000 	C:\Windows\SYSTEM32\WINHTTP.dll
0x00007ffedda30000 - 0x00007ffeddc06000 	C:\Windows\SYSTEM32\urlmon.dll
0x00007ffedd470000 - 0x00007ffedd717000 	C:\Windows\SYSTEM32\iertutil.dll
0x00007ffee9760000 - 0x00007ffee976c000 	C:\Windows\SYSTEM32\CRYPTBASE.DLL
0x00007ffee9590000 - 0x00007ffee95f7000 	C:\Windows\system32\mswsock.dll
0x00007ffeda8d0000 - 0x00007ffeda8e3000 	C:\Program Files\Greenfoot\jdk\bin\nio.dll
0x0000000180000000 - 0x0000000180003000 	C:\Program Files\Greenfoot\lib\javafx\bin\api-ms-win-core-console-l1-1-0.dll
0x0000000000710000 - 0x0000000000713000 	C:\Program Files\Greenfoot\lib\javafx\bin\api-ms-win-core-datetime-l1-1-0.dll
0x0000000000720000 - 0x0000000000723000 	C:\Program Files\Greenfoot\lib\javafx\bin\api-ms-win-core-debug-l1-1-0.dll
0x0000000000730000 - 0x0000000000733000 	C:\Program Files\Greenfoot\lib\javafx\bin\api-ms-win-core-errorhandling-l1-1-0.dll
0x0000000000740000 - 0x0000000000744000 	C:\Program Files\Greenfoot\lib\javafx\bin\api-ms-win-core-file-l1-1-0.dll
0x0000000000750000 - 0x0000000000753000 	C:\Program Files\Greenfoot\lib\javafx\bin\api-ms-win-core-file-l1-2-0.dll
0x0000000000760000 - 0x0000000000763000 	C:\Program Files\Greenfoot\lib\javafx\bin\api-ms-win-core-file-l2-1-0.dll
0x0000000003160000 - 0x0000000003163000 	C:\Program Files\Greenfoot\lib\javafx\bin\api-ms-win-core-handle-l1-1-0.dll
0x0000000003170000 - 0x0000000003173000 	C:\Program Files\Greenfoot\lib\javafx\bin\api-ms-win-core-heap-l1-1-0.dll
0x0000000003180000 - 0x0000000003183000 	C:\Program Files\Greenfoot\lib\javafx\bin\api-ms-win-core-interlocked-l1-1-0.dll
0x0000000003190000 - 0x0000000003193000 	C:\Program Files\Greenfoot\lib\javafx\bin\api-ms-win-core-libraryloader-l1-1-0.dll
0x00000000031a0000 - 0x00000000031a3000 	C:\Program Files\Greenfoot\lib\javafx\bin\api-ms-win-core-localization-l1-2-0.dll
0x00000000031b0000 - 0x00000000031b3000 	C:\Program Files\Greenfoot\lib\javafx\bin\api-ms-win-core-memory-l1-1-0.dll
0x00000000031c0000 - 0x00000000031c3000 	C:\Program Files\Greenfoot\lib\javafx\bin\api-ms-win-core-namedpipe-l1-1-0.dll
0x00000000031d0000 - 0x00000000031d3000 	C:\Program Files\Greenfoot\lib\javafx\bin\api-ms-win-core-processenvironment-l1-1-0.dll
0x00000000031e0000 - 0x00000000031e3000 	C:\Program Files\Greenfoot\lib\javafx\bin\api-ms-win-core-processthreads-l1-1-0.dll
0x00000000031f0000 - 0x00000000031f3000 	C:\Program Files\Greenfoot\lib\javafx\bin\api-ms-win-core-processthreads-l1-1-1.dll
0x0000000003200000 - 0x0000000003203000 	C:\Program Files\Greenfoot\lib\javafx\bin\api-ms-win-core-profile-l1-1-0.dll
0x0000000003210000 - 0x0000000003213000 	C:\Program Files\Greenfoot\lib\javafx\bin\api-ms-win-core-rtlsupport-l1-1-0.dll
0x0000000003220000 - 0x0000000003223000 	C:\Program Files\Greenfoot\lib\javafx\bin\api-ms-win-core-string-l1-1-0.dll
0x0000000003230000 - 0x0000000003233000 	C:\Program Files\Greenfoot\lib\javafx\bin\api-ms-win-core-synch-l1-1-0.dll
0x0000000003240000 - 0x0000000003243000 	C:\Program Files\Greenfoot\lib\javafx\bin\api-ms-win-core-synch-l1-2-0.dll
0x000000002a1a0000 - 0x000000002a1a3000 	C:\Program Files\Greenfoot\lib\javafx\bin\api-ms-win-core-sysinfo-l1-1-0.dll
0x000000002a1b0000 - 0x000000002a1b3000 	C:\Program Files\Greenfoot\lib\javafx\bin\api-ms-win-core-timezone-l1-1-0.dll
0x000000002a1c0000 - 0x000000002a1c3000 	C:\Program Files\Greenfoot\lib\javafx\bin\api-ms-win-core-util-l1-1-0.dll
0x000000002a1d0000 - 0x000000002a1d3000 	C:\Program Files\Greenfoot\lib\javafx\bin\api-ms-win-crt-conio-l1-1-0.dll
0x000000002a1e0000 - 0x000000002a1e4000 	C:\Program Files\Greenfoot\lib\javafx\bin\api-ms-win-crt-convert-l1-1-0.dll
0x000000002a1f0000 - 0x000000002a1f3000 	C:\Program Files\Greenfoot\lib\javafx\bin\api-ms-win-crt-environment-l1-1-0.dll
0x000000002a200000 - 0x000000002a203000 	C:\Program Files\Greenfoot\lib\javafx\bin\api-ms-win-crt-filesystem-l1-1-0.dll
0x000000002a210000 - 0x000000002a213000 	C:\Program Files\Greenfoot\lib\javafx\bin\api-ms-win-crt-heap-l1-1-0.dll
0x000000002a220000 - 0x000000002a223000 	C:\Program Files\Greenfoot\lib\javafx\bin\api-ms-win-crt-locale-l1-1-0.dll
0x000000002a230000 - 0x000000002a235000 	C:\Program Files\Greenfoot\lib\javafx\bin\api-ms-win-crt-math-l1-1-0.dll
0x000000002a240000 - 0x000000002a245000 	C:\Program Files\Greenfoot\lib\javafx\bin\api-ms-win-crt-multibyte-l1-1-0.dll
0x000000002a250000 - 0x000000002a260000 	C:\Program Files\Greenfoot\lib\javafx\bin\api-ms-win-crt-private-l1-1-0.dll
0x000000002a260000 - 0x000000002a263000 	C:\Program Files\Greenfoot\lib\javafx\bin\api-ms-win-crt-process-l1-1-0.dll
0x000000002a270000 - 0x000000002a274000 	C:\Program Files\Greenfoot\lib\javafx\bin\api-ms-win-crt-runtime-l1-1-0.dll
0x000000002a280000 - 0x000000002a284000 	C:\Program Files\Greenfoot\lib\javafx\bin\api-ms-win-crt-stdio-l1-1-0.dll
0x000000002a290000 - 0x000000002a294000 	C:\Program Files\Greenfoot\lib\javafx\bin\api-ms-win-crt-string-l1-1-0.dll
0x000000002a2a0000 - 0x000000002a2a3000 	C:\Program Files\Greenfoot\lib\javafx\bin\api-ms-win-crt-time-l1-1-0.dll
0x000000002a2b0000 - 0x000000002a2b3000 	C:\Program Files\Greenfoot\lib\javafx\bin\api-ms-win-crt-utility-l1-1-0.dll
0x00007ffea7200000 - 0x00007ffea72fa000 	C:\Program Files\Greenfoot\lib\javafx\bin\ucrtbase.dll
0x00007ffeda8b0000 - 0x00007ffeda8c6000 	C:\Program Files\Greenfoot\lib\javafx\bin\vcruntime140.dll
0x00007ffeacd60000 - 0x00007ffeace06000 	C:\Program Files\Greenfoot\lib\javafx\bin\msvcp140.dll
0x00007ffeb0290000 - 0x00007ffeb02e1000 	C:\Program Files\Greenfoot\lib\javafx\bin\concrt140.dll
0x00007ffebe670000 - 0x00007ffebe693000 	C:\Program Files\Greenfoot\lib\javafx\bin\prism_d3d.dll
0x00007ffea9ad0000 - 0x00007ffea9c97000 	C:\Windows\system32\d3d9.dll
0x00007ffee8040000 - 0x00007ffee806d000 	C:\Windows\SYSTEM32\dwmapi.dll
0x00007ffee8990000 - 0x00007ffee89b0000 	C:\Windows\SYSTEM32\dxcore.dll
0x00007ffee7c20000 - 0x00007ffee7cb9000 	C:\Windows\system32\uxtheme.dll
0x00007ffea1a90000 - 0x00007ffea1bed000 	C:\Windows\System32\DriverStore\FileRepository\iigd_dch.inf_amd64_02c328a4c327460d\igdumdim64.dll
0x00007ffe5c4a0000 - 0x00007ffe5fda6000 	C:\Windows\System32\DriverStore\FileRepository\iigd_dch.inf_amd64_02c328a4c327460d\igd9dxva64.dll
0x00007ffeeb020000 - 0x00007ffeeb177000 	C:\Windows\System32\ole32.dll
0x00007ffeeb520000 - 0x00007ffeeb5e5000 	C:\Windows\System32\OLEAUT32.dll
0x00007ffeeb740000 - 0x00007ffeebbb0000 	C:\Windows\System32\SETUPAPI.dll
0x00007ffeead70000 - 0x00007ffeead96000 	C:\Windows\System32\bcrypt.dll
0x00007ffec3770000 - 0x00007ffec3914000 	C:\Windows\System32\DriverStore\FileRepository\iigd_dch.inf_amd64_02c328a4c327460d\igdgmm64.dll
0x00007ffeb03f0000 - 0x00007ffeb0435000 	C:\Program Files\Greenfoot\lib\javafx\bin\glass.dll
0x00007ffeeaf50000 - 0x00007ffeeb020000 	C:\Windows\System32\COMDLG32.dll
0x00007ffebc960000 - 0x00007ffebca09000 	C:\Windows\WinSxS\amd64_microsoft.windows.common-controls_6595b64144ccf1df_5.82.18362.1316_none_73b62828d8134176\COMCTL32.dll
0x00007ffeeb3e0000 - 0x00007ffeeb515000 	C:\Windows\System32\MSCTF.dll
0x00007ffee6b60000 - 0x00007ffee6b86000 	C:\Windows\System32\DriverStore\FileRepository\iigd_dch.inf_amd64_02c328a4c327460d\igdinfo64.dll
0x00007ffec0ca0000 - 0x00007ffec32a1000 	C:\Windows\System32\DriverStore\FileRepository\iigd_dch.inf_amd64_02c328a4c327460d\igc64.dll
0x00007ffe96510000 - 0x00007ffe966ae000 	C:\Program Files\Greenfoot\jdk\bin\awt.dll
0x00007ffee3e70000 - 0x00007ffee4430000 	C:\Windows\SYSTEM32\d2d1.dll
0x00007ffee4a10000 - 0x00007ffee4a9f000 	C:\Windows\SYSTEM32\apphelp.dll
0x00007ffed4f50000 - 0x00007ffed4f64000 	C:\Program Files\Greenfoot\lib\javafx\bin\javafx_font.dll
0x00007ffee3890000 - 0x00007ffee3b8e000 	C:\Windows\SYSTEM32\dwrite.dll
0x00007ffeec470000 - 0x00007ffeec512000 	C:\Windows\System32\clbcatq.dll
0x00007ffed1e80000 - 0x00007ffed2104000 	C:\Windows\WinSxS\amd64_microsoft.windows.common-controls_6595b64144ccf1df_6.0.18362.1316_none_9e7a364fe461dbd7\comctl32.dll
0x00007ffec6810000 - 0x00007ffec69bf000 	C:\Windows\SYSTEM32\WindowsCodecs.dll
0x00007ffee0270000 - 0x00007ffee02ab000 	C:\Windows\system32\dataexchange.dll
0x00007ffee68d0000 - 0x00007ffee6aad000 	C:\Windows\system32\dcomp.dll
0x00007ffee3b90000 - 0x00007ffee3deb000 	C:\Windows\system32\d3d11.dll
0x00007ffee8a20000 - 0x00007ffee8b0b000 	C:\Windows\system32\dxgi.dll
0x00007ffee7ce0000 - 0x00007ffee7f3a000 	C:\Windows\system32\twinapi.appcore.dll
0x00007ffee8200000 - 0x00007ffee8229000 	C:\Windows\system32\RMCLIENT.dll
0x00007ffeb55b0000 - 0x00007ffeb55e3000 	C:\Program Files\Common Files\Microsoft Shared\Ink\rtscom.dll
0x00007ffee7130000 - 0x00007ffee71cd000 	C:\Windows\System32\TextInputFramework.dll
0x00007ffee4430000 - 0x00007ffee4504000 	C:\Windows\System32\CoreMessaging.dll
0x00007ffec6e20000 - 0x00007ffec714a000 	C:\Windows\System32\CoreUIComponents.dll

dbghelp: loaded successfully - version: 4.0.5 - missing functions: none
symbol engine: initialized successfully - sym options: 0x614 - pdb path: .;C:\Program Files\Greenfoot;C:\Windows\SYSTEM32;C:\Program Files\Greenfoot\jdk\bin\server;C:\Program Files\Greenfoot\jdk\bin;C:\Program Files\Greenfoot\lib\javafx\bin;C:\Windows\System32\DriverStore\FileRepository\iigd_dch.inf_amd64_02c328a4c327460d;C:\Windows\WinSxS\amd64_microsoft.windows.common-controls_6595b64144ccf1df_5.82.18362.1316_none_73b62828d8134176;C:\Windows\WinSxS\amd64_microsoft.windows.common-controls_6595b64144ccf1df_6.0.18362.1316_none_9e7a364fe461dbd7;C:\Program Files\Common Files\Microsoft Shared\Ink

VM Arguments:
jvm_args: -Djavafx.embed.singleThread=true 
java_command: <unknown>
java_class_path (initial): C:\Program Files\Greenfoot\lib\bluej.jar;C:\Program Files\Greenfoot\lib\javafx\lib\javafx.base.jar;C:\Program Files\Greenfoot\lib\javafx\lib\javafx.controls.jar;C:\Program Files\Greenfoot\lib\javafx\lib\javafx.fxml.jar;C:\Program Files\Greenfoot\lib\javafx\lib\javafx.graphics.jar;C:\Program Files\Greenfoot\lib\javafx\lib\javafx.media.jar;C:\Program Files\Greenfoot\lib\javafx\lib\javafx.properties.jar;C:\Program Files\Greenfoot\lib\javafx\lib\javafx.swing.jar;C:\Program Files\Greenfoot\lib\javafx\lib\javafx.web.jar
Launcher Type: generic

[Global flags]
     intx CICompilerCount                          = 4                                         {product} {ergonomic}
     uint ConcGCThreads                            = 2                                         {product} {ergonomic}
     uint G1ConcRefinementThreads                  = 8                                         {product} {ergonomic}
   size_t G1HeapRegionSize                         = 1048576                                   {product} {ergonomic}
    uintx GCDrainStackTargetSize                   = 64                                        {product} {ergonomic}
   size_t InitialHeapSize                          = 266338304                                 {product} {ergonomic}
   size_t MarkStackSize                            = 4194304                                   {product} {ergonomic}
   size_t MaxHeapSize                              = 4240441344                                {product} {ergonomic}
   size_t MaxNewSize                               = 2543845376                                {product} {ergonomic}
   size_t MinHeapDeltaBytes                        = 1048576                                   {product} {ergonomic}
    uintx NonNMethodCodeHeapSize                   = 5835340                                {pd product} {ergonomic}
    uintx NonProfiledCodeHeapSize                  = 122911450                              {pd product} {ergonomic}
    uintx ProfiledCodeHeapSize                     = 122911450                              {pd product} {ergonomic}
    uintx ReservedCodeCacheSize                    = 251658240                              {pd product} {ergonomic}
     bool SegmentedCodeCache                       = true                                      {product} {ergonomic}
     bool UseCompressedClassPointers               = true                                 {lp64_product} {ergonomic}
     bool UseCompressedOops                        = true                                 {lp64_product} {ergonomic}
     bool UseG1GC                                  = true                                      {product} {ergonomic}
     bool UseLargePagesIndividualAllocation        = false                                  {pd product} {ergonomic}

Logging:
Log output configuration:
 #0: stdout all=warning uptime,level,tags
 #1: stderr all=off uptime,level,tags

Environment Variables:
PATH=C:\App\db_home\bin;C:\Program Files\Microsoft MPI\Bin\;C:\Program Files (x86)\Common Files\Oracle\Java\javapath;C:\Windows\system32;C:\Windows;C:\Windows\System32\Wbem;C:\Windows\System32\WindowsPowerShell\v1.0\;C:\Windows\System32\OpenSSH\;C:\Program Files (x86)\Microsoft SQL Server\130\Tools\Binn\;C:\Program Files\Microsoft SQL Server\130\Tools\Binn\;C:\Program Files (x86)\Microsoft SQL Server\130\DTS\Binn\;C:\Program Files\Microsoft SQL Server\130\DTS\Binn\;C:\Program Files\Microsoft SQL Server\Client SDK\ODBC\130\Tools\Binn\;C:\Program Files (x86)\Microsoft SQL Server\150\DTS\Binn\;C:\Program Files\Azure Data Studio\bin;C:\Users\saraj\AppData\Local\Programs\Python\Python39\Scripts\;C:\Users\saraj\AppData\Local\Programs\Python\Python39\;C:\Users\saraj\AppData\Local\Microsoft\WindowsApps;;C:\Program Files\Azure Data Studio\bin;C:\Users\saraj\AppData\Local\Programs\Microsoft VS Code\bin
USERNAME=saraj
OS=Windows_NT
PROCESSOR_IDENTIFIER=Intel64 Family 6 Model 142 Stepping 12, GenuineIntel



---------------  S Y S T E M  ---------------

OS: Windows 10 , 64 bit Build 18362 (10.0.18362.1316)

CPU:total 8 (initial active 8) (4 cores per cpu, 2 threads per core) family 6 model 142 stepping 12, cmov, cx8, fxsr, mmx, sse, sse2, sse3, ssse3, sse4.1, sse4.2, popcnt, avx, avx2, aes, clmul, erms, 3dnowpref, lzcnt, ht, tsc, tscinvbit, bmi1, bmi2, adx, fma

Memory: 4k page, system-wide physical 16168M (3204M free)
TotalPageFile size 43144M (AvailPageFile size 5M)
current process WorkingSet (physical memory assigned to process): 430M, peak: 430M
current process commit charge ("private bytes"): 564M, peak: 565M

vm_info: OpenJDK 64-Bit Server VM (11.0.2+9) for windows-amd64 JRE (11.0.2+9), built on Jan 18 2019 05:23:22 by "mach5one" with MS VC++ 15.5 (VS2017)

END.
