#
# There is insufficient memory for the Java Runtime Environment to continue.
# Native memory allocation (malloc) failed to allocate 1779696 bytes for Chunk::new
# Possible reasons:
#   The system is out of physical RAM or swap space
#   The process is running with CompressedOops enabled, and the Java Heap may be blocking the growth of the native heap
# Possible solutions:
#   Reduce memory load on the system
#   Increase physical memory or swap space
#   Check if swap backing store is full
#   Decrease Java heap size (-Xmx/-Xms)
#   Decrease number of Java threads
#   Decrease Java thread stack sizes (-Xss)
#   Set larger code cache with -XX:ReservedCodeCacheSize=
#   JVM is running with Zero Based Compressed Oops mode in which the Java heap is
#     placed in the first 32GB address space. The Java Heap base address is the
#     maximum limit for the native heap growth. Please use -XX:HeapBaseMinAddress
#     to set the Java Heap base and to place the Java Heap above 32GB virtual address.
# This output file may be truncated or incomplete.
#
#  Out of Memory Error (t:/workspace/open/src/hotspot/share/memory/arena.cpp:197), pid=69280, tid=64304
#
# JRE version: OpenJDK Runtime Environment (11.0.2+9) (build 11.0.2+9)
# Java VM: OpenJDK 64-Bit Server VM (11.0.2+9, mixed mode, tiered, compressed oops, g1 gc, windows-amd64)
# No core dump will be written. Minidumps are not enabled by default on client versions of Windows
#

---------------  S U M M A R Y ------------

Command Line: -Djavafx.embed.singleThread=true 

Host: Intel(R) Core(TM) i7-10510U CPU @ 1.80GHz, 8 cores, 15G,  Windows 10 , 64 bit Build 18362 (10.0.18362.1316)
Time: Tue May  4 20:19:03 2021 Eastern Daylight Time elapsed time: 3 seconds (0d 0h 0m 3s)

---------------  T H R E A D  ---------------

Current thread (0x0000000027dc4800):  JavaThread "C2 CompilerThread0" daemon [_thread_in_native, id=64304, stack(0x0000000028bb0000,0x0000000028db0000)]


Current CompileTask:
C2:   3861 3993 %     4       io.github.classgraph.ClassfileBinaryParser::readClassInfoFromClassfileHeader @ 121 (2310 bytes)

Stack: [0x0000000028bb0000,0x0000000028db0000]
Native frames: (J=compiled Java code, j=interpreted, Vv=VM code, C=native code)
V  [jvm.dll+0x63489a]
V  [jvm.dll+0x771f9f]
V  [jvm.dll+0x773648]
V  [jvm.dll+0x773d03]
V  [jvm.dll+0x25eba8]
V  [jvm.dll+0xc2191]
V  [jvm.dll+0xc271c]
V  [jvm.dll+0x36cc47]
V  [jvm.dll+0x339b13]
V  [jvm.dll+0x338eea]
V  [jvm.dll+0x2189c5]
V  [jvm.dll+0x217b6a]
V  [jvm.dll+0x194370]
V  [jvm.dll+0x226b3f]
V  [jvm.dll+0x225148]
V  [jvm.dll+0x73774d]
V  [jvm.dll+0x633942]
C  [ucrtbase.dll+0x210b2]
C  [KERNEL32.DLL+0x17c24]
C  [ntdll.dll+0x6d4d1]


---------------  P R O C E S S  ---------------

Threads class SMR info:
_java_thread_list=0x00000000318d46f0, length=31, elements={
0x0000000003295000, 0x0000000027d55000, 0x0000000027d5e800, 0x0000000027dbf000,
0x0000000027dc2000, 0x0000000027dc4800, 0x0000000027d6c000, 0x00000000270ae000,
0x0000000027f52800, 0x0000000027f5f800, 0x0000000029941000, 0x00000000299ce800,
0x0000000029b84800, 0x0000000029b19800, 0x0000000031138800, 0x0000000029eb2000,
0x0000000029eb6800, 0x000000003102d800, 0x0000000029ce7800, 0x0000000036705000,
0x00000000364f5800, 0x00000000364f2000, 0x00000000364f6800, 0x00000000364f1800,
0x00000000364f3000, 0x00000000364f4000, 0x0000000037a68800, 0x00000000364f4800,
0x00000000364f8000, 0x0000000037d89000, 0x0000000037ed7800
}

Java Threads: ( => current thread )
  0x0000000003295000 JavaThread "main" [_thread_blocked, id=9492, stack(0x00000000004e0000,0x00000000006e0000)]
  0x0000000027d55000 JavaThread "Reference Handler" daemon [_thread_blocked, id=130120, stack(0x00000000282b0000,0x00000000284b0000)]
  0x0000000027d5e800 JavaThread "Finalizer" daemon [_thread_blocked, id=128044, stack(0x00000000284b0000,0x00000000286b0000)]
  0x0000000027dbf000 JavaThread "Signal Dispatcher" daemon [_thread_blocked, id=132608, stack(0x00000000287b0000,0x00000000289b0000)]
  0x0000000027dc2000 JavaThread "Attach Listener" daemon [_thread_blocked, id=60108, stack(0x00000000289b0000,0x0000000028bb0000)]
=>0x0000000027dc4800 JavaThread "C2 CompilerThread0" daemon [_thread_in_native, id=64304, stack(0x0000000028bb0000,0x0000000028db0000)]
  0x0000000027d6c000 JavaThread "C1 CompilerThread0" daemon [_thread_in_native, id=109664, stack(0x0000000028db0000,0x0000000028fb0000)]
  0x00000000270ae000 JavaThread "Sweeper thread" daemon [_thread_blocked, id=123036, stack(0x0000000028fb0000,0x00000000291b0000)]
  0x0000000027f52800 JavaThread "Service Thread" daemon [_thread_blocked, id=45948, stack(0x00000000291b0000,0x00000000293b0000)]
  0x0000000027f5f800 JavaThread "Common-Cleaner" daemon [_thread_blocked, id=94364, stack(0x00000000295b0000,0x00000000297b0000)]
  0x0000000029941000 JavaThread "JavaFX-Launcher" [_thread_blocked, id=13844, stack(0x0000000029fb0000,0x000000002a1b0000)]
  0x00000000299ce800 JavaThread "QuantumRenderer-0" daemon [_thread_blocked, id=64124, stack(0x000000002a2e0000,0x000000002a4e0000)]
  0x0000000029b84800 JavaThread "InvokeLaterDispatcher" daemon [_thread_blocked, id=139240, stack(0x000000002a860000,0x000000002aa60000)]
  0x0000000029b19800 JavaThread "JavaFX Application Thread" [_thread_in_native, id=10136, stack(0x000000002aa60000,0x000000002ac60000)]
  0x0000000031138800 JavaThread "Thread-2" daemon [_thread_in_native, id=103376, stack(0x00000000328e0000,0x0000000032ae0000)]
  0x0000000029eb2000 JavaThread "Java2D Disposer" daemon [_thread_blocked, id=25264, stack(0x0000000032ce0000,0x0000000032ee0000)]
  0x0000000029eb6800 JavaThread "AWT-Shutdown" [_thread_blocked, id=126952, stack(0x0000000032ee0000,0x00000000330e0000)]
  0x000000003102d800 JavaThread "AWT-Windows" daemon [_thread_in_native, id=27220, stack(0x00000000330e0000,0x00000000332e0000)]
  0x0000000029ce7800 JavaThread "Thread-3" [_thread_blocked, id=85868, stack(0x00000000332e0000,0x00000000334e0000)]
  0x0000000036705000 JavaThread "AWT-EventQueue-0" [_thread_blocked, id=52456, stack(0x00000000388b0000,0x0000000038ab0000)]
  0x00000000364f5800 JavaThread "Keep-Alive-Timer" daemon [_thread_blocked, id=48008, stack(0x0000000038670000,0x0000000038870000)]
  0x00000000364f2000 JavaThread "TimerQueue" daemon [_thread_blocked, id=130152, stack(0x00000000394a0000,0x00000000396a0000)]
  0x00000000364f6800 JavaThread "Image Fetcher 0" daemon [_thread_blocked, id=136912, stack(0x00000000396a0000,0x00000000398a0000)]
  0x00000000364f1800 JavaThread "Prism Font Disposer" daemon [_thread_blocked, id=139772, stack(0x000000003b0a0000,0x000000003b2a0000)]
  0x00000000364f3000 JavaThread "Thread-6" [_thread_in_native, id=118276, stack(0x000000003bea0000,0x000000003c0a0000)]
  0x00000000364f4000 JavaThread "Thread-7" [_thread_in_native, id=56572, stack(0x000000003c0a0000,0x000000003c2a0000)]
  0x0000000037a68800 JavaThread "C2 CompilerThread1" daemon [_thread_in_native, id=95288, stack(0x000000003c2a0000,0x000000003c4a0000)]
  0x00000000364f4800 JavaThread "Thread-8" [_thread_blocked, id=117416, stack(0x000000003d7c0000,0x000000003d9c0000)]
  0x00000000364f8000 JavaThread "Timer-0" [_thread_blocked, id=33756, stack(0x000000003d9c0000,0x000000003dbc0000)]
  0x0000000037d89000 JavaThread "C2 CompilerThread2" daemon [_thread_in_native, id=61576, stack(0x000000003ddc0000,0x000000003dfc0000)]
  0x0000000037ed7800 JavaThread "Cleaner-0" daemon [_thread_blocked, id=33876, stack(0x00000000390b0000,0x00000000392b0000)]

Other Threads:
  0x000000002709f800 VMThread "VM Thread" [stack: 0x00000000280b0000,0x00000000282b0000] [id=17092]
  0x0000000027f57800 WatcherThread [stack: 0x00000000293b0000,0x00000000295b0000] [id=130464]
  0x00000000032aa800 GCTaskThread "GC Thread#0" [stack: 0x0000000002c30000,0x0000000002e30000] [id=78212]
  0x0000000029e61000 GCTaskThread "GC Thread#1" [stack: 0x00000000336e0000,0x00000000338e0000] [id=123072]
  0x00000000310c9800 GCTaskThread "GC Thread#2" [stack: 0x00000000338e0000,0x0000000033ae0000] [id=52792]
  0x0000000029d60000 GCTaskThread "GC Thread#3" [stack: 0x0000000033ae0000,0x0000000033ce0000] [id=38172]
  0x00000000312a3800 GCTaskThread "GC Thread#4" [stack: 0x0000000033ce0000,0x0000000033ee0000] [id=119848]
  0x00000000312a4000 GCTaskThread "GC Thread#5" [stack: 0x0000000033ee0000,0x00000000340e0000] [id=39496]
  0x0000000031485800 GCTaskThread "GC Thread#6" [stack: 0x00000000340e0000,0x00000000342e0000] [id=120352]
  0x0000000031486800 GCTaskThread "GC Thread#7" [stack: 0x00000000342e0000,0x00000000344e0000] [id=54548]
  0x0000000003307800 ConcurrentGCThread "G1 Main Marker" [stack: 0x0000000024220000,0x0000000024420000] [id=1584]
  0x0000000003309000 ConcurrentGCThread "G1 Conc#0" [stack: 0x0000000024420000,0x0000000024620000] [id=54516]
  0x0000000031555000 ConcurrentGCThread "G1 Conc#1" [stack: 0x0000000036f60000,0x0000000037160000] [id=117200]
  0x0000000026f8d800 ConcurrentGCThread "G1 Refine#0" [stack: 0x00000000270b0000,0x00000000272b0000] [id=137188]
  0x00000000280ae000 ConcurrentGCThread "G1 Refine#1" [stack: 0x00000000344e0000,0x00000000346e0000] [id=90320]
  0x00000000379f9800 ConcurrentGCThread "G1 Refine#2" [stack: 0x000000003ff50000,0x0000000040150000] [id=130880]
  0x0000000029c6f000 ConcurrentGCThread "G1 Refine#3" [stack: 0x0000000040150000,0x0000000040350000] [id=50996]
  0x0000000026f8e800 ConcurrentGCThread "G1 Young RemSet Sampling" [stack: 0x00000000272b0000,0x00000000274b0000] [id=91052]

Threads with active compile tasks:
C2 CompilerThread03993 %     4       io.github.classgraph.ClassfileBinaryParser::readClassInfoFromClassfileHeader @ 121 (2310 bytes)
C1 CompilerThread04053       2       java.util.concurrent.ConcurrentLinkedQueue::addAll (225 bytes)
C2 CompilerThread13951       4       jdk.internal.jimage.ImageLocation::getFullName (109 bytes)
C2 CompilerThread23966       4       jdk.internal.jimage.ImageReader$SharedImageReader::lambda$handleModulesSubTree$1 (43 bytes)

VM state:not at safepoint (normal execution)

VM Mutex/Monitor currently owned by a thread: None

Heap address: 0x0000000703400000, size: 4044 MB, Compressed Oops mode: Zero based, Oop shift amount: 3
Narrow klass base: 0x0000000800000000, Narrow klass shift: 0
Compressed class space size: 1073741824 Address: 0x0000000800000000

Heap:
 garbage-first heap   total 312320K, used 82268K [0x0000000703400000, 0x0000000800000000)
  region size 1024K, 51 young (52224K), 9 survivors (9216K)
 Metaspace       used 46071K, capacity 48340K, committed 48592K, reserved 1091584K
  class space    used 6311K, capacity 7267K, committed 7380K, reserved 1048576K
Heap Regions: E=young(eden), S=young(survivor), O=old, HS=humongous(starts), HC=humongous(continues), CS=collection set, F=free, A=archive, TAMS=top-at-mark-start (previous, next)
|   0|0x0000000703400000, 0x0000000703500000, 0x0000000703500000|100%|HS|  |TAMS 0x0000000703500000, 0x0000000703400000| Complete 
|   1|0x0000000703500000, 0x0000000703600000, 0x0000000703600000|100%| O|  |TAMS 0x0000000703600000, 0x0000000703500000| Untracked 
|   2|0x0000000703600000, 0x0000000703700000, 0x0000000703700000|100%| O|  |TAMS 0x0000000703700000, 0x0000000703600000| Untracked 
|   3|0x0000000703700000, 0x0000000703800000, 0x0000000703800000|100%| O|  |TAMS 0x0000000703800000, 0x0000000703700000| Untracked 
|   4|0x0000000703800000, 0x0000000703900000, 0x0000000703900000|100%| O|  |TAMS 0x0000000703900000, 0x0000000703800000| Untracked 
|   5|0x0000000703900000, 0x0000000703a00000, 0x0000000703a00000|100%| O|  |TAMS 0x0000000703972e00, 0x0000000703900000| Untracked 
|   6|0x0000000703a00000, 0x0000000703b00000, 0x0000000703b00000|100%|HS|  |TAMS 0x0000000703a00000, 0x0000000703a00000| Complete 
|   7|0x0000000703b00000, 0x0000000703c00000, 0x0000000703c00000|100%|HC|  |TAMS 0x0000000703b00000, 0x0000000703b00000| Complete 
|   8|0x0000000703c00000, 0x0000000703d00000, 0x0000000703d00000|100%| O|  |TAMS 0x0000000703c00000, 0x0000000703c00000| Untracked 
|   9|0x0000000703d00000, 0x0000000703e00000, 0x0000000703e00000|100%| O|  |TAMS 0x0000000703d00000, 0x0000000703d00000| Untracked 
|  10|0x0000000703e00000, 0x0000000703f00000, 0x0000000703f00000|100%| O|  |TAMS 0x0000000703e00000, 0x0000000703e00000| Untracked 
|  11|0x0000000703f00000, 0x0000000704000000, 0x0000000704000000|100%| O|  |TAMS 0x0000000703f00000, 0x0000000703f00000| Untracked 
|  12|0x0000000704000000, 0x0000000704100000, 0x0000000704100000|100%| O|  |TAMS 0x0000000704000000, 0x0000000704000000| Untracked 
|  13|0x0000000704100000, 0x0000000704200000, 0x0000000704200000|100%| O|  |TAMS 0x0000000704100000, 0x0000000704100000| Untracked 
|  14|0x0000000704200000, 0x0000000704300000, 0x0000000704300000|100%| O|  |TAMS 0x0000000704200000, 0x0000000704200000| Untracked 
|  15|0x0000000704300000, 0x0000000704400000, 0x0000000704400000|100%| O|  |TAMS 0x0000000704300000, 0x0000000704300000| Untracked 
|  16|0x0000000704400000, 0x0000000704500000, 0x0000000704500000|100%| O|  |TAMS 0x0000000704400000, 0x0000000704400000| Untracked 
|  17|0x0000000704500000, 0x0000000704600000, 0x0000000704600000|100%| O|  |TAMS 0x0000000704500000, 0x0000000704500000| Untracked 
|  18|0x0000000704600000, 0x0000000704700000, 0x0000000704700000|100%| O|  |TAMS 0x0000000704600000, 0x0000000704600000| Untracked 
|  19|0x0000000704700000, 0x0000000704800000, 0x0000000704800000|100%| O|  |TAMS 0x0000000704700000, 0x0000000704700000| Untracked 
|  20|0x0000000704800000, 0x0000000704900000, 0x0000000704900000|100%| O|  |TAMS 0x0000000704800000, 0x0000000704800000| Untracked 
|  21|0x0000000704900000, 0x0000000704a00000, 0x0000000704a00000|100%| O|  |TAMS 0x0000000704900000, 0x0000000704900000| Untracked 
|  22|0x0000000704a00000, 0x0000000704b00000, 0x0000000704b00000|100%| O|  |TAMS 0x0000000704a00000, 0x0000000704a00000| Untracked 
|  23|0x0000000704b00000, 0x0000000704c00000, 0x0000000704c00000|100%| O|  |TAMS 0x0000000704b00000, 0x0000000704b00000| Untracked 
|  24|0x0000000704c00000, 0x0000000704d00000, 0x0000000704d00000|100%| O|  |TAMS 0x0000000704c00000, 0x0000000704c00000| Untracked 
|  25|0x0000000704d00000, 0x0000000704e00000, 0x0000000704e00000|100%| O|  |TAMS 0x0000000704d00000, 0x0000000704d00000| Untracked 
|  26|0x0000000704e00000, 0x0000000704f00000, 0x0000000704f00000|100%| O|  |TAMS 0x0000000704e00000, 0x0000000704e00000| Untracked 
|  27|0x0000000704f00000, 0x0000000705000000, 0x0000000705000000|100%| O|  |TAMS 0x0000000704f00000, 0x0000000704f00000| Untracked 
|  28|0x0000000705000000, 0x0000000705100000, 0x0000000705100000|100%| O|  |TAMS 0x0000000705000000, 0x0000000705000000| Untracked 
|  29|0x0000000705100000, 0x0000000705200000, 0x0000000705200000|100%| O|  |TAMS 0x0000000705100000, 0x0000000705100000| Untracked 
|  30|0x0000000705200000, 0x0000000705257200, 0x0000000705300000| 34%| O|  |TAMS 0x0000000705200000, 0x0000000705200000| Untracked 
|  31|0x0000000705300000, 0x0000000705300000, 0x0000000705400000|  0%| F|  |TAMS 0x0000000705300000, 0x0000000705300000| Untracked 
|  32|0x0000000705400000, 0x0000000705400000, 0x0000000705500000|  0%| F|  |TAMS 0x0000000705400000, 0x0000000705400000| Untracked 
|  33|0x0000000705500000, 0x0000000705500000, 0x0000000705600000|  0%| F|  |TAMS 0x0000000705500000, 0x0000000705500000| Untracked 
|  34|0x0000000705600000, 0x0000000705600000, 0x0000000705700000|  0%| F|  |TAMS 0x0000000705600000, 0x0000000705600000| Untracked 
|  35|0x0000000705700000, 0x0000000705700000, 0x0000000705800000|  0%| F|  |TAMS 0x0000000705700000, 0x0000000705700000| Untracked 
|  36|0x0000000705800000, 0x0000000705800000, 0x0000000705900000|  0%| F|  |TAMS 0x0000000705800000, 0x0000000705800000| Untracked 
|  37|0x0000000705900000, 0x0000000705900000, 0x0000000705a00000|  0%| F|  |TAMS 0x0000000705900000, 0x0000000705900000| Untracked 
|  38|0x0000000705a00000, 0x0000000705a00000, 0x0000000705b00000|  0%| F|  |TAMS 0x0000000705a00000, 0x0000000705a00000| Untracked 
|  39|0x0000000705b00000, 0x0000000705b00000, 0x0000000705c00000|  0%| F|  |TAMS 0x0000000705b00000, 0x0000000705b00000| Untracked 
|  40|0x0000000705c00000, 0x0000000705c00000, 0x0000000705d00000|  0%| F|  |TAMS 0x0000000705c00000, 0x0000000705c00000| Untracked 
|  41|0x0000000705d00000, 0x0000000705d00000, 0x0000000705e00000|  0%| F|  |TAMS 0x0000000705d00000, 0x0000000705d00000| Untracked 
|  42|0x0000000705e00000, 0x0000000705e00000, 0x0000000705f00000|  0%| F|  |TAMS 0x0000000705e00000, 0x0000000705e00000| Untracked 
|  43|0x0000000705f00000, 0x0000000705f00000, 0x0000000706000000|  0%| F|  |TAMS 0x0000000705f00000, 0x0000000705f00000| Untracked 
|  44|0x0000000706000000, 0x0000000706000000, 0x0000000706100000|  0%| F|  |TAMS 0x0000000706000000, 0x0000000706000000| Untracked 
|  45|0x0000000706100000, 0x0000000706100000, 0x0000000706200000|  0%| F|  |TAMS 0x0000000706100000, 0x0000000706100000| Untracked 
|  46|0x0000000706200000, 0x0000000706200000, 0x0000000706300000|  0%| F|  |TAMS 0x0000000706200000, 0x0000000706200000| Untracked 
|  47|0x0000000706300000, 0x0000000706300000, 0x0000000706400000|  0%| F|  |TAMS 0x0000000706300000, 0x0000000706300000| Untracked 
|  48|0x0000000706400000, 0x0000000706400000, 0x0000000706500000|  0%| F|  |TAMS 0x0000000706400000, 0x0000000706400000| Untracked 
|  49|0x0000000706500000, 0x0000000706500000, 0x0000000706600000|  0%| F|  |TAMS 0x0000000706500000, 0x0000000706500000| Untracked 
|  50|0x0000000706600000, 0x0000000706600000, 0x0000000706700000|  0%| F|  |TAMS 0x0000000706600000, 0x0000000706600000| Untracked 
|  51|0x0000000706700000, 0x0000000706700000, 0x0000000706800000|  0%| F|  |TAMS 0x0000000706700000, 0x0000000706700000| Untracked 
|  52|0x0000000706800000, 0x0000000706800000, 0x0000000706900000|  0%| F|  |TAMS 0x0000000706800000, 0x0000000706800000| Untracked 
|  53|0x0000000706900000, 0x0000000706900000, 0x0000000706a00000|  0%| F|  |TAMS 0x0000000706900000, 0x0000000706900000| Untracked 
|  54|0x0000000706a00000, 0x0000000706a00000, 0x0000000706b00000|  0%| F|  |TAMS 0x0000000706a00000, 0x0000000706a00000| Untracked 
|  55|0x0000000706b00000, 0x0000000706b00000, 0x0000000706c00000|  0%| F|  |TAMS 0x0000000706b00000, 0x0000000706b00000| Untracked 
|  56|0x0000000706c00000, 0x0000000706c00000, 0x0000000706d00000|  0%| F|  |TAMS 0x0000000706c00000, 0x0000000706c00000| Untracked 
|  57|0x0000000706d00000, 0x0000000706d00000, 0x0000000706e00000|  0%| F|  |TAMS 0x0000000706d00000, 0x0000000706d00000| Untracked 
|  58|0x0000000706e00000, 0x0000000706e00000, 0x0000000706f00000|  0%| F|  |TAMS 0x0000000706e00000, 0x0000000706e00000| Untracked 
|  59|0x0000000706f00000, 0x0000000706f00000, 0x0000000707000000|  0%| F|  |TAMS 0x0000000706f00000, 0x0000000706f00000| Untracked 
|  60|0x0000000707000000, 0x0000000707000000, 0x0000000707100000|  0%| F|  |TAMS 0x0000000707000000, 0x0000000707000000| Untracked 
|  61|0x0000000707100000, 0x0000000707100000, 0x0000000707200000|  0%| F|  |TAMS 0x0000000707100000, 0x0000000707100000| Untracked 
|  62|0x0000000707200000, 0x0000000707200000, 0x0000000707300000|  0%| F|  |TAMS 0x0000000707200000, 0x0000000707200000| Untracked 
|  63|0x0000000707300000, 0x0000000707300000, 0x0000000707400000|  0%| F|  |TAMS 0x0000000707300000, 0x0000000707300000| Untracked 
|  64|0x0000000707400000, 0x0000000707400000, 0x0000000707500000|  0%| F|  |TAMS 0x0000000707400000, 0x0000000707400000| Untracked 
|  65|0x0000000707500000, 0x0000000707500000, 0x0000000707600000|  0%| F|  |TAMS 0x0000000707500000, 0x0000000707500000| Untracked 
|  66|0x0000000707600000, 0x0000000707600000, 0x0000000707700000|  0%| F|  |TAMS 0x0000000707600000, 0x0000000707600000| Untracked 
|  67|0x0000000707700000, 0x0000000707700000, 0x0000000707800000|  0%| F|  |TAMS 0x0000000707700000, 0x0000000707700000| Untracked 
|  68|0x0000000707800000, 0x0000000707800000, 0x0000000707900000|  0%| F|  |TAMS 0x0000000707800000, 0x0000000707800000| Untracked 
|  69|0x0000000707900000, 0x0000000707900000, 0x0000000707a00000|  0%| F|  |TAMS 0x0000000707900000, 0x0000000707900000| Untracked 
|  70|0x0000000707a00000, 0x0000000707a00000, 0x0000000707b00000|  0%| F|  |TAMS 0x0000000707a00000, 0x0000000707a00000| Untracked 
|  71|0x0000000707b00000, 0x0000000707b00000, 0x0000000707c00000|  0%| F|  |TAMS 0x0000000707b00000, 0x0000000707b00000| Untracked 
|  72|0x0000000707c00000, 0x0000000707c00000, 0x0000000707d00000|  0%| F|  |TAMS 0x0000000707c00000, 0x0000000707c00000| Untracked 
|  73|0x0000000707d00000, 0x0000000707d00000, 0x0000000707e00000|  0%| F|  |TAMS 0x0000000707d00000, 0x0000000707d00000| Untracked 
|  74|0x0000000707e00000, 0x0000000707e00000, 0x0000000707f00000|  0%| F|  |TAMS 0x0000000707e00000, 0x0000000707e00000| Untracked 
|  75|0x0000000707f00000, 0x0000000707f00000, 0x0000000708000000|  0%| F|  |TAMS 0x0000000707f00000, 0x0000000707f00000| Untracked 
|  76|0x0000000708000000, 0x0000000708000000, 0x0000000708100000|  0%| F|  |TAMS 0x0000000708000000, 0x0000000708000000| Untracked 
|  77|0x0000000708100000, 0x0000000708100000, 0x0000000708200000|  0%| F|  |TAMS 0x0000000708100000, 0x0000000708100000| Untracked 
|  78|0x0000000708200000, 0x0000000708200000, 0x0000000708300000|  0%| F|  |TAMS 0x0000000708200000, 0x0000000708200000| Untracked 
|  79|0x0000000708300000, 0x0000000708300000, 0x0000000708400000|  0%| F|  |TAMS 0x0000000708300000, 0x0000000708300000| Untracked 
|  80|0x0000000708400000, 0x0000000708400000, 0x0000000708500000|  0%| F|  |TAMS 0x0000000708400000, 0x0000000708400000| Untracked 
|  81|0x0000000708500000, 0x0000000708500000, 0x0000000708600000|  0%| F|  |TAMS 0x0000000708500000, 0x0000000708500000| Untracked 
|  82|0x0000000708600000, 0x0000000708600000, 0x0000000708700000|  0%| F|  |TAMS 0x0000000708600000, 0x0000000708600000| Untracked 
|  83|0x0000000708700000, 0x0000000708700000, 0x0000000708800000|  0%| F|  |TAMS 0x0000000708700000, 0x0000000708700000| Untracked 
|  84|0x0000000708800000, 0x0000000708800000, 0x0000000708900000|  0%| F|  |TAMS 0x0000000708800000, 0x0000000708800000| Untracked 
|  85|0x0000000708900000, 0x0000000708900000, 0x0000000708a00000|  0%| F|  |TAMS 0x0000000708900000, 0x0000000708900000| Untracked 
|  86|0x0000000708a00000, 0x0000000708a00000, 0x0000000708b00000|  0%| F|  |TAMS 0x0000000708a00000, 0x0000000708a00000| Untracked 
|  87|0x0000000708b00000, 0x0000000708b00000, 0x0000000708c00000|  0%| F|  |TAMS 0x0000000708b00000, 0x0000000708b00000| Untracked 
|  88|0x0000000708c00000, 0x0000000708c00000, 0x0000000708d00000|  0%| F|  |TAMS 0x0000000708c00000, 0x0000000708c00000| Untracked 
|  89|0x0000000708d00000, 0x0000000708d00000, 0x0000000708e00000|  0%| F|  |TAMS 0x0000000708d00000, 0x0000000708d00000| Untracked 
|  90|0x0000000708e00000, 0x0000000708e00000, 0x0000000708f00000|  0%| F|  |TAMS 0x0000000708e00000, 0x0000000708e00000| Untracked 
|  91|0x0000000708f00000, 0x0000000708f00000, 0x0000000709000000|  0%| F|  |TAMS 0x0000000708f00000, 0x0000000708f00000| Untracked 
|  92|0x0000000709000000, 0x0000000709000000, 0x0000000709100000|  0%| F|  |TAMS 0x0000000709000000, 0x0000000709000000| Untracked 
|  93|0x0000000709100000, 0x0000000709100000, 0x0000000709200000|  0%| F|  |TAMS 0x0000000709100000, 0x0000000709100000| Untracked 
|  94|0x0000000709200000, 0x0000000709200000, 0x0000000709300000|  0%| F|  |TAMS 0x0000000709200000, 0x0000000709200000| Untracked 
|  95|0x0000000709300000, 0x0000000709300000, 0x0000000709400000|  0%| F|  |TAMS 0x0000000709300000, 0x0000000709300000| Untracked 
|  96|0x0000000709400000, 0x0000000709400000, 0x0000000709500000|  0%| F|  |TAMS 0x0000000709400000, 0x0000000709400000| Untracked 
|  97|0x0000000709500000, 0x0000000709500000, 0x0000000709600000|  0%| F|  |TAMS 0x0000000709500000, 0x0000000709500000| Untracked 
|  98|0x0000000709600000, 0x0000000709600000, 0x0000000709700000|  0%| F|  |TAMS 0x0000000709600000, 0x0000000709600000| Untracked 
|  99|0x0000000709700000, 0x0000000709700000, 0x0000000709800000|  0%| F|  |TAMS 0x0000000709700000, 0x0000000709700000| Untracked 
| 100|0x0000000709800000, 0x0000000709800000, 0x0000000709900000|  0%| F|  |TAMS 0x0000000709800000, 0x0000000709800000| Untracked 
| 101|0x0000000709900000, 0x0000000709900000, 0x0000000709a00000|  0%| F|  |TAMS 0x0000000709900000, 0x0000000709900000| Untracked 
| 102|0x0000000709a00000, 0x0000000709a00000, 0x0000000709b00000|  0%| F|  |TAMS 0x0000000709a00000, 0x0000000709a00000| Untracked 
| 103|0x0000000709b00000, 0x0000000709b00000, 0x0000000709c00000|  0%| F|  |TAMS 0x0000000709b00000, 0x0000000709b00000| Untracked 
| 104|0x0000000709c00000, 0x0000000709d00000, 0x0000000709d00000|100%| S|CS|TAMS 0x0000000709c00000, 0x0000000709c00000| Complete 
| 105|0x0000000709d00000, 0x0000000709e00000, 0x0000000709e00000|100%| S|CS|TAMS 0x0000000709d00000, 0x0000000709d00000| Complete 
| 106|0x0000000709e00000, 0x0000000709f00000, 0x0000000709f00000|100%| S|CS|TAMS 0x0000000709e00000, 0x0000000709e00000| Complete 
| 107|0x0000000709f00000, 0x000000070a000000, 0x000000070a000000|100%| S|CS|TAMS 0x0000000709f00000, 0x0000000709f00000| Complete 
| 108|0x000000070a000000, 0x000000070a100000, 0x000000070a100000|100%| S|CS|TAMS 0x000000070a000000, 0x000000070a000000| Complete 
| 109|0x000000070a100000, 0x000000070a200000, 0x000000070a200000|100%| S|CS|TAMS 0x000000070a100000, 0x000000070a100000| Complete 
| 110|0x000000070a200000, 0x000000070a300000, 0x000000070a300000|100%| S|CS|TAMS 0x000000070a200000, 0x000000070a200000| Complete 
| 111|0x000000070a300000, 0x000000070a400000, 0x000000070a400000|100%| S|CS|TAMS 0x000000070a300000, 0x000000070a300000| Complete 
| 112|0x000000070a400000, 0x000000070a400000, 0x000000070a500000|  0%| F|  |TAMS 0x000000070a400000, 0x000000070a400000| Untracked 
| 113|0x000000070a500000, 0x000000070a500000, 0x000000070a600000|  0%| F|  |TAMS 0x000000070a500000, 0x000000070a500000| Untracked 
| 114|0x000000070a600000, 0x000000070a600000, 0x000000070a700000|  0%| F|  |TAMS 0x000000070a600000, 0x000000070a600000| Untracked 
| 115|0x000000070a700000, 0x000000070a700000, 0x000000070a800000|  0%| F|  |TAMS 0x000000070a700000, 0x000000070a700000| Untracked 
| 116|0x000000070a800000, 0x000000070a800000, 0x000000070a900000|  0%| F|  |TAMS 0x000000070a800000, 0x000000070a800000| Untracked 
| 117|0x000000070a900000, 0x000000070aa00000, 0x000000070aa00000|100%| S|CS|TAMS 0x000000070a900000, 0x000000070a900000| Complete 
| 118|0x000000070aa00000, 0x000000070aa00000, 0x000000070ab00000|  0%| F|  |TAMS 0x000000070aa00000, 0x000000070aa00000| Untracked 
| 119|0x000000070ab00000, 0x000000070ab00000, 0x000000070ac00000|  0%| F|  |TAMS 0x000000070ab00000, 0x000000070ab00000| Untracked 
| 120|0x000000070ac00000, 0x000000070ac00000, 0x000000070ad00000|  0%| F|  |TAMS 0x000000070ac00000, 0x000000070ac00000| Untracked 
| 121|0x000000070ad00000, 0x000000070ad00000, 0x000000070ae00000|  0%| F|  |TAMS 0x000000070ad00000, 0x000000070ad00000| Untracked 
| 122|0x000000070ae00000, 0x000000070ae00000, 0x000000070af00000|  0%| F|  |TAMS 0x000000070ae00000, 0x000000070ae00000| Untracked 
| 123|0x000000070af00000, 0x000000070af00000, 0x000000070b000000|  0%| F|  |TAMS 0x000000070af00000, 0x000000070af00000| Untracked 
| 124|0x000000070b000000, 0x000000070b000000, 0x000000070b100000|  0%| F|  |TAMS 0x000000070b000000, 0x000000070b000000| Untracked 
| 125|0x000000070b100000, 0x000000070b100000, 0x000000070b200000|  0%| F|  |TAMS 0x000000070b100000, 0x000000070b100000| Untracked 
| 126|0x000000070b200000, 0x000000070b200000, 0x000000070b300000|  0%| F|  |TAMS 0x000000070b200000, 0x000000070b200000| Untracked 
| 127|0x000000070b300000, 0x000000070b300000, 0x000000070b400000|  0%| F|  |TAMS 0x000000070b300000, 0x000000070b300000| Untracked 
| 128|0x000000070b400000, 0x000000070b400000, 0x000000070b500000|  0%| F|  |TAMS 0x000000070b400000, 0x000000070b400000| Untracked 
| 129|0x000000070b500000, 0x000000070b500000, 0x000000070b600000|  0%| F|  |TAMS 0x000000070b500000, 0x000000070b500000| Untracked 
| 130|0x000000070b600000, 0x000000070b600000, 0x000000070b700000|  0%| F|  |TAMS 0x000000070b600000, 0x000000070b600000| Untracked 
| 131|0x000000070b700000, 0x000000070b700000, 0x000000070b800000|  0%| F|  |TAMS 0x000000070b700000, 0x000000070b700000| Untracked 
| 132|0x000000070b800000, 0x000000070b800000, 0x000000070b900000|  0%| F|  |TAMS 0x000000070b800000, 0x000000070b800000| Untracked 
| 133|0x000000070b900000, 0x000000070b900000, 0x000000070ba00000|  0%| F|  |TAMS 0x000000070b900000, 0x000000070b900000| Untracked 
| 134|0x000000070ba00000, 0x000000070ba00000, 0x000000070bb00000|  0%| F|  |TAMS 0x000000070ba00000, 0x000000070ba00000| Untracked 
| 135|0x000000070bb00000, 0x000000070bb00000, 0x000000070bc00000|  0%| F|  |TAMS 0x000000070bb00000, 0x000000070bb00000| Untracked 
| 136|0x000000070bc00000, 0x000000070bc00000, 0x000000070bd00000|  0%| F|  |TAMS 0x000000070bc00000, 0x000000070bc00000| Untracked 
| 137|0x000000070bd00000, 0x000000070bd00000, 0x000000070be00000|  0%| F|  |TAMS 0x000000070bd00000, 0x000000070bd00000| Untracked 
| 138|0x000000070be00000, 0x000000070be00000, 0x000000070bf00000|  0%| F|  |TAMS 0x000000070be00000, 0x000000070be00000| Untracked 
| 139|0x000000070bf00000, 0x000000070bf00000, 0x000000070c000000|  0%| F|  |TAMS 0x000000070bf00000, 0x000000070bf00000| Untracked 
| 140|0x000000070c000000, 0x000000070c000000, 0x000000070c100000|  0%| F|  |TAMS 0x000000070c000000, 0x000000070c000000| Untracked 
| 141|0x000000070c100000, 0x000000070c100000, 0x000000070c200000|  0%| F|  |TAMS 0x000000070c100000, 0x000000070c100000| Untracked 
| 142|0x000000070c200000, 0x000000070c200000, 0x000000070c300000|  0%| F|  |TAMS 0x000000070c200000, 0x000000070c200000| Untracked 
| 143|0x000000070c300000, 0x000000070c300000, 0x000000070c400000|  0%| F|  |TAMS 0x000000070c300000, 0x000000070c300000| Untracked 
| 144|0x000000070c400000, 0x000000070c400000, 0x000000070c500000|  0%| F|  |TAMS 0x000000070c400000, 0x000000070c400000| Untracked 
| 145|0x000000070c500000, 0x000000070c500000, 0x000000070c600000|  0%| F|  |TAMS 0x000000070c500000, 0x000000070c500000| Untracked 
| 146|0x000000070c600000, 0x000000070c600000, 0x000000070c700000|  0%| F|  |TAMS 0x000000070c600000, 0x000000070c600000| Untracked 
| 147|0x000000070c700000, 0x000000070c700000, 0x000000070c800000|  0%| F|  |TAMS 0x000000070c700000, 0x000000070c700000| Untracked 
| 148|0x000000070c800000, 0x000000070c800000, 0x000000070c900000|  0%| F|  |TAMS 0x000000070c800000, 0x000000070c800000| Untracked 
| 149|0x000000070c900000, 0x000000070c900000, 0x000000070ca00000|  0%| F|  |TAMS 0x000000070c900000, 0x000000070c900000| Untracked 
| 150|0x000000070ca00000, 0x000000070ca00000, 0x000000070cb00000|  0%| F|  |TAMS 0x000000070ca00000, 0x000000070ca00000| Untracked 
| 151|0x000000070cb00000, 0x000000070cb00000, 0x000000070cc00000|  0%| F|  |TAMS 0x000000070cb00000, 0x000000070cb00000| Untracked 
| 152|0x000000070cc00000, 0x000000070cc00000, 0x000000070cd00000|  0%| F|  |TAMS 0x000000070cc00000, 0x000000070cc00000| Untracked 
| 153|0x000000070cd00000, 0x000000070cd00000, 0x000000070ce00000|  0%| F|  |TAMS 0x000000070cd00000, 0x000000070cd00000| Untracked 
| 154|0x000000070ce00000, 0x000000070ce00000, 0x000000070cf00000|  0%| F|  |TAMS 0x000000070ce00000, 0x000000070ce00000| Untracked 
| 155|0x000000070cf00000, 0x000000070cf00000, 0x000000070d000000|  0%| F|  |TAMS 0x000000070cf00000, 0x000000070cf00000| Untracked 
| 156|0x000000070d000000, 0x000000070d000000, 0x000000070d100000|  0%| F|  |TAMS 0x000000070d000000, 0x000000070d000000| Untracked 
| 157|0x000000070d100000, 0x000000070d100000, 0x000000070d200000|  0%| F|  |TAMS 0x000000070d100000, 0x000000070d100000| Untracked 
| 158|0x000000070d200000, 0x000000070d200000, 0x000000070d300000|  0%| F|  |TAMS 0x000000070d200000, 0x000000070d200000| Untracked 
| 159|0x000000070d300000, 0x000000070d300000, 0x000000070d400000|  0%| F|  |TAMS 0x000000070d300000, 0x000000070d300000| Untracked 
| 160|0x000000070d400000, 0x000000070d400000, 0x000000070d500000|  0%| F|  |TAMS 0x000000070d400000, 0x000000070d400000| Untracked 
| 161|0x000000070d500000, 0x000000070d500000, 0x000000070d600000|  0%| F|  |TAMS 0x000000070d500000, 0x000000070d500000| Untracked 
| 162|0x000000070d600000, 0x000000070d600000, 0x000000070d700000|  0%| F|  |TAMS 0x000000070d600000, 0x000000070d600000| Untracked 
| 163|0x000000070d700000, 0x000000070d700000, 0x000000070d800000|  0%| F|  |TAMS 0x000000070d700000, 0x000000070d700000| Untracked 
| 164|0x000000070d800000, 0x000000070d800000, 0x000000070d900000|  0%| F|  |TAMS 0x000000070d800000, 0x000000070d800000| Untracked 
| 165|0x000000070d900000, 0x000000070d900000, 0x000000070da00000|  0%| F|  |TAMS 0x000000070d900000, 0x000000070d900000| Untracked 
| 166|0x000000070da00000, 0x000000070da00000, 0x000000070db00000|  0%| F|  |TAMS 0x000000070da00000, 0x000000070da00000| Untracked 
| 167|0x000000070db00000, 0x000000070db00000, 0x000000070dc00000|  0%| F|  |TAMS 0x000000070db00000, 0x000000070db00000| Untracked 
| 168|0x000000070dc00000, 0x000000070dc00000, 0x000000070dd00000|  0%| F|  |TAMS 0x000000070dc00000, 0x000000070dc00000| Untracked 
| 169|0x000000070dd00000, 0x000000070dd00000, 0x000000070de00000|  0%| F|  |TAMS 0x000000070dd00000, 0x000000070dd00000| Untracked 
| 170|0x000000070de00000, 0x000000070de00000, 0x000000070df00000|  0%| F|  |TAMS 0x000000070de00000, 0x000000070de00000| Untracked 
| 171|0x000000070df00000, 0x000000070df00000, 0x000000070e000000|  0%| F|  |TAMS 0x000000070df00000, 0x000000070df00000| Untracked 
| 172|0x000000070e000000, 0x000000070e000000, 0x000000070e100000|  0%| F|  |TAMS 0x000000070e000000, 0x000000070e000000| Untracked 
| 173|0x000000070e100000, 0x000000070e100000, 0x000000070e200000|  0%| F|  |TAMS 0x000000070e100000, 0x000000070e100000| Untracked 
| 174|0x000000070e200000, 0x000000070e200000, 0x000000070e300000|  0%| F|  |TAMS 0x000000070e200000, 0x000000070e200000| Untracked 
| 175|0x000000070e300000, 0x000000070e300000, 0x000000070e400000|  0%| F|  |TAMS 0x000000070e300000, 0x000000070e300000| Untracked 
| 176|0x000000070e400000, 0x000000070e400000, 0x000000070e500000|  0%| F|  |TAMS 0x000000070e400000, 0x000000070e400000| Untracked 
| 177|0x000000070e500000, 0x000000070e500000, 0x000000070e600000|  0%| F|  |TAMS 0x000000070e500000, 0x000000070e500000| Untracked 
| 178|0x000000070e600000, 0x000000070e600000, 0x000000070e700000|  0%| F|  |TAMS 0x000000070e600000, 0x000000070e600000| Untracked 
| 179|0x000000070e700000, 0x000000070e700000, 0x000000070e800000|  0%| F|  |TAMS 0x000000070e700000, 0x000000070e700000| Untracked 
| 180|0x000000070e800000, 0x000000070e800000, 0x000000070e900000|  0%| F|  |TAMS 0x000000070e800000, 0x000000070e800000| Untracked 
| 181|0x000000070e900000, 0x000000070e900000, 0x000000070ea00000|  0%| F|  |TAMS 0x000000070e900000, 0x000000070e900000| Untracked 
| 182|0x000000070ea00000, 0x000000070ea00000, 0x000000070eb00000|  0%| F|  |TAMS 0x000000070ea00000, 0x000000070ea00000| Untracked 
| 183|0x000000070eb00000, 0x000000070eb00000, 0x000000070ec00000|  0%| F|  |TAMS 0x000000070eb00000, 0x000000070eb00000| Untracked 
| 184|0x000000070ec00000, 0x000000070ec00000, 0x000000070ed00000|  0%| F|  |TAMS 0x000000070ec00000, 0x000000070ec00000| Untracked 
| 185|0x000000070ed00000, 0x000000070ed00000, 0x000000070ee00000|  0%| F|  |TAMS 0x000000070ed00000, 0x000000070ed00000| Untracked 
| 186|0x000000070ee00000, 0x000000070ee00000, 0x000000070ef00000|  0%| F|  |TAMS 0x000000070ee00000, 0x000000070ee00000| Untracked 
| 187|0x000000070ef00000, 0x000000070ef00000, 0x000000070f000000|  0%| F|  |TAMS 0x000000070ef00000, 0x000000070ef00000| Untracked 
| 188|0x000000070f000000, 0x000000070f000000, 0x000000070f100000|  0%| F|  |TAMS 0x000000070f000000, 0x000000070f000000| Untracked 
| 189|0x000000070f100000, 0x000000070f100000, 0x000000070f200000|  0%| F|  |TAMS 0x000000070f100000, 0x000000070f100000| Untracked 
| 190|0x000000070f200000, 0x000000070f200000, 0x000000070f300000|  0%| F|  |TAMS 0x000000070f200000, 0x000000070f200000| Untracked 
| 191|0x000000070f300000, 0x000000070f300000, 0x000000070f400000|  0%| F|  |TAMS 0x000000070f300000, 0x000000070f300000| Untracked 
| 192|0x000000070f400000, 0x000000070f400000, 0x000000070f500000|  0%| F|  |TAMS 0x000000070f400000, 0x000000070f400000| Untracked 
| 193|0x000000070f500000, 0x000000070f500000, 0x000000070f600000|  0%| F|  |TAMS 0x000000070f500000, 0x000000070f500000| Untracked 
| 194|0x000000070f600000, 0x000000070f600000, 0x000000070f700000|  0%| F|  |TAMS 0x000000070f600000, 0x000000070f600000| Untracked 
| 195|0x000000070f700000, 0x000000070f700000, 0x000000070f800000|  0%| F|  |TAMS 0x000000070f700000, 0x000000070f700000| Untracked 
| 196|0x000000070f800000, 0x000000070f800000, 0x000000070f900000|  0%| F|  |TAMS 0x000000070f800000, 0x000000070f800000| Untracked 
| 197|0x000000070f900000, 0x000000070f900000, 0x000000070fa00000|  0%| F|  |TAMS 0x000000070f900000, 0x000000070f900000| Untracked 
| 198|0x000000070fa00000, 0x000000070fa00000, 0x000000070fb00000|  0%| F|  |TAMS 0x000000070fa00000, 0x000000070fa00000| Untracked 
| 199|0x000000070fb00000, 0x000000070fb00000, 0x000000070fc00000|  0%| F|  |TAMS 0x000000070fb00000, 0x000000070fb00000| Untracked 
| 200|0x000000070fc00000, 0x000000070fc00000, 0x000000070fd00000|  0%| F|  |TAMS 0x000000070fc00000, 0x000000070fc00000| Untracked 
| 201|0x000000070fd00000, 0x000000070fd00000, 0x000000070fe00000|  0%| F|  |TAMS 0x000000070fd00000, 0x000000070fd00000| Untracked 
| 202|0x000000070fe00000, 0x000000070fe00000, 0x000000070ff00000|  0%| F|  |TAMS 0x000000070fe00000, 0x000000070fe00000| Untracked 
| 203|0x000000070ff00000, 0x000000070ff00000, 0x0000000710000000|  0%| F|  |TAMS 0x000000070ff00000, 0x000000070ff00000| Untracked 
| 204|0x0000000710000000, 0x0000000710000000, 0x0000000710100000|  0%| F|  |TAMS 0x0000000710000000, 0x0000000710000000| Untracked 
| 205|0x0000000710100000, 0x0000000710100000, 0x0000000710200000|  0%| F|  |TAMS 0x0000000710100000, 0x0000000710100000| Untracked 
| 206|0x0000000710200000, 0x0000000710200000, 0x0000000710300000|  0%| F|  |TAMS 0x0000000710200000, 0x0000000710200000| Untracked 
| 207|0x0000000710300000, 0x0000000710300000, 0x0000000710400000|  0%| F|  |TAMS 0x0000000710300000, 0x0000000710300000| Untracked 
| 208|0x0000000710400000, 0x0000000710400000, 0x0000000710500000|  0%| F|  |TAMS 0x0000000710400000, 0x0000000710400000| Untracked 
| 209|0x0000000710500000, 0x0000000710500000, 0x0000000710600000|  0%| F|  |TAMS 0x0000000710500000, 0x0000000710500000| Untracked 
| 210|0x0000000710600000, 0x0000000710600000, 0x0000000710700000|  0%| F|  |TAMS 0x0000000710600000, 0x0000000710600000| Untracked 
| 211|0x0000000710700000, 0x0000000710700000, 0x0000000710800000|  0%| F|  |TAMS 0x0000000710700000, 0x0000000710700000| Untracked 
| 212|0x0000000710800000, 0x0000000710800000, 0x0000000710900000|  0%| F|  |TAMS 0x0000000710800000, 0x0000000710800000| Untracked 
| 213|0x0000000710900000, 0x0000000710900000, 0x0000000710a00000|  0%| F|  |TAMS 0x0000000710900000, 0x0000000710900000| Untracked 
| 214|0x0000000710a00000, 0x0000000710a00000, 0x0000000710b00000|  0%| F|  |TAMS 0x0000000710a00000, 0x0000000710a00000| Untracked 
| 215|0x0000000710b00000, 0x0000000710b00000, 0x0000000710c00000|  0%| F|  |TAMS 0x0000000710b00000, 0x0000000710b00000| Untracked 
| 216|0x0000000710c00000, 0x0000000710c00000, 0x0000000710d00000|  0%| F|  |TAMS 0x0000000710c00000, 0x0000000710c00000| Untracked 
| 217|0x0000000710d00000, 0x0000000710d00000, 0x0000000710e00000|  0%| F|  |TAMS 0x0000000710d00000, 0x0000000710d00000| Untracked 
| 218|0x0000000710e00000, 0x0000000710e00000, 0x0000000710f00000|  0%| F|  |TAMS 0x0000000710e00000, 0x0000000710e00000| Untracked 
| 219|0x0000000710f00000, 0x0000000710f00000, 0x0000000711000000|  0%| F|  |TAMS 0x0000000710f00000, 0x0000000710f00000| Untracked 
| 220|0x0000000711000000, 0x0000000711000000, 0x0000000711100000|  0%| F|  |TAMS 0x0000000711000000, 0x0000000711000000| Untracked 
| 221|0x0000000711100000, 0x0000000711100000, 0x0000000711200000|  0%| F|  |TAMS 0x0000000711100000, 0x0000000711100000| Untracked 
| 222|0x0000000711200000, 0x0000000711200000, 0x0000000711300000|  0%| F|  |TAMS 0x0000000711200000, 0x0000000711200000| Untracked 
| 223|0x0000000711300000, 0x0000000711300000, 0x0000000711400000|  0%| F|  |TAMS 0x0000000711300000, 0x0000000711300000| Untracked 
| 224|0x0000000711400000, 0x0000000711400000, 0x0000000711500000|  0%| F|  |TAMS 0x0000000711400000, 0x0000000711400000| Untracked 
| 225|0x0000000711500000, 0x0000000711500000, 0x0000000711600000|  0%| F|  |TAMS 0x0000000711500000, 0x0000000711500000| Untracked 
| 226|0x0000000711600000, 0x0000000711600000, 0x0000000711700000|  0%| F|  |TAMS 0x0000000711600000, 0x0000000711600000| Untracked 
| 227|0x0000000711700000, 0x0000000711700000, 0x0000000711800000|  0%| F|  |TAMS 0x0000000711700000, 0x0000000711700000| Untracked 
| 228|0x0000000711800000, 0x0000000711800000, 0x0000000711900000|  0%| F|  |TAMS 0x0000000711800000, 0x0000000711800000| Untracked 
| 229|0x0000000711900000, 0x0000000711900000, 0x0000000711a00000|  0%| F|  |TAMS 0x0000000711900000, 0x0000000711900000| Untracked 
| 230|0x0000000711a00000, 0x0000000711a00000, 0x0000000711b00000|  0%| F|  |TAMS 0x0000000711a00000, 0x0000000711a00000| Untracked 
| 231|0x0000000711b00000, 0x0000000711b00000, 0x0000000711c00000|  0%| F|  |TAMS 0x0000000711b00000, 0x0000000711b00000| Untracked 
| 232|0x0000000711c00000, 0x0000000711c00000, 0x0000000711d00000|  0%| F|  |TAMS 0x0000000711c00000, 0x0000000711c00000| Untracked 
| 233|0x0000000711d00000, 0x0000000711d00000, 0x0000000711e00000|  0%| F|  |TAMS 0x0000000711d00000, 0x0000000711d00000| Untracked 
| 234|0x0000000711e00000, 0x0000000711e00000, 0x0000000711f00000|  0%| F|  |TAMS 0x0000000711e00000, 0x0000000711e00000| Untracked 
| 235|0x0000000711f00000, 0x0000000711f00000, 0x0000000712000000|  0%| F|  |TAMS 0x0000000711f00000, 0x0000000711f00000| Untracked 
| 236|0x0000000712000000, 0x0000000712000000, 0x0000000712100000|  0%| F|  |TAMS 0x0000000712000000, 0x0000000712000000| Untracked 
| 237|0x0000000712100000, 0x0000000712100000, 0x0000000712200000|  0%| F|  |TAMS 0x0000000712100000, 0x0000000712100000| Untracked 
| 238|0x0000000712200000, 0x0000000712200000, 0x0000000712300000|  0%| F|  |TAMS 0x0000000712200000, 0x0000000712200000| Untracked 
| 239|0x0000000712300000, 0x0000000712300000, 0x0000000712400000|  0%| F|  |TAMS 0x0000000712300000, 0x0000000712300000| Untracked 
| 240|0x0000000712400000, 0x0000000712400000, 0x0000000712500000|  0%| F|  |TAMS 0x0000000712400000, 0x0000000712400000| Untracked 
| 241|0x0000000712500000, 0x0000000712500000, 0x0000000712600000|  0%| F|  |TAMS 0x0000000712500000, 0x0000000712500000| Untracked 
| 242|0x0000000712600000, 0x0000000712600000, 0x0000000712700000|  0%| F|  |TAMS 0x0000000712600000, 0x0000000712600000| Untracked 
| 243|0x0000000712700000, 0x0000000712700000, 0x0000000712800000|  0%| F|  |TAMS 0x0000000712700000, 0x0000000712700000| Untracked 
| 244|0x0000000712800000, 0x0000000712800000, 0x0000000712900000|  0%| F|  |TAMS 0x0000000712800000, 0x0000000712800000| Untracked 
| 245|0x0000000712900000, 0x0000000712900000, 0x0000000712a00000|  0%| F|  |TAMS 0x0000000712900000, 0x0000000712900000| Untracked 
| 246|0x0000000712a00000, 0x0000000712a00000, 0x0000000712b00000|  0%| F|  |TAMS 0x0000000712a00000, 0x0000000712a00000| Untracked 
| 247|0x0000000712b00000, 0x0000000712b00000, 0x0000000712c00000|  0%| F|  |TAMS 0x0000000712b00000, 0x0000000712b00000| Untracked 
| 248|0x0000000712c00000, 0x0000000712c00000, 0x0000000712d00000|  0%| F|  |TAMS 0x0000000712c00000, 0x0000000712c00000| Untracked 
| 249|0x0000000712d00000, 0x0000000712d00000, 0x0000000712e00000|  0%| F|  |TAMS 0x0000000712d00000, 0x0000000712d00000| Untracked 
| 250|0x0000000712e00000, 0x0000000712e00000, 0x0000000712f00000|  0%| F|  |TAMS 0x0000000712e00000, 0x0000000712e00000| Untracked 
| 251|0x0000000712f00000, 0x0000000712f00000, 0x0000000713000000|  0%| F|  |TAMS 0x0000000712f00000, 0x0000000712f00000| Untracked 
| 252|0x0000000713000000, 0x0000000713000000, 0x0000000713100000|  0%| F|  |TAMS 0x0000000713000000, 0x0000000713000000| Untracked 
| 253|0x0000000713100000, 0x0000000713100000, 0x0000000713200000|  0%| F|  |TAMS 0x0000000713100000, 0x0000000713100000| Untracked 
| 254|0x0000000713200000, 0x0000000713200000, 0x0000000713300000|  0%| F|  |TAMS 0x0000000713200000, 0x0000000713200000| Untracked 
| 255|0x0000000713300000, 0x0000000713300000, 0x0000000713400000|  0%| F|  |TAMS 0x0000000713300000, 0x0000000713300000| Untracked 
| 256|0x0000000713400000, 0x0000000713400000, 0x0000000713500000|  0%| F|  |TAMS 0x0000000713400000, 0x0000000713400000| Untracked 
| 257|0x0000000713500000, 0x0000000713500000, 0x0000000713600000|  0%| F|  |TAMS 0x0000000713500000, 0x0000000713500000| Untracked 
| 258|0x0000000713600000, 0x0000000713600000, 0x0000000713700000|  0%| F|  |TAMS 0x0000000713600000, 0x0000000713600000| Untracked 
| 259|0x0000000713700000, 0x0000000713700000, 0x0000000713800000|  0%| F|  |TAMS 0x0000000713700000, 0x0000000713700000| Untracked 
| 260|0x0000000713800000, 0x0000000713800000, 0x0000000713900000|  0%| F|  |TAMS 0x0000000713800000, 0x0000000713800000| Untracked 
| 261|0x0000000713900000, 0x0000000713900000, 0x0000000713a00000|  0%| F|  |TAMS 0x0000000713900000, 0x0000000713900000| Untracked 
| 262|0x0000000713a00000, 0x0000000713a00000, 0x0000000713b00000|  0%| F|  |TAMS 0x0000000713a00000, 0x0000000713a00000| Untracked 
| 263|0x0000000713b00000, 0x0000000713b92d98, 0x0000000713c00000| 57%| E|  |TAMS 0x0000000713b00000, 0x0000000713b00000| Complete 
| 264|0x0000000713c00000, 0x0000000713d00000, 0x0000000713d00000|100%| E|CS|TAMS 0x0000000713c00000, 0x0000000713c00000| Complete 
| 265|0x0000000713d00000, 0x0000000713e00000, 0x0000000713e00000|100%| E|CS|TAMS 0x0000000713d00000, 0x0000000713d00000| Complete 
| 266|0x0000000713e00000, 0x0000000713f00000, 0x0000000713f00000|100%| E|CS|TAMS 0x0000000713e00000, 0x0000000713e00000| Complete 
| 267|0x0000000713f00000, 0x0000000714000000, 0x0000000714000000|100%| E|CS|TAMS 0x0000000713f00000, 0x0000000713f00000| Complete 
| 268|0x0000000714000000, 0x0000000714100000, 0x0000000714100000|100%| E|CS|TAMS 0x0000000714000000, 0x0000000714000000| Complete 
| 269|0x0000000714100000, 0x0000000714200000, 0x0000000714200000|100%| E|CS|TAMS 0x0000000714100000, 0x0000000714100000| Complete 
| 270|0x0000000714200000, 0x0000000714300000, 0x0000000714300000|100%| E|CS|TAMS 0x0000000714200000, 0x0000000714200000| Complete 
| 271|0x0000000714300000, 0x0000000714400000, 0x0000000714400000|100%| E|CS|TAMS 0x0000000714300000, 0x0000000714300000| Complete 
| 272|0x0000000714400000, 0x0000000714500000, 0x0000000714500000|100%| E|CS|TAMS 0x0000000714400000, 0x0000000714400000| Complete 
| 273|0x0000000714500000, 0x0000000714600000, 0x0000000714600000|100%| E|CS|TAMS 0x0000000714500000, 0x0000000714500000| Complete 
| 274|0x0000000714600000, 0x0000000714700000, 0x0000000714700000|100%| E|CS|TAMS 0x0000000714600000, 0x0000000714600000| Complete 
| 275|0x0000000714700000, 0x0000000714800000, 0x0000000714800000|100%| E|CS|TAMS 0x0000000714700000, 0x0000000714700000| Complete 
| 276|0x0000000714800000, 0x0000000714900000, 0x0000000714900000|100%| E|CS|TAMS 0x0000000714800000, 0x0000000714800000| Complete 
| 277|0x0000000714900000, 0x0000000714a00000, 0x0000000714a00000|100%| E|CS|TAMS 0x0000000714900000, 0x0000000714900000| Complete 
| 278|0x0000000714a00000, 0x0000000714b00000, 0x0000000714b00000|100%| E|CS|TAMS 0x0000000714a00000, 0x0000000714a00000| Complete 
| 279|0x0000000714b00000, 0x0000000714c00000, 0x0000000714c00000|100%| E|CS|TAMS 0x0000000714b00000, 0x0000000714b00000| Complete 
| 280|0x0000000714c00000, 0x0000000714d00000, 0x0000000714d00000|100%| E|CS|TAMS 0x0000000714c00000, 0x0000000714c00000| Complete 
| 281|0x0000000714d00000, 0x0000000714e00000, 0x0000000714e00000|100%| E|CS|TAMS 0x0000000714d00000, 0x0000000714d00000| Complete 
| 282|0x0000000714e00000, 0x0000000714f00000, 0x0000000714f00000|100%| E|CS|TAMS 0x0000000714e00000, 0x0000000714e00000| Complete 
| 283|0x0000000714f00000, 0x0000000715000000, 0x0000000715000000|100%| E|CS|TAMS 0x0000000714f00000, 0x0000000714f00000| Complete 
| 284|0x0000000715000000, 0x0000000715100000, 0x0000000715100000|100%| E|CS|TAMS 0x0000000715000000, 0x0000000715000000| Complete 
| 285|0x0000000715100000, 0x0000000715200000, 0x0000000715200000|100%| E|CS|TAMS 0x0000000715100000, 0x0000000715100000| Complete 
| 286|0x0000000715200000, 0x0000000715300000, 0x0000000715300000|100%| E|CS|TAMS 0x0000000715200000, 0x0000000715200000| Complete 
| 287|0x0000000715300000, 0x0000000715400000, 0x0000000715400000|100%| E|CS|TAMS 0x0000000715300000, 0x0000000715300000| Complete 
| 288|0x0000000715400000, 0x0000000715500000, 0x0000000715500000|100%| E|CS|TAMS 0x0000000715400000, 0x0000000715400000| Complete 
| 289|0x0000000715500000, 0x0000000715600000, 0x0000000715600000|100%| E|CS|TAMS 0x0000000715500000, 0x0000000715500000| Complete 
| 290|0x0000000715600000, 0x0000000715700000, 0x0000000715700000|100%| E|CS|TAMS 0x0000000715600000, 0x0000000715600000| Complete 
| 291|0x0000000715700000, 0x0000000715800000, 0x0000000715800000|100%| E|CS|TAMS 0x0000000715700000, 0x0000000715700000| Complete 
| 292|0x0000000715800000, 0x0000000715900000, 0x0000000715900000|100%| E|CS|TAMS 0x0000000715800000, 0x0000000715800000| Complete 
| 293|0x0000000715900000, 0x0000000715a00000, 0x0000000715a00000|100%| E|CS|TAMS 0x0000000715900000, 0x0000000715900000| Complete 
| 294|0x0000000715a00000, 0x0000000715b00000, 0x0000000715b00000|100%| E|CS|TAMS 0x0000000715a00000, 0x0000000715a00000| Complete 
| 295|0x0000000715b00000, 0x0000000715c00000, 0x0000000715c00000|100%| E|CS|TAMS 0x0000000715b00000, 0x0000000715b00000| Complete 
| 296|0x0000000715c00000, 0x0000000715d00000, 0x0000000715d00000|100%| E|CS|TAMS 0x0000000715c00000, 0x0000000715c00000| Complete 
| 297|0x0000000715d00000, 0x0000000715e00000, 0x0000000715e00000|100%| E|CS|TAMS 0x0000000715d00000, 0x0000000715d00000| Complete 
| 298|0x0000000715e00000, 0x0000000715f00000, 0x0000000715f00000|100%| E|CS|TAMS 0x0000000715e00000, 0x0000000715e00000| Complete 
| 299|0x0000000715f00000, 0x0000000716000000, 0x0000000716000000|100%| E|CS|TAMS 0x0000000715f00000, 0x0000000715f00000| Complete 
| 300|0x0000000716000000, 0x0000000716100000, 0x0000000716100000|100%| E|CS|TAMS 0x0000000716000000, 0x0000000716000000| Complete 
| 301|0x0000000716100000, 0x0000000716200000, 0x0000000716200000|100%| E|CS|TAMS 0x0000000716100000, 0x0000000716100000| Complete 
| 302|0x0000000716200000, 0x0000000716300000, 0x0000000716300000|100%| E|CS|TAMS 0x0000000716200000, 0x0000000716200000| Complete 
| 303|0x0000000716300000, 0x0000000716400000, 0x0000000716400000|100%| E|CS|TAMS 0x0000000716300000, 0x0000000716300000| Complete 
| 304|0x0000000716400000, 0x0000000716500000, 0x0000000716500000|100%| E|CS|TAMS 0x0000000716400000, 0x0000000716400000| Complete 

Card table byte_map: [0x000000001b2d0000,0x000000001bac0000] _byte_map_base: 0x0000000017ab6000

Marking Bits (Prev, Next): (CMBitMap*) 0x00000000032f6ff8, (CMBitMap*) 0x00000000032f7030
 Prev Bits: [0x000000001c2b0000, 0x00000000201e0000)
 Next Bits: [0x00000000201e0000, 0x0000000024110000)

Polling page: 0x0000000000090000

Metaspace:

Usage:
  Non-class:     40.11 MB capacity,    38.83 MB ( 97%) used,     1.03 MB (  3%) free+waste,   251.63 KB ( <1%) overhead. 
      Class:      7.10 MB capacity,     6.16 MB ( 87%) used,   824.20 KB ( 11%) free+waste,   130.56 KB (  2%) overhead. 
       Both:     47.21 MB capacity,    45.00 MB ( 95%) used,     1.84 MB (  4%) free+waste,   382.19 KB ( <1%) overhead. 

Virtual space:
  Non-class space:       42.00 MB reserved,      40.25 MB ( 96%) committed 
      Class space:        1.00 GB reserved,       7.21 MB ( <1%) committed 
             Both:        1.04 GB reserved,      47.45 MB (  4%) committed 

Chunk freelists:
   Non-Class:  1.38 KB
       Class:  0 bytes
        Both:  1.38 KB

CodeHeap 'non-profiled nmethods': size=120000Kb used=1929Kb max_used=1929Kb free=118070Kb
 bounds [0x0000000013060000, 0x00000000132d0000, 0x000000001a590000]
CodeHeap 'profiled nmethods': size=120000Kb used=7649Kb max_used=7649Kb free=112350Kb
 bounds [0x000000000bb30000, 0x000000000c2b0000, 0x0000000013060000]
CodeHeap 'non-nmethods': size=5760Kb used=1508Kb max_used=1558Kb free=4251Kb
 bounds [0x000000000b590000, 0x000000000b800000, 0x000000000bb30000]
 total_blobs=5914 nmethods=3783 adapters=920
 compilation: enabled
              stopped_count=0, restarted_count=0
 full_count=0

Compilation events (10 events):
Event: 3.850 Thread 0x0000000027d6c000 4037       1       com.sun.scenario.animation.AnimationPulse::getEnabled (5 bytes)
Event: 3.850 Thread 0x0000000027d6c000 nmethod 4037 0x0000000013241710 code [0x00000000132418c0, 0x00000000132419d8]
Event: 3.850 Thread 0x0000000027d6c000 4038       1       com.sun.scenario.animation.AbstractMasterTimer::access$500 (5 bytes)
Event: 3.850 Thread 0x0000000027d6c000 nmethod 4038 0x0000000013241a90 code [0x0000000013241c40, 0x0000000013241d38]
Event: 3.850 Thread 0x0000000027d6c000 4039       1       java.nio.DirectIntBufferS::ix (10 bytes)
Event: 3.850 Thread 0x0000000027d6c000 nmethod 4039 0x0000000013241e10 code [0x0000000013241fc0, 0x00000000132420f8]
Event: 3.853 Thread 0x0000000027d6c000 4040       2       io.github.classgraph.ClassInfo::addScannedClass (389 bytes)
Event: 3.855 Thread 0x0000000027d6c000 nmethod 4040 0x000000000c2a4e10 code [0x000000000c2a5180, 0x000000000c2a6420]
Event: 3.855 Thread 0x0000000027d6c000 4041       1       io.github.classgraph.ClasspathElement::getJarfilePackageRoot (3 bytes)
Event: 3.855 Thread 0x0000000027d6c000 nmethod 4041 0x0000000013242190 code [0x0000000013242340, 0x0000000013242458]

GC Heap History (10 events):
Event: 3.232 GC heap before
{Heap before GC invocations=5 (full 0):
 garbage-first heap   total 260096K, used 62060K [0x0000000703400000, 0x0000000800000000)
  region size 1024K, 54 young (55296K), 6 survivors (6144K)
 Metaspace       used 45177K, capacity 47360K, committed 47440K, reserved 1089536K
  class space    used 6232K, capacity 7199K, committed 7252K, reserved 1048576K
}
Event: 3.240 GC heap after
{Heap after GC invocations=6 (full 0):
 garbage-first heap   total 260096K, used 22206K [0x0000000703400000, 0x0000000800000000)
  region size 1024K, 7 young (7168K), 7 survivors (7168K)
 Metaspace       used 45177K, capacity 47360K, committed 47440K, reserved 1089536K
  class space    used 6232K, capacity 7199K, committed 7252K, reserved 1048576K
}
Event: 3.393 GC heap before
{Heap before GC invocations=6 (full 0):
 garbage-first heap   total 260096K, used 169662K [0x0000000703400000, 0x0000000800000000)
  region size 1024K, 153 young (156672K), 7 survivors (7168K)
 Metaspace       used 45475K, capacity 47729K, committed 47952K, reserved 1089536K
  class space    used 6260K, capacity 7237K, committed 7252K, reserved 1048576K
}
Event: 3.401 GC heap after
{Heap after GC invocations=7 (full 0):
 garbage-first heap   total 260096K, used 24692K [0x0000000703400000, 0x0000000800000000)
  region size 1024K, 10 young (10240K), 10 survivors (10240K)
 Metaspace       used 45475K, capacity 47729K, committed 47952K, reserved 1089536K
  class space    used 6260K, capacity 7237K, committed 7252K, reserved 1048576K
}
Event: 3.663 GC heap before
{Heap before GC invocations=7 (full 0):
 garbage-first heap   total 260096K, used 169076K [0x0000000703400000, 0x0000000800000000)
  region size 1024K, 152 young (155648K), 10 survivors (10240K)
 Metaspace       used 46030K, capacity 48323K, committed 48592K, reserved 1091584K
  class space    used 6308K, capacity 7263K, committed 7380K, reserved 1048576K
}
Event: 3.674 GC heap after
{Heap after GC invocations=8 (full 0):
 garbage-first heap   total 260096K, used 32446K [0x0000000703400000, 0x0000000800000000)
  region size 1024K, 17 young (17408K), 17 survivors (17408K)
 Metaspace       used 46030K, capacity 48323K, committed 48592K, reserved 1091584K
  class space    used 6308K, capacity 7263K, committed 7380K, reserved 1048576K
}
Event: 3.759 GC heap before
{Heap before GC invocations=8 (full 0):
 garbage-first heap   total 260096K, used 170686K [0x0000000703400000, 0x0000000800000000)
  region size 1024K, 154 young (157696K), 17 survivors (17408K)
 Metaspace       used 46063K, capacity 48338K, committed 48592K, reserved 1091584K
  class space    used 6311K, capacity 7267K, committed 7380K, reserved 1048576K
}
Event: 3.770 GC heap after
{Heap after GC invocations=9 (full 0):
 garbage-first heap   total 260096K, used 37861K [0x0000000703400000, 0x0000000800000000)
  region size 1024K, 16 young (16384K), 16 survivors (16384K)
 Metaspace       used 46063K, capacity 48338K, committed 48592K, reserved 1091584K
  class space    used 6311K, capacity 7267K, committed 7380K, reserved 1048576K
}
Event: 3.825 GC heap before
{Heap before GC invocations=9 (full 0):
 garbage-first heap   total 260096K, used 176101K [0x0000000703400000, 0x0000000800000000)
  region size 1024K, 152 young (155648K), 16 survivors (16384K)
 Metaspace       used 46066K, capacity 48340K, committed 48592K, reserved 1091584K
  class space    used 6311K, capacity 7267K, committed 7380K, reserved 1048576K
}
Event: 3.832 GC heap after
{Heap after GC invocations=10 (full 0):
 garbage-first heap   total 312320K, used 40284K [0x0000000703400000, 0x0000000800000000)
  region size 1024K, 9 young (9216K), 9 survivors (9216K)
 Metaspace       used 46066K, capacity 48340K, committed 48592K, reserved 1091584K
  class space    used 6311K, capacity 7267K, committed 7380K, reserved 1048576K
}

Deoptimization events (10 events):
Event: 3.525 Thread 0x00000000364f4000 Uncommon trap: reason=class_check action=maybe_recompile pc=0x00000000131e8000 method=java.util.Collections$SetFromMap.remove(Ljava/lang/Object;)Z @ 5 c2
Event: 3.551 Thread 0x0000000037ed5000 Uncommon trap: reason=unstable_if action=reinterpret pc=0x00000000131f0e18 method=java.util.concurrent.ConcurrentHashMap.addCount(JI)V @ 269 c2
Event: 3.551 Thread 0x0000000037ed9000 Uncommon trap: reason=unstable_if action=reinterpret pc=0x00000000130a2a44 method=java.util.concurrent.ConcurrentHashMap.get(Ljava/lang/Object;)Ljava/lang/Object; @ 86 c2
Event: 3.551 Thread 0x0000000037eda800 Uncommon trap: reason=unstable_if action=reinterpret pc=0x00000000131f09dc method=java.util.concurrent.ConcurrentHashMap.addCount(JI)V @ 34 c2
Event: 3.551 Thread 0x0000000037ed5000 Uncommon trap: reason=unstable_if action=reinterpret pc=0x000000001313ecac method=java.util.concurrent.ConcurrentHashMap.transfer([Ljava/util/concurrent/ConcurrentHashMap$Node;[Ljava/util/concurrent/ConcurrentHashMap$Node;)V @ 273 c2
Event: 3.551 Thread 0x0000000037ed9000 Uncommon trap: reason=unstable_if action=reinterpret pc=0x000000001313eb80 method=java.util.concurrent.ConcurrentHashMap.transfer([Ljava/util/concurrent/ConcurrentHashMap$Node;[Ljava/util/concurrent/ConcurrentHashMap$Node;)V @ 34 c2
Event: 3.712 Thread 0x0000000037ed6000 Uncommon trap: reason=class_check action=maybe_recompile pc=0x0000000013219cac method=io.github.classgraph.Resource$InputStreamResourceCloser.read([BII)I @ 24 c2
Event: 3.712 Thread 0x0000000037ed6000 Uncommon trap: reason=class_check action=maybe_recompile pc=0x0000000013219cac method=io.github.classgraph.Resource$InputStreamResourceCloser.read([BII)I @ 24 c2
Event: 3.712 Thread 0x0000000037ed4000 Uncommon trap: reason=class_check action=maybe_recompile pc=0x0000000013219cac method=io.github.classgraph.Resource$InputStreamResourceCloser.read([BII)I @ 24 c2
Event: 3.712 Thread 0x0000000037ed4000 Uncommon trap: reason=class_check action=maybe_recompile pc=0x0000000013219cac method=io.github.classgraph.Resource$InputStreamResourceCloser.read([BII)I @ 24 c2

Classes redefined (0 events):
No events

Internal exceptions (10 events):
Event: 2.806 Thread 0x0000000029b19800 Exception <a 'java/io/FileNotFoundException'{0x0000000711a242d0}> (0x0000000711a242d0) thrown at [t:/workspace/open/src/hotspot/share/prims/jni.cpp, line 615]
Event: 2.825 Thread 0x0000000029b19800 Exception <a 'java/io/FileNotFoundException'{0x0000000711aacc98}> (0x0000000711aacc98) thrown at [t:/workspace/open/src/hotspot/share/prims/jni.cpp, line 615]
Event: 2.850 Thread 0x0000000029b19800 Exception <a 'java/io/FileNotFoundException'{0x00000007119bbe00}> (0x00000007119bbe00) thrown at [t:/workspace/open/src/hotspot/share/prims/jni.cpp, line 615]
Event: 3.040 Thread 0x0000000029b19800 Exception <a 'java/lang/NoSuchMethodError'{0x0000000710acece8}: java.lang.invoke.DirectMethodHandle$Holder.invokeStatic(Ljava/lang/Object;Ljava/lang/Object;)D> (0x0000000710acece8) thrown at [t:/workspace/open/src/hotspot/share/interpreter/linkResolver.cp
Event: 3.048 Thread 0x0000000029b19800 Exception <a 'java/lang/NoSuchMethodError'{0x0000000710aed870}: java.lang.invoke.DirectMethodHandle$Holder.invokeStatic(Ljava/lang/Object;Ljava/lang/Object;D)V> (0x0000000710aed870) thrown at [t:/workspace/open/src/hotspot/share/interpreter/linkResolver.c
Event: 3.114 Thread 0x0000000029b19800 Exception <a 'java/lang/NoSuchMethodError'{0x000000071087dd48}: java.lang.invoke.DirectMethodHandle$Holder.invokeStatic(Ljava/lang/Object;Ljava/lang/Object;I)V> (0x000000071087dd48) thrown at [t:/workspace/open/src/hotspot/share/interpreter/linkResolver.c
Event: 3.133 Thread 0x00000000364f4000 Exception <a 'java/lang/NoSuchMethodError'{0x00000007107c0fe0}: java.lang.invoke.DirectMethodHandle$Holder.invokeSpecialIFC(Ljava/lang/Object;Ljava/lang/Object;I)I> (0x00000007107c0fe0) thrown at [t:/workspace/open/src/hotspot/share/interpreter/linkResolv
Event: 3.286 Thread 0x00000000299ce800 Exception <a 'java/lang/NoSuchMethodError'{0x000000071315b500}: java.lang.invoke.DirectMethodHandle$Holder.invokeStaticInit(Ljava/lang/Object;I)Ljava/lang/Object;> (0x000000071315b500) thrown at [t:/workspace/open/src/hotspot/share/interpreter/linkResolve
Event: 3.527 Thread 0x0000000037ed9000 Exception <a 'java/lang/NoSuchMethodError'{0x000000070e3eb7b8}: java.lang.invoke.DirectMethodHandle$Holder.invokeStaticInit(Ljava/lang/Object;Ljava/lang/Object;Ljava/lang/Object;Ljava/lang/Object;)I> (0x000000070e3eb7b8) thrown at [t:/workspace/open/src/h
Event: 3.528 Thread 0x0000000037ed9000 Exception <a 'java/lang/IncompatibleClassChangeError'{0x000000070e3f4010}: Found class java.lang.Object, but interface was expected> (0x000000070e3f4010) thrown at [t:/workspace/open/src/hotspot/share/interpreter/linkResolver.cpp, line 838]

Events (10 events):
Event: 3.712 Thread 0x0000000037ed4000 DEOPT UNPACKING pc=0x000000000b5b91af sp=0x000000003fdaea60 mode 2
Event: 3.712 Thread 0x0000000037ed4000 Uncommon trap: trap_request=0xffffffde fr.pc=0x0000000013219cac relative=0x0000000000000dec
Event: 3.712 Thread 0x0000000037ed4000 DEOPT PACKING pc=0x0000000013219cac sp=0x000000003fdaeaa0
Event: 3.712 Thread 0x0000000037ed4000 DEOPT UNPACKING pc=0x000000000b5b91af sp=0x000000003fdaea60 mode 2
Event: 3.759 Executing VM operation: G1CollectForAllocation
Event: 3.759 Executing VM operation: G1CollectForAllocation done
Event: 3.759 Executing VM operation: G1CollectForAllocation
Event: 3.770 Executing VM operation: G1CollectForAllocation done
Event: 3.825 Executing VM operation: G1CollectForAllocation
Event: 3.832 Executing VM operation: G1CollectForAllocation done


Dynamic libraries:
0x0000000000400000 - 0x00000000004d5000 	C:\Program Files\Greenfoot\Greenfoot.exe
0x00007ffeecea0000 - 0x00007ffeed090000 	C:\Windows\SYSTEM32\ntdll.dll
0x00007ffeec520000 - 0x00007ffeec5d2000 	C:\Windows\System32\KERNEL32.DLL
0x00007ffeea600000 - 0x00007ffeea8a5000 	C:\Windows\System32\KERNELBASE.dll
0x00007ffeecdc0000 - 0x00007ffeece5e000 	C:\Windows\System32\msvcrt.dll
0x00007ffeebd00000 - 0x00007ffeec3e8000 	C:\Windows\System32\SHELL32.dll
0x00007ffeeae50000 - 0x00007ffeeaf4a000 	C:\Windows\System32\ucrtbase.dll
0x00007ffeea8b0000 - 0x00007ffeea8fa000 	C:\Windows\System32\cfgmgr32.dll
0x00007ffeeb5f0000 - 0x00007ffeeb697000 	C:\Windows\System32\shcore.dll
0x00007ffeebbe0000 - 0x00007ffeebcff000 	C:\Windows\System32\RPCRT4.dll
0x00007ffeec650000 - 0x00007ffeec987000 	C:\Windows\System32\combase.dll
0x00007ffeeadc0000 - 0x00007ffeeae41000 	C:\Windows\System32\bcryptPrimitives.dll
0x00007ffee9e80000 - 0x00007ffeea5fb000 	C:\Windows\System32\windows.storage.dll
0x00007ffeeabf0000 - 0x00007ffeeac8e000 	C:\Windows\System32\msvcp_win.dll
0x00007ffeeb6a0000 - 0x00007ffeeb737000 	C:\Windows\System32\sechost.dll
0x00007ffeeb180000 - 0x00007ffeeb223000 	C:\Windows\System32\advapi32.dll
0x00007ffee9dd0000 - 0x00007ffee9df3000 	C:\Windows\System32\profapi.dll
0x00007ffee9d80000 - 0x00007ffee9dca000 	C:\Windows\System32\powrprof.dll
0x00007ffee9d50000 - 0x00007ffee9d60000 	C:\Windows\System32\UMPDC.dll
0x00007ffeecb20000 - 0x00007ffeecb72000 	C:\Windows\System32\shlwapi.dll
0x00007ffeebbb0000 - 0x00007ffeebbd6000 	C:\Windows\System32\GDI32.dll
0x00007ffeeac90000 - 0x00007ffeeacb1000 	C:\Windows\System32\win32u.dll
0x00007ffeea900000 - 0x00007ffeeaa98000 	C:\Windows\System32\gdi32full.dll
0x00007ffeecba0000 - 0x00007ffeecd34000 	C:\Windows\System32\USER32.dll
0x00007ffee9e00000 - 0x00007ffee9e11000 	C:\Windows\System32\kernel.appcore.dll
0x00007ffeeada0000 - 0x00007ffeeadb7000 	C:\Windows\System32\cryptsp.dll
0x00007ffee0520000 - 0x00007ffee052a000 	C:\Windows\SYSTEM32\VERSION.dll
0x00007ffeec990000 - 0x00007ffeec9be000 	C:\Windows\System32\IMM32.DLL
0x00007ffe88200000 - 0x00007ffe88d23000 	C:\Program Files\Greenfoot\jdk\bin\server\jvm.dll
0x00007ffeec3f0000 - 0x00007ffeec3f8000 	C:\Windows\System32\PSAPI.DLL
0x00007ffedd750000 - 0x00007ffedd774000 	C:\Windows\SYSTEM32\WINMM.dll
0x00007ffed4cc0000 - 0x00007ffed4cc9000 	C:\Windows\SYSTEM32\WSOCK32.dll
0x00007ffeec400000 - 0x00007ffeec46f000 	C:\Windows\System32\WS2_32.dll
0x00007ffed6930000 - 0x00007ffed6946000 	C:\Program Files\Greenfoot\jdk\bin\VCRUNTIME140.dll
0x00007ffedd720000 - 0x00007ffedd74d000 	C:\Windows\SYSTEM32\WINMMBASE.dll
0x00007ffed4f50000 - 0x00007ffed4f61000 	C:\Program Files\Greenfoot\jdk\bin\verify.dll
0x00007ffee85d0000 - 0x00007ffee87c4000 	C:\Windows\SYSTEM32\DBGHELP.DLL
0x00007ffedf800000 - 0x00007ffedf82a000 	C:\Windows\SYSTEM32\dbgcore.DLL
0x00007ffec3470000 - 0x00007ffec3498000 	C:\Program Files\Greenfoot\jdk\bin\java.dll
0x00007ffed2fc0000 - 0x00007ffed2fd6000 	C:\Program Files\Greenfoot\jdk\bin\zip.dll
0x00007ffee5010000 - 0x00007ffee501a000 	C:\Program Files\Greenfoot\jdk\bin\jimage.dll
0x00007ffecb420000 - 0x00007ffecb439000 	C:\Program Files\Greenfoot\jdk\bin\net.dll
0x00007ffee24f0000 - 0x00007ffee25e0000 	C:\Windows\SYSTEM32\WINHTTP.dll
0x00007ffedda30000 - 0x00007ffeddc06000 	C:\Windows\SYSTEM32\urlmon.dll
0x00007ffedd470000 - 0x00007ffedd717000 	C:\Windows\SYSTEM32\iertutil.dll
0x00007ffee9760000 - 0x00007ffee976c000 	C:\Windows\SYSTEM32\CRYPTBASE.DLL
0x00007ffee9590000 - 0x00007ffee95f7000 	C:\Windows\system32\mswsock.dll
0x00007ffecad70000 - 0x00007ffecad83000 	C:\Program Files\Greenfoot\jdk\bin\nio.dll
0x0000000180000000 - 0x0000000180003000 	C:\Program Files\Greenfoot\lib\javafx\bin\api-ms-win-core-console-l1-1-0.dll
0x0000000000f00000 - 0x0000000000f03000 	C:\Program Files\Greenfoot\lib\javafx\bin\api-ms-win-core-datetime-l1-1-0.dll
0x0000000000f10000 - 0x0000000000f13000 	C:\Program Files\Greenfoot\lib\javafx\bin\api-ms-win-core-debug-l1-1-0.dll
0x0000000000f20000 - 0x0000000000f23000 	C:\Program Files\Greenfoot\lib\javafx\bin\api-ms-win-core-errorhandling-l1-1-0.dll
0x0000000000f30000 - 0x0000000000f34000 	C:\Program Files\Greenfoot\lib\javafx\bin\api-ms-win-core-file-l1-1-0.dll
0x0000000000f40000 - 0x0000000000f43000 	C:\Program Files\Greenfoot\lib\javafx\bin\api-ms-win-core-file-l1-2-0.dll
0x0000000000f50000 - 0x0000000000f53000 	C:\Program Files\Greenfoot\lib\javafx\bin\api-ms-win-core-file-l2-1-0.dll
0x0000000003170000 - 0x0000000003173000 	C:\Program Files\Greenfoot\lib\javafx\bin\api-ms-win-core-handle-l1-1-0.dll
0x0000000003180000 - 0x0000000003183000 	C:\Program Files\Greenfoot\lib\javafx\bin\api-ms-win-core-heap-l1-1-0.dll
0x0000000003190000 - 0x0000000003193000 	C:\Program Files\Greenfoot\lib\javafx\bin\api-ms-win-core-interlocked-l1-1-0.dll
0x00000000031a0000 - 0x00000000031a3000 	C:\Program Files\Greenfoot\lib\javafx\bin\api-ms-win-core-libraryloader-l1-1-0.dll
0x00000000031b0000 - 0x00000000031b3000 	C:\Program Files\Greenfoot\lib\javafx\bin\api-ms-win-core-localization-l1-2-0.dll
0x00000000031c0000 - 0x00000000031c3000 	C:\Program Files\Greenfoot\lib\javafx\bin\api-ms-win-core-memory-l1-1-0.dll
0x00000000031d0000 - 0x00000000031d3000 	C:\Program Files\Greenfoot\lib\javafx\bin\api-ms-win-core-namedpipe-l1-1-0.dll
0x00000000031e0000 - 0x00000000031e3000 	C:\Program Files\Greenfoot\lib\javafx\bin\api-ms-win-core-processenvironment-l1-1-0.dll
0x00000000031f0000 - 0x00000000031f3000 	C:\Program Files\Greenfoot\lib\javafx\bin\api-ms-win-core-processthreads-l1-1-0.dll
0x0000000003200000 - 0x0000000003203000 	C:\Program Files\Greenfoot\lib\javafx\bin\api-ms-win-core-processthreads-l1-1-1.dll
0x0000000003210000 - 0x0000000003213000 	C:\Program Files\Greenfoot\lib\javafx\bin\api-ms-win-core-profile-l1-1-0.dll
0x0000000003220000 - 0x0000000003223000 	C:\Program Files\Greenfoot\lib\javafx\bin\api-ms-win-core-rtlsupport-l1-1-0.dll
0x0000000003230000 - 0x0000000003233000 	C:\Program Files\Greenfoot\lib\javafx\bin\api-ms-win-core-string-l1-1-0.dll
0x0000000003240000 - 0x0000000003243000 	C:\Program Files\Greenfoot\lib\javafx\bin\api-ms-win-core-synch-l1-1-0.dll
0x000000002a1b0000 - 0x000000002a1b3000 	C:\Program Files\Greenfoot\lib\javafx\bin\api-ms-win-core-synch-l1-2-0.dll
0x000000002a1c0000 - 0x000000002a1c3000 	C:\Program Files\Greenfoot\lib\javafx\bin\api-ms-win-core-sysinfo-l1-1-0.dll
0x000000002a1d0000 - 0x000000002a1d3000 	C:\Program Files\Greenfoot\lib\javafx\bin\api-ms-win-core-timezone-l1-1-0.dll
0x000000002a1e0000 - 0x000000002a1e3000 	C:\Program Files\Greenfoot\lib\javafx\bin\api-ms-win-core-util-l1-1-0.dll
0x000000002a1f0000 - 0x000000002a1f3000 	C:\Program Files\Greenfoot\lib\javafx\bin\api-ms-win-crt-conio-l1-1-0.dll
0x000000002a200000 - 0x000000002a204000 	C:\Program Files\Greenfoot\lib\javafx\bin\api-ms-win-crt-convert-l1-1-0.dll
0x000000002a210000 - 0x000000002a213000 	C:\Program Files\Greenfoot\lib\javafx\bin\api-ms-win-crt-environment-l1-1-0.dll
0x000000002a220000 - 0x000000002a223000 	C:\Program Files\Greenfoot\lib\javafx\bin\api-ms-win-crt-filesystem-l1-1-0.dll
0x000000002a230000 - 0x000000002a233000 	C:\Program Files\Greenfoot\lib\javafx\bin\api-ms-win-crt-heap-l1-1-0.dll
0x000000002a240000 - 0x000000002a243000 	C:\Program Files\Greenfoot\lib\javafx\bin\api-ms-win-crt-locale-l1-1-0.dll
0x000000002a250000 - 0x000000002a255000 	C:\Program Files\Greenfoot\lib\javafx\bin\api-ms-win-crt-math-l1-1-0.dll
0x000000002a260000 - 0x000000002a265000 	C:\Program Files\Greenfoot\lib\javafx\bin\api-ms-win-crt-multibyte-l1-1-0.dll
0x000000002a270000 - 0x000000002a280000 	C:\Program Files\Greenfoot\lib\javafx\bin\api-ms-win-crt-private-l1-1-0.dll
0x000000002a280000 - 0x000000002a283000 	C:\Program Files\Greenfoot\lib\javafx\bin\api-ms-win-crt-process-l1-1-0.dll
0x000000002a290000 - 0x000000002a294000 	C:\Program Files\Greenfoot\lib\javafx\bin\api-ms-win-crt-runtime-l1-1-0.dll
0x000000002a2a0000 - 0x000000002a2a4000 	C:\Program Files\Greenfoot\lib\javafx\bin\api-ms-win-crt-stdio-l1-1-0.dll
0x000000002a2b0000 - 0x000000002a2b4000 	C:\Program Files\Greenfoot\lib\javafx\bin\api-ms-win-crt-string-l1-1-0.dll
0x000000002a2c0000 - 0x000000002a2c3000 	C:\Program Files\Greenfoot\lib\javafx\bin\api-ms-win-crt-time-l1-1-0.dll
0x000000002a2d0000 - 0x000000002a2d3000 	C:\Program Files\Greenfoot\lib\javafx\bin\api-ms-win-crt-utility-l1-1-0.dll
0x00007ffea8d20000 - 0x00007ffea8e1a000 	C:\Program Files\Greenfoot\lib\javafx\bin\ucrtbase.dll
0x00007ffec9f70000 - 0x00007ffec9f86000 	C:\Program Files\Greenfoot\lib\javafx\bin\vcruntime140.dll
0x00007ffeb3170000 - 0x00007ffeb3216000 	C:\Program Files\Greenfoot\lib\javafx\bin\msvcp140.dll
0x00007ffeb0290000 - 0x00007ffeb02e1000 	C:\Program Files\Greenfoot\lib\javafx\bin\concrt140.dll
0x00007ffebe670000 - 0x00007ffebe693000 	C:\Program Files\Greenfoot\lib\javafx\bin\prism_d3d.dll
0x00007ffea9ad0000 - 0x00007ffea9c97000 	C:\Windows\system32\d3d9.dll
0x00007ffee8040000 - 0x00007ffee806d000 	C:\Windows\SYSTEM32\dwmapi.dll
0x00007ffee8990000 - 0x00007ffee89b0000 	C:\Windows\SYSTEM32\dxcore.dll
0x00007ffee7c20000 - 0x00007ffee7cb9000 	C:\Windows\system32\uxtheme.dll
0x00007ffea1a90000 - 0x00007ffea1bed000 	C:\Windows\System32\DriverStore\FileRepository\iigd_dch.inf_amd64_02c328a4c327460d\igdumdim64.dll
0x00007ffe5eb00000 - 0x00007ffe62406000 	C:\Windows\System32\DriverStore\FileRepository\iigd_dch.inf_amd64_02c328a4c327460d\igd9dxva64.dll
0x00007ffeeb020000 - 0x00007ffeeb177000 	C:\Windows\System32\ole32.dll
0x00007ffeeb520000 - 0x00007ffeeb5e5000 	C:\Windows\System32\OLEAUT32.dll
0x00007ffeeb740000 - 0x00007ffeebbb0000 	C:\Windows\System32\SETUPAPI.dll
0x00007ffeead70000 - 0x00007ffeead96000 	C:\Windows\System32\bcrypt.dll
0x00007ffec3770000 - 0x00007ffec3914000 	C:\Windows\System32\DriverStore\FileRepository\iigd_dch.inf_amd64_02c328a4c327460d\igdgmm64.dll
0x00007ffeb03f0000 - 0x00007ffeb0435000 	C:\Program Files\Greenfoot\lib\javafx\bin\glass.dll
0x00007ffeeaf50000 - 0x00007ffeeb020000 	C:\Windows\System32\COMDLG32.dll
0x00007ffebc960000 - 0x00007ffebca09000 	C:\Windows\WinSxS\amd64_microsoft.windows.common-controls_6595b64144ccf1df_5.82.18362.1316_none_73b62828d8134176\COMCTL32.dll
0x00007ffeeb3e0000 - 0x00007ffeeb515000 	C:\Windows\System32\MSCTF.dll
0x00007ffee6b60000 - 0x00007ffee6b86000 	C:\Windows\System32\DriverStore\FileRepository\iigd_dch.inf_amd64_02c328a4c327460d\igdinfo64.dll
0x00007ffec0ca0000 - 0x00007ffec32a1000 	C:\Windows\System32\DriverStore\FileRepository\iigd_dch.inf_amd64_02c328a4c327460d\igc64.dll
0x00007ffe9fcb0000 - 0x00007ffe9fe4e000 	C:\Program Files\Greenfoot\jdk\bin\awt.dll
0x00007ffee3e70000 - 0x00007ffee4430000 	C:\Windows\SYSTEM32\d2d1.dll
0x00007ffee4a10000 - 0x00007ffee4a9f000 	C:\Windows\SYSTEM32\apphelp.dll
0x00007ffec04b0000 - 0x00007ffec04c4000 	C:\Program Files\Greenfoot\lib\javafx\bin\javafx_font.dll
0x00007ffee3890000 - 0x00007ffee3b8e000 	C:\Windows\SYSTEM32\dwrite.dll
0x00007ffeec470000 - 0x00007ffeec512000 	C:\Windows\System32\clbcatq.dll
0x00007ffed1e80000 - 0x00007ffed2104000 	C:\Windows\WinSxS\amd64_microsoft.windows.common-controls_6595b64144ccf1df_6.0.18362.1316_none_9e7a364fe461dbd7\comctl32.dll
0x00007ffec6810000 - 0x00007ffec69bf000 	C:\Windows\SYSTEM32\WindowsCodecs.dll
0x00007ffee0270000 - 0x00007ffee02ab000 	C:\Windows\system32\dataexchange.dll
0x00007ffee3b90000 - 0x00007ffee3deb000 	C:\Windows\system32\d3d11.dll
0x00007ffee68d0000 - 0x00007ffee6aad000 	C:\Windows\system32\dcomp.dll
0x00007ffee8a20000 - 0x00007ffee8b0b000 	C:\Windows\system32\dxgi.dll
0x00007ffee7ce0000 - 0x00007ffee7f3a000 	C:\Windows\system32\twinapi.appcore.dll
0x00007ffee8200000 - 0x00007ffee8229000 	C:\Windows\system32\RMCLIENT.dll
0x00007ffebbf80000 - 0x00007ffebbfb3000 	C:\Program Files\Common Files\Microsoft Shared\Ink\rtscom.dll
0x00007ffee7130000 - 0x00007ffee71cd000 	C:\Windows\System32\TextInputFramework.dll
0x00007ffee4430000 - 0x00007ffee4504000 	C:\Windows\System32\CoreMessaging.dll
0x00007ffec6e20000 - 0x00007ffec714a000 	C:\Windows\System32\CoreUIComponents.dll

dbghelp: loaded successfully - version: 4.0.5 - missing functions: none
symbol engine: initialized successfully - sym options: 0x614 - pdb path: .;C:\Program Files\Greenfoot;C:\Windows\SYSTEM32;C:\Program Files\Greenfoot\jdk\bin\server;C:\Program Files\Greenfoot\jdk\bin;C:\Program Files\Greenfoot\lib\javafx\bin;C:\Windows\System32\DriverStore\FileRepository\iigd_dch.inf_amd64_02c328a4c327460d;C:\Windows\WinSxS\amd64_microsoft.windows.common-controls_6595b64144ccf1df_5.82.18362.1316_none_73b62828d8134176;C:\Windows\WinSxS\amd64_microsoft.windows.common-controls_6595b64144ccf1df_6.0.18362.1316_none_9e7a364fe461dbd7;C:\Program Files\Common Files\Microsoft Shared\Ink

VM Arguments:
jvm_args: -Djavafx.embed.singleThread=true 
java_command: <unknown>
java_class_path (initial): C:\Program Files\Greenfoot\lib\bluej.jar;C:\Program Files\Greenfoot\lib\javafx\lib\javafx.base.jar;C:\Program Files\Greenfoot\lib\javafx\lib\javafx.controls.jar;C:\Program Files\Greenfoot\lib\javafx\lib\javafx.fxml.jar;C:\Program Files\Greenfoot\lib\javafx\lib\javafx.graphics.jar;C:\Program Files\Greenfoot\lib\javafx\lib\javafx.media.jar;C:\Program Files\Greenfoot\lib\javafx\lib\javafx.properties.jar;C:\Program Files\Greenfoot\lib\javafx\lib\javafx.swing.jar;C:\Program Files\Greenfoot\lib\javafx\lib\javafx.web.jar
Launcher Type: generic

[Global flags]
     intx CICompilerCount                          = 4                                         {product} {ergonomic}
     uint ConcGCThreads                            = 2                                         {product} {ergonomic}
     uint G1ConcRefinementThreads                  = 8                                         {product} {ergonomic}
   size_t G1HeapRegionSize                         = 1048576                                   {product} {ergonomic}
    uintx GCDrainStackTargetSize                   = 64                                        {product} {ergonomic}
   size_t InitialHeapSize                          = 266338304                                 {product} {ergonomic}
   size_t MarkStackSize                            = 4194304                                   {product} {ergonomic}
   size_t MaxHeapSize                              = 4240441344                                {product} {ergonomic}
   size_t MaxNewSize                               = 2543845376                                {product} {ergonomic}
   size_t MinHeapDeltaBytes                        = 1048576                                   {product} {ergonomic}
    uintx NonNMethodCodeHeapSize                   = 5835340                                {pd product} {ergonomic}
    uintx NonProfiledCodeHeapSize                  = 122911450                              {pd product} {ergonomic}
    uintx ProfiledCodeHeapSize                     = 122911450                              {pd product} {ergonomic}
    uintx ReservedCodeCacheSize                    = 251658240                              {pd product} {ergonomic}
     bool SegmentedCodeCache                       = true                                      {product} {ergonomic}
     bool UseCompressedClassPointers               = true                                 {lp64_product} {ergonomic}
     bool UseCompressedOops                        = true                                 {lp64_product} {ergonomic}
     bool UseG1GC                                  = true                                      {product} {ergonomic}
     bool UseLargePagesIndividualAllocation        = false                                  {pd product} {ergonomic}

Logging:
Log output configuration:
 #0: stdout all=warning uptime,level,tags
 #1: stderr all=off uptime,level,tags

Environment Variables:
PATH=C:\App\db_home\bin;C:\Program Files\Microsoft MPI\Bin\;C:\Program Files (x86)\Common Files\Oracle\Java\javapath;C:\Windows\system32;C:\Windows;C:\Windows\System32\Wbem;C:\Windows\System32\WindowsPowerShell\v1.0\;C:\Windows\System32\OpenSSH\;C:\Program Files (x86)\Microsoft SQL Server\130\Tools\Binn\;C:\Program Files\Microsoft SQL Server\130\Tools\Binn\;C:\Program Files (x86)\Microsoft SQL Server\130\DTS\Binn\;C:\Program Files\Microsoft SQL Server\130\DTS\Binn\;C:\Program Files\Microsoft SQL Server\Client SDK\ODBC\130\Tools\Binn\;C:\Program Files (x86)\Microsoft SQL Server\150\DTS\Binn\;C:\Program Files\Azure Data Studio\bin;C:\Users\saraj\AppData\Local\Programs\Python\Python39\Scripts\;C:\Users\saraj\AppData\Local\Programs\Python\Python39\;C:\Users\saraj\AppData\Local\Microsoft\WindowsApps;;C:\Program Files\Azure Data Studio\bin;C:\Users\saraj\AppData\Local\Programs\Microsoft VS Code\bin
USERNAME=saraj
OS=Windows_NT
PROCESSOR_IDENTIFIER=Intel64 Family 6 Model 142 Stepping 12, GenuineIntel



---------------  S Y S T E M  ---------------

OS: Windows 10 , 64 bit Build 18362 (10.0.18362.1316)

CPU:total 8 (initial active 8) (4 cores per cpu, 2 threads per core) family 6 model 142 stepping 12, cmov, cx8, fxsr, mmx, sse, sse2, sse3, ssse3, sse4.1, sse4.2, popcnt, avx, avx2, aes, clmul, erms, 3dnowpref, lzcnt, ht, tsc, tscinvbit, bmi1, bmi2, adx, fma

Memory: 4k page, system-wide physical 16168M (3001M free)
TotalPageFile size 43144M (AvailPageFile size 9M)
current process WorkingSet (physical memory assigned to process): 491M, peak: 492M
current process commit charge ("private bytes"): 572M, peak: 578M

vm_info: OpenJDK 64-Bit Server VM (11.0.2+9) for windows-amd64 JRE (11.0.2+9), built on Jan 18 2019 05:23:22 by "mach5one" with MS VC++ 15.5 (VS2017)

END.
